
===========================================================================
report_checks -unconstrained
===========================================================================
======================= nom_ss_100C_1v60 Corner ===================================

Startpoint: otrip[3] (input port clocked by __VIRTUAL_CLK__)
Endpoint: otrip_decoded[4] (output port clocked by __VIRTUAL_CLK__)
Path Group: __VIRTUAL_CLK__
Path Type: max

Fanout         Cap        Slew       Delay        Time   Description
---------------------------------------------------------------------------------------------
                      0.000000    0.000000    0.000000   clock __VIRTUAL_CLK__ (rise edge)
                                  0.000000    0.000000   clock network delay (ideal)
                                  2.000000    2.000000 v input external delay
     1    0.002816    0.018522    0.009287    2.009287 v otrip[3] (in)
                                                         otrip[3] (net)
                      0.018522    0.000000    2.009287 v input4/A (sky130_fd_sc_hd__clkbuf_1)
     2    0.006736    0.090550    0.171340    2.180627 v input4/X (sky130_fd_sc_hd__clkbuf_1)
                                                         net4 (net)
                      0.090550    0.000107    2.180734 v fanout21/A (sky130_fd_sc_hd__clkbuf_2)
    10    0.030888    0.219003    0.329697    2.510431 v fanout21/X (sky130_fd_sc_hd__clkbuf_2)
                                                         net21 (net)
                      0.219014    0.001324    2.511755 v _04_/A (sky130_fd_sc_hd__nor4b_1)
     1    0.002081    0.372961    0.530775    3.042530 ^ _04_/Y (sky130_fd_sc_hd__nor4b_1)
                                                         net15 (net)
                      0.372961    0.000058    3.042588 ^ output15/A (sky130_fd_sc_hd__buf_2)
     1    0.034394    0.274151    0.474043    3.516630 ^ output15/X (sky130_fd_sc_hd__buf_2)
                                                         otrip_decoded[4] (net)
                      0.274154    0.000748    3.517378 ^ otrip_decoded[4] (out)
                                              3.517378   data arrival time

                      0.000000   10.000000   10.000000   clock __VIRTUAL_CLK__ (rise edge)
                                  0.000000   10.000000   clock network delay (ideal)
                                 -0.250000    9.750000   clock uncertainty
                                  0.000000    9.750000   clock reconvergence pessimism
                                 -2.000000    7.750000   output external delay
                                              7.750000   data required time
---------------------------------------------------------------------------------------------
                                              7.750000   data required time
                                             -3.517378   data arrival time
---------------------------------------------------------------------------------------------
                                              4.232622   slack (MET)




===========================================================================
report_checks --slack_max -0.01
============================================================================
======================= nom_ss_100C_1v60 Corner ===================================

No paths found.


===========================================================================
 report_check_types -max_slew -max_cap -max_fanout -violators
============================================================================
======================= nom_ss_100C_1v60 Corner ===================================



===========================================================================
report_parasitic_annotation -report_unannotated
============================================================================
Found 0 unannotated drivers.
Found 0 partially unannotated drivers.

===========================================================================
max slew violation count 0
max fanout violation count 0
max cap violation count 0
============================================================================

===========================================================================
check_setup -verbose -unconstrained_endpoints -multiple_clock -no_clock -no_input_delay -loops -generated_clocks
===========================================================================
