
===========================================================================
report_checks -path_delay max (Setup)
============================================================================
======================= nom_ss_100C_1v60 Corner ===================================

Startpoint: otrip[3] (input port clocked by __VIRTUAL_CLK__)
Endpoint: otrip_decoded[4] (output port clocked by __VIRTUAL_CLK__)
Path Group: __VIRTUAL_CLK__
Path Type: max

Fanout         Cap        Slew       Delay        Time   Description
---------------------------------------------------------------------------------------------
                      0.000000    0.000000    0.000000   clock __VIRTUAL_CLK__ (rise edge)
                                  0.000000    0.000000   clock network delay (ideal)
                                  2.000000    2.000000 v input external delay
     1    0.002816    0.018522    0.009287    2.009287 v otrip[3] (in)
                                                         otrip[3] (net)
                      0.018522    0.000000    2.009287 v input4/A (sky130_fd_sc_hd__clkbuf_1)
     2    0.006736    0.090550    0.171340    2.180627 v input4/X (sky130_fd_sc_hd__clkbuf_1)
                                                         net4 (net)
                      0.090550    0.000107    2.180734 v fanout21/A (sky130_fd_sc_hd__clkbuf_2)
    10    0.030888    0.219003    0.329697    2.510431 v fanout21/X (sky130_fd_sc_hd__clkbuf_2)
                                                         net21 (net)
                      0.219014    0.001324    2.511755 v _04_/A (sky130_fd_sc_hd__nor4b_1)
     1    0.002081    0.372961    0.530775    3.042530 ^ _04_/Y (sky130_fd_sc_hd__nor4b_1)
                                                         net15 (net)
                      0.372961    0.000058    3.042588 ^ output15/A (sky130_fd_sc_hd__buf_2)
     1    0.034394    0.274151    0.474043    3.516630 ^ output15/X (sky130_fd_sc_hd__buf_2)
                                                         otrip_decoded[4] (net)
                      0.274154    0.000748    3.517378 ^ otrip_decoded[4] (out)
                                              3.517378   data arrival time

                      0.000000   10.000000   10.000000   clock __VIRTUAL_CLK__ (rise edge)
                                  0.000000   10.000000   clock network delay (ideal)
                                 -0.250000    9.750000   clock uncertainty
                                  0.000000    9.750000   clock reconvergence pessimism
                                 -2.000000    7.750000   output external delay
                                              7.750000   data required time
---------------------------------------------------------------------------------------------
                                              7.750000   data required time
                                             -3.517378   data arrival time
---------------------------------------------------------------------------------------------
                                              4.232622   slack (MET)


Startpoint: otrip[3] (input port clocked by __VIRTUAL_CLK__)
Endpoint: otrip_decoded[2] (output port clocked by __VIRTUAL_CLK__)
Path Group: __VIRTUAL_CLK__
Path Type: max

Fanout         Cap        Slew       Delay        Time   Description
---------------------------------------------------------------------------------------------
                      0.000000    0.000000    0.000000   clock __VIRTUAL_CLK__ (rise edge)
                                  0.000000    0.000000   clock network delay (ideal)
                                  2.000000    2.000000 v input external delay
     1    0.002816    0.018522    0.009287    2.009287 v otrip[3] (in)
                                                         otrip[3] (net)
                      0.018522    0.000000    2.009287 v input4/A (sky130_fd_sc_hd__clkbuf_1)
     2    0.006736    0.090550    0.171340    2.180627 v input4/X (sky130_fd_sc_hd__clkbuf_1)
                                                         net4 (net)
                      0.090550    0.000107    2.180734 v fanout21/A (sky130_fd_sc_hd__clkbuf_2)
    10    0.030888    0.219003    0.329697    2.510431 v fanout21/X (sky130_fd_sc_hd__clkbuf_2)
                                                         net21 (net)
                      0.219018    0.001525    2.511956 v _02_/A (sky130_fd_sc_hd__nor4b_1)
     1    0.002031    0.369582    0.528168    3.040125 ^ _02_/Y (sky130_fd_sc_hd__nor4b_1)
                                                         net13 (net)
                      0.369582    0.000058    3.040182 ^ output13/A (sky130_fd_sc_hd__buf_2)
     1    0.034394    0.274136    0.472731    3.512913 ^ output13/X (sky130_fd_sc_hd__buf_2)
                                                         otrip_decoded[2] (net)
                      0.274139    0.000748    3.513661 ^ otrip_decoded[2] (out)
                                              3.513661   data arrival time

                      0.000000   10.000000   10.000000   clock __VIRTUAL_CLK__ (rise edge)
                                  0.000000   10.000000   clock network delay (ideal)
                                 -0.250000    9.750000   clock uncertainty
                                  0.000000    9.750000   clock reconvergence pessimism
                                 -2.000000    7.750000   output external delay
                                              7.750000   data required time
---------------------------------------------------------------------------------------------
                                              7.750000   data required time
                                             -3.513661   data arrival time
---------------------------------------------------------------------------------------------
                                              4.236339   slack (MET)


Startpoint: otrip[3] (input port clocked by __VIRTUAL_CLK__)
Endpoint: otrip_decoded[1] (output port clocked by __VIRTUAL_CLK__)
Path Group: __VIRTUAL_CLK__
Path Type: max

Fanout         Cap        Slew       Delay        Time   Description
---------------------------------------------------------------------------------------------
                      0.000000    0.000000    0.000000   clock __VIRTUAL_CLK__ (rise edge)
                                  0.000000    0.000000   clock network delay (ideal)
                                  2.000000    2.000000 v input external delay
     1    0.002816    0.018522    0.009287    2.009287 v otrip[3] (in)
                                                         otrip[3] (net)
                      0.018522    0.000000    2.009287 v input4/A (sky130_fd_sc_hd__clkbuf_1)
     2    0.006736    0.090550    0.171340    2.180627 v input4/X (sky130_fd_sc_hd__clkbuf_1)
                                                         net4 (net)
                      0.090550    0.000107    2.180734 v fanout21/A (sky130_fd_sc_hd__clkbuf_2)
    10    0.030888    0.219003    0.329697    2.510431 v fanout21/X (sky130_fd_sc_hd__clkbuf_2)
                                                         net21 (net)
                      0.219010    0.001094    2.511524 v _01_/A (sky130_fd_sc_hd__nor4b_1)
     1    0.001985    0.366454    0.525752    3.037276 ^ _01_/Y (sky130_fd_sc_hd__nor4b_1)
                                                         net12 (net)
                      0.366454    0.000056    3.037332 ^ output12/A (sky130_fd_sc_hd__buf_2)
     1    0.034393    0.274113    0.471511    3.508843 ^ output12/X (sky130_fd_sc_hd__buf_2)
                                                         otrip_decoded[1] (net)
                      0.274116    0.000748    3.509590 ^ otrip_decoded[1] (out)
                                              3.509590   data arrival time

                      0.000000   10.000000   10.000000   clock __VIRTUAL_CLK__ (rise edge)
                                  0.000000   10.000000   clock network delay (ideal)
                                 -0.250000    9.750000   clock uncertainty
                                  0.000000    9.750000   clock reconvergence pessimism
                                 -2.000000    7.750000   output external delay
                                              7.750000   data required time
---------------------------------------------------------------------------------------------
                                              7.750000   data required time
                                             -3.509590   data arrival time
---------------------------------------------------------------------------------------------
                                              4.240410   slack (MET)


Startpoint: otrip[3] (input port clocked by __VIRTUAL_CLK__)
Endpoint: otrip_decoded[8] (output port clocked by __VIRTUAL_CLK__)
Path Group: __VIRTUAL_CLK__
Path Type: max

Fanout         Cap        Slew       Delay        Time   Description
---------------------------------------------------------------------------------------------
                      0.000000    0.000000    0.000000   clock __VIRTUAL_CLK__ (rise edge)
                                  0.000000    0.000000   clock network delay (ideal)
                                  2.000000    2.000000 ^ input external delay
     1    0.002945    0.033211    0.016559    2.016559 ^ otrip[3] (in)
                                                         otrip[3] (net)
                      0.033211    0.000000    2.016559 ^ input4/A (sky130_fd_sc_hd__clkbuf_1)
     2    0.007050    0.147755    0.189450    2.206010 ^ input4/X (sky130_fd_sc_hd__clkbuf_1)
                                                         net4 (net)
                      0.147755    0.000133    2.206142 ^ fanout22/A (sky130_fd_sc_hd__buf_1)
     6    0.015982    0.310190    0.354835    2.560977 ^ fanout22/X (sky130_fd_sc_hd__buf_1)
                                                         net22 (net)
                      0.310192    0.000678    2.561655 ^ _08_/D_N (sky130_fd_sc_hd__nor4b_1)
     1    0.002020    0.368865    0.443879    3.005534 ^ _08_/Y (sky130_fd_sc_hd__nor4b_1)
                                                         net19 (net)
                      0.368865    0.000057    3.005591 ^ output19/A (sky130_fd_sc_hd__buf_2)
     1    0.034661    0.276086    0.473939    3.479530 ^ output19/X (sky130_fd_sc_hd__buf_2)
                                                         otrip_decoded[8] (net)
                      0.276088    0.000651    3.480181 ^ otrip_decoded[8] (out)
                                              3.480181   data arrival time

                      0.000000   10.000000   10.000000   clock __VIRTUAL_CLK__ (rise edge)
                                  0.000000   10.000000   clock network delay (ideal)
                                 -0.250000    9.750000   clock uncertainty
                                  0.000000    9.750000   clock reconvergence pessimism
                                 -2.000000    7.750000   output external delay
                                              7.750000   data required time
---------------------------------------------------------------------------------------------
                                              7.750000   data required time
                                             -3.480181   data arrival time
---------------------------------------------------------------------------------------------
                                              4.269818   slack (MET)


Startpoint: otrip[1] (input port clocked by __VIRTUAL_CLK__)
Endpoint: otrip_decoded[12] (output port clocked by __VIRTUAL_CLK__)
Path Group: __VIRTUAL_CLK__
Path Type: max

Fanout         Cap        Slew       Delay        Time   Description
---------------------------------------------------------------------------------------------
                      0.000000    0.000000    0.000000   clock __VIRTUAL_CLK__ (rise edge)
                                  0.000000    0.000000   clock network delay (ideal)
                                  2.000000    2.000000 v input external delay
     1    0.002842    0.018620    0.009368    2.009368 v otrip[1] (in)
                                                         otrip[1] (net)
                      0.018621    0.000000    2.009368 v input2/A (sky130_fd_sc_hd__clkbuf_1)
     2    0.009017    0.114561    0.190139    2.199507 v input2/X (sky130_fd_sc_hd__clkbuf_1)
                                                         net2 (net)
                      0.114561    0.000210    2.199718 v fanout25/A (sky130_fd_sc_hd__clkbuf_2)
    10    0.026155    0.187843    0.318639    2.518357 v fanout25/X (sky130_fd_sc_hd__clkbuf_2)
                                                         net25 (net)
                      0.187845    0.000561    2.518917 v _12_/B_N (sky130_fd_sc_hd__and4bb_1)
     1    0.002862    0.103056    0.589196    3.108114 ^ _12_/X (sky130_fd_sc_hd__and4bb_1)
                                                         net8 (net)
                      0.103056    0.000089    3.108202 ^ output8/A (sky130_fd_sc_hd__buf_2)
     1    0.034175    0.271600    0.358386    3.466589 ^ output8/X (sky130_fd_sc_hd__buf_2)
                                                         otrip_decoded[12] (net)
                      0.271602    0.000707    3.467296 ^ otrip_decoded[12] (out)
                                              3.467296   data arrival time

                      0.000000   10.000000   10.000000   clock __VIRTUAL_CLK__ (rise edge)
                                  0.000000   10.000000   clock network delay (ideal)
                                 -0.250000    9.750000   clock uncertainty
                                  0.000000    9.750000   clock reconvergence pessimism
                                 -2.000000    7.750000   output external delay
                                              7.750000   data required time
---------------------------------------------------------------------------------------------
                                              7.750000   data required time
                                             -3.467296   data arrival time
---------------------------------------------------------------------------------------------
                                              4.282704   slack (MET)


Startpoint: otrip[2] (input port clocked by __VIRTUAL_CLK__)
Endpoint: otrip_decoded[10] (output port clocked by __VIRTUAL_CLK__)
Path Group: __VIRTUAL_CLK__
Path Type: max

Fanout         Cap        Slew       Delay        Time   Description
---------------------------------------------------------------------------------------------
                      0.000000    0.000000    0.000000   clock __VIRTUAL_CLK__ (rise edge)
                                  0.000000    0.000000   clock network delay (ideal)
                                  2.000000    2.000000 v input external delay
     1    0.003045    0.019404    0.010014    2.010014 v otrip[2] (in)
                                                         otrip[2] (net)
                      0.019404    0.000000    2.010014 v input3/A (sky130_fd_sc_hd__clkbuf_1)
     2    0.007018    0.093499    0.174008    2.184022 v input3/X (sky130_fd_sc_hd__clkbuf_1)
                                                         net3 (net)
                      0.093500    0.000190    2.184211 v fanout23/A (sky130_fd_sc_hd__clkbuf_2)
    10    0.029124    0.207421    0.322618    2.506830 v fanout23/X (sky130_fd_sc_hd__clkbuf_2)
                                                         net23 (net)
                      0.207437    0.001536    2.508366 v _10_/B_N (sky130_fd_sc_hd__and4bb_1)
     1    0.002672    0.100571    0.595574    3.103940 ^ _10_/X (sky130_fd_sc_hd__and4bb_1)
                                                         net6 (net)
                      0.100571    0.000077    3.104017 ^ output6/A (sky130_fd_sc_hd__buf_2)
     1    0.034091    0.270957    0.356808    3.460825 ^ output6/X (sky130_fd_sc_hd__buf_2)
                                                         otrip_decoded[10] (net)
                      0.270959    0.000656    3.461481 ^ otrip_decoded[10] (out)
                                              3.461481   data arrival time

                      0.000000   10.000000   10.000000   clock __VIRTUAL_CLK__ (rise edge)
                                  0.000000   10.000000   clock network delay (ideal)
                                 -0.250000    9.750000   clock uncertainty
                                  0.000000    9.750000   clock reconvergence pessimism
                                 -2.000000    7.750000   output external delay
                                              7.750000   data required time
---------------------------------------------------------------------------------------------
                                              7.750000   data required time
                                             -3.461481   data arrival time
---------------------------------------------------------------------------------------------
                                              4.288519   slack (MET)


Startpoint: otrip[2] (input port clocked by __VIRTUAL_CLK__)
Endpoint: otrip_decoded[3] (output port clocked by __VIRTUAL_CLK__)
Path Group: __VIRTUAL_CLK__
Path Type: max

Fanout         Cap        Slew       Delay        Time   Description
---------------------------------------------------------------------------------------------
                      0.000000    0.000000    0.000000   clock __VIRTUAL_CLK__ (rise edge)
                                  0.000000    0.000000   clock network delay (ideal)
                                  2.000000    2.000000 v input external delay
     1    0.003045    0.019404    0.010014    2.010014 v otrip[2] (in)
                                                         otrip[2] (net)
                      0.019404    0.000000    2.010014 v input3/A (sky130_fd_sc_hd__clkbuf_1)
     2    0.007018    0.093499    0.174008    2.184022 v input3/X (sky130_fd_sc_hd__clkbuf_1)
                                                         net3 (net)
                      0.093500    0.000190    2.184211 v fanout23/A (sky130_fd_sc_hd__clkbuf_2)
    10    0.029124    0.207421    0.322618    2.506830 v fanout23/X (sky130_fd_sc_hd__clkbuf_2)
                                                         net23 (net)
                      0.207435    0.001432    2.508261 v _03_/B_N (sky130_fd_sc_hd__and4bb_1)
     1    0.002655    0.100355    0.595286    3.103548 ^ _03_/X (sky130_fd_sc_hd__and4bb_1)
                                                         net14 (net)
                      0.100355    0.000074    3.103622 ^ output14/A (sky130_fd_sc_hd__buf_2)
     1    0.034124    0.271208    0.356879    3.460501 ^ output14/X (sky130_fd_sc_hd__buf_2)
                                                         otrip_decoded[3] (net)
                      0.271210    0.000665    3.461166 ^ otrip_decoded[3] (out)
                                              3.461166   data arrival time

                      0.000000   10.000000   10.000000   clock __VIRTUAL_CLK__ (rise edge)
                                  0.000000   10.000000   clock network delay (ideal)
                                 -0.250000    9.750000   clock uncertainty
                                  0.000000    9.750000   clock reconvergence pessimism
                                 -2.000000    7.750000   output external delay
                                              7.750000   data required time
---------------------------------------------------------------------------------------------
                                              7.750000   data required time
                                             -3.461166   data arrival time
---------------------------------------------------------------------------------------------
                                              4.288834   slack (MET)


Startpoint: otrip[2] (input port clocked by __VIRTUAL_CLK__)
Endpoint: otrip_decoded[9] (output port clocked by __VIRTUAL_CLK__)
Path Group: __VIRTUAL_CLK__
Path Type: max

Fanout         Cap        Slew       Delay        Time   Description
---------------------------------------------------------------------------------------------
                      0.000000    0.000000    0.000000   clock __VIRTUAL_CLK__ (rise edge)
                                  0.000000    0.000000   clock network delay (ideal)
                                  2.000000    2.000000 v input external delay
     1    0.003045    0.019404    0.010014    2.010014 v otrip[2] (in)
                                                         otrip[2] (net)
                      0.019404    0.000000    2.010014 v input3/A (sky130_fd_sc_hd__clkbuf_1)
     2    0.007018    0.093499    0.174008    2.184022 v input3/X (sky130_fd_sc_hd__clkbuf_1)
                                                         net3 (net)
                      0.093500    0.000190    2.184211 v fanout23/A (sky130_fd_sc_hd__clkbuf_2)
    10    0.029124    0.207421    0.322618    2.506830 v fanout23/X (sky130_fd_sc_hd__clkbuf_2)
                                                         net23 (net)
                      0.207423    0.000606    2.507435 v _09_/B_N (sky130_fd_sc_hd__and4bb_1)
     1    0.002482    0.098270    0.592278    3.099714 ^ _09_/X (sky130_fd_sc_hd__and4bb_1)
                                                         net20 (net)
                      0.098270    0.000071    3.099785 ^ output20/A (sky130_fd_sc_hd__buf_2)
     1    0.034241    0.272088    0.356473    3.456258 ^ output20/X (sky130_fd_sc_hd__buf_2)
                                                         otrip_decoded[9] (net)
                      0.272091    0.000736    3.456994 ^ otrip_decoded[9] (out)
                                              3.456994   data arrival time

                      0.000000   10.000000   10.000000   clock __VIRTUAL_CLK__ (rise edge)
                                  0.000000   10.000000   clock network delay (ideal)
                                 -0.250000    9.750000   clock uncertainty
                                  0.000000    9.750000   clock reconvergence pessimism
                                 -2.000000    7.750000   output external delay
                                              7.750000   data required time
---------------------------------------------------------------------------------------------
                                              7.750000   data required time
                                             -3.456994   data arrival time
---------------------------------------------------------------------------------------------
                                              4.293006   slack (MET)


Startpoint: otrip[0] (input port clocked by __VIRTUAL_CLK__)
Endpoint: otrip_decoded[6] (output port clocked by __VIRTUAL_CLK__)
Path Group: __VIRTUAL_CLK__
Path Type: max

Fanout         Cap        Slew       Delay        Time   Description
---------------------------------------------------------------------------------------------
                      0.000000    0.000000    0.000000   clock __VIRTUAL_CLK__ (rise edge)
                                  0.000000    0.000000   clock network delay (ideal)
                                  2.000000    2.000000 v input external delay
     1    0.003066    0.019482    0.010075    2.010075 v otrip[0] (in)
                                                         otrip[0] (net)
                      0.019482    0.000000    2.010075 v input1/A (sky130_fd_sc_hd__clkbuf_1)
     2    0.006196    0.084921    0.167265    2.177340 v input1/X (sky130_fd_sc_hd__clkbuf_1)
                                                         net1 (net)
                      0.084921    0.000161    2.177502 v fanout27/A (sky130_fd_sc_hd__clkbuf_2)
    10    0.030721    0.217727    0.326719    2.504220 v fanout27/X (sky130_fd_sc_hd__clkbuf_2)
                                                         net27 (net)
                      0.217731    0.000734    2.504954 v _06_/B_N (sky130_fd_sc_hd__and4bb_1)
     1    0.002305    0.095830    0.594288    3.099242 ^ _06_/X (sky130_fd_sc_hd__and4bb_1)
                                                         net17 (net)
                      0.095830    0.000064    3.099306 ^ output17/A (sky130_fd_sc_hd__buf_2)
     1    0.034440    0.273565    0.356360    3.455666 ^ output17/X (sky130_fd_sc_hd__buf_2)
                                                         otrip_decoded[6] (net)
                      0.273568    0.000768    3.456434 ^ otrip_decoded[6] (out)
                                              3.456434   data arrival time

                      0.000000   10.000000   10.000000   clock __VIRTUAL_CLK__ (rise edge)
                                  0.000000   10.000000   clock network delay (ideal)
                                 -0.250000    9.750000   clock uncertainty
                                  0.000000    9.750000   clock reconvergence pessimism
                                 -2.000000    7.750000   output external delay
                                              7.750000   data required time
---------------------------------------------------------------------------------------------
                                              7.750000   data required time
                                             -3.456434   data arrival time
---------------------------------------------------------------------------------------------
                                              4.293566   slack (MET)


Startpoint: otrip[3] (input port clocked by __VIRTUAL_CLK__)
Endpoint: otrip_decoded[0] (output port clocked by __VIRTUAL_CLK__)
Path Group: __VIRTUAL_CLK__
Path Type: max

Fanout         Cap        Slew       Delay        Time   Description
---------------------------------------------------------------------------------------------
                      0.000000    0.000000    0.000000   clock __VIRTUAL_CLK__ (rise edge)
                                  0.000000    0.000000   clock network delay (ideal)
                                  2.000000    2.000000 v input external delay
     1    0.002816    0.018522    0.009287    2.009287 v otrip[3] (in)
                                                         otrip[3] (net)
                      0.018522    0.000000    2.009287 v input4/A (sky130_fd_sc_hd__clkbuf_1)
     2    0.006736    0.090550    0.171340    2.180627 v input4/X (sky130_fd_sc_hd__clkbuf_1)
                                                         net4 (net)
                      0.090550    0.000107    2.180734 v fanout21/A (sky130_fd_sc_hd__clkbuf_2)
    10    0.030888    0.219003    0.329697    2.510431 v fanout21/X (sky130_fd_sc_hd__clkbuf_2)
                                                         net21 (net)
                      0.219005    0.000644    2.511075 v _00_/A (sky130_fd_sc_hd__nor4_1)
     1    0.001925    0.330281    0.483122    2.994197 ^ _00_/Y (sky130_fd_sc_hd__nor4_1)
                                                         net5 (net)
                      0.330281    0.000037    2.994234 ^ output5/A (sky130_fd_sc_hd__buf_2)
     1    0.034898    0.277663    0.460220    3.454454 ^ output5/X (sky130_fd_sc_hd__buf_2)
                                                         otrip_decoded[0] (net)
                      0.277665    0.000654    3.455108 ^ otrip_decoded[0] (out)
                                              3.455108   data arrival time

                      0.000000   10.000000   10.000000   clock __VIRTUAL_CLK__ (rise edge)
                                  0.000000   10.000000   clock network delay (ideal)
                                 -0.250000    9.750000   clock uncertainty
                                  0.000000    9.750000   clock reconvergence pessimism
                                 -2.000000    7.750000   output external delay
                                              7.750000   data required time
---------------------------------------------------------------------------------------------
                                              7.750000   data required time
                                             -3.455108   data arrival time
---------------------------------------------------------------------------------------------
                                              4.294892   slack (MET)


Startpoint: otrip[1] (input port clocked by __VIRTUAL_CLK__)
Endpoint: otrip_decoded[5] (output port clocked by __VIRTUAL_CLK__)
Path Group: __VIRTUAL_CLK__
Path Type: max

Fanout         Cap        Slew       Delay        Time   Description
---------------------------------------------------------------------------------------------
                      0.000000    0.000000    0.000000   clock __VIRTUAL_CLK__ (rise edge)
                                  0.000000    0.000000   clock network delay (ideal)
                                  2.000000    2.000000 v input external delay
     1    0.002842    0.018620    0.009368    2.009368 v otrip[1] (in)
                                                         otrip[1] (net)
                      0.018621    0.000000    2.009368 v input2/A (sky130_fd_sc_hd__clkbuf_1)
     2    0.009017    0.114561    0.190139    2.199507 v input2/X (sky130_fd_sc_hd__clkbuf_1)
                                                         net2 (net)
                      0.114561    0.000210    2.199718 v fanout25/A (sky130_fd_sc_hd__clkbuf_2)
    10    0.026155    0.187843    0.318639    2.518357 v fanout25/X (sky130_fd_sc_hd__clkbuf_2)
                                                         net25 (net)
                      0.187846    0.000677    2.519034 v _05_/B_N (sky130_fd_sc_hd__and4bb_1)
     1    0.001977    0.091635    0.573880    3.092914 ^ _05_/X (sky130_fd_sc_hd__and4bb_1)
                                                         net16 (net)
                      0.091635    0.000055    3.092969 ^ output16/A (sky130_fd_sc_hd__buf_2)
     1    0.034008    0.270330    0.352154    3.445122 ^ output16/X (sky130_fd_sc_hd__buf_2)
                                                         otrip_decoded[5] (net)
                      0.270332    0.000687    3.445809 ^ otrip_decoded[5] (out)
                                              3.445809   data arrival time

                      0.000000   10.000000   10.000000   clock __VIRTUAL_CLK__ (rise edge)
                                  0.000000   10.000000   clock network delay (ideal)
                                 -0.250000    9.750000   clock uncertainty
                                  0.000000    9.750000   clock reconvergence pessimism
                                 -2.000000    7.750000   output external delay
                                              7.750000   data required time
---------------------------------------------------------------------------------------------
                                              7.750000   data required time
                                             -3.445809   data arrival time
---------------------------------------------------------------------------------------------
                                              4.304191   slack (MET)


Startpoint: otrip[3] (input port clocked by __VIRTUAL_CLK__)
Endpoint: otrip_decoded[7] (output port clocked by __VIRTUAL_CLK__)
Path Group: __VIRTUAL_CLK__
Path Type: max

Fanout         Cap        Slew       Delay        Time   Description
---------------------------------------------------------------------------------------------
                      0.000000    0.000000    0.000000   clock __VIRTUAL_CLK__ (rise edge)
                                  0.000000    0.000000   clock network delay (ideal)
                                  2.000000    2.000000 v input external delay
     1    0.002816    0.018522    0.009287    2.009287 v otrip[3] (in)
                                                         otrip[3] (net)
                      0.018522    0.000000    2.009287 v input4/A (sky130_fd_sc_hd__clkbuf_1)
     2    0.006736    0.090550    0.171340    2.180627 v input4/X (sky130_fd_sc_hd__clkbuf_1)
                                                         net4 (net)
                      0.090550    0.000107    2.180734 v fanout21/A (sky130_fd_sc_hd__clkbuf_2)
    10    0.030888    0.219003    0.329697    2.510431 v fanout21/X (sky130_fd_sc_hd__clkbuf_2)
                                                         net21 (net)
                      0.219007    0.000862    2.511293 v _07_/A_N (sky130_fd_sc_hd__and4b_1)
     1    0.002726    0.100367    0.556509    3.067802 ^ _07_/X (sky130_fd_sc_hd__and4b_1)
                                                         net18 (net)
                      0.100367    0.000082    3.067884 ^ output18/A (sky130_fd_sc_hd__buf_2)
     1    0.033937    0.269809    0.355926    3.423810 ^ output18/X (sky130_fd_sc_hd__buf_2)
                                                         otrip_decoded[7] (net)
                      0.269811    0.000615    3.424425 ^ otrip_decoded[7] (out)
                                              3.424425   data arrival time

                      0.000000   10.000000   10.000000   clock __VIRTUAL_CLK__ (rise edge)
                                  0.000000   10.000000   clock network delay (ideal)
                                 -0.250000    9.750000   clock uncertainty
                                  0.000000    9.750000   clock reconvergence pessimism
                                 -2.000000    7.750000   output external delay
                                              7.750000   data required time
---------------------------------------------------------------------------------------------
                                              7.750000   data required time
                                             -3.424425   data arrival time
---------------------------------------------------------------------------------------------
                                              4.325575   slack (MET)


Startpoint: otrip[3] (input port clocked by __VIRTUAL_CLK__)
Endpoint: otrip_decoded[14] (output port clocked by __VIRTUAL_CLK__)
Path Group: __VIRTUAL_CLK__
Path Type: max

Fanout         Cap        Slew       Delay        Time   Description
---------------------------------------------------------------------------------------------
                      0.000000    0.000000    0.000000   clock __VIRTUAL_CLK__ (rise edge)
                                  0.000000    0.000000   clock network delay (ideal)
                                  2.000000    2.000000 ^ input external delay
     1    0.002945    0.033211    0.016559    2.016559 ^ otrip[3] (in)
                                                         otrip[3] (net)
                      0.033211    0.000000    2.016559 ^ input4/A (sky130_fd_sc_hd__clkbuf_1)
     2    0.007050    0.147755    0.189450    2.206010 ^ input4/X (sky130_fd_sc_hd__clkbuf_1)
                                                         net4 (net)
                      0.147755    0.000133    2.206142 ^ fanout22/A (sky130_fd_sc_hd__buf_1)
     6    0.015982    0.310190    0.354835    2.560977 ^ fanout22/X (sky130_fd_sc_hd__buf_1)
                                                         net22 (net)
                      0.310192    0.000679    2.561656 ^ _14_/D (sky130_fd_sc_hd__and4b_1)
     1    0.002611    0.099016    0.468302    3.029958 ^ _14_/X (sky130_fd_sc_hd__and4b_1)
                                                         net10 (net)
                      0.099016    0.000079    3.030036 ^ output10/A (sky130_fd_sc_hd__buf_2)
     1    0.034082    0.270891    0.356032    3.386069 ^ output10/X (sky130_fd_sc_hd__buf_2)
                                                         otrip_decoded[14] (net)
                      0.270893    0.000657    3.386725 ^ otrip_decoded[14] (out)
                                              3.386725   data arrival time

                      0.000000   10.000000   10.000000   clock __VIRTUAL_CLK__ (rise edge)
                                  0.000000   10.000000   clock network delay (ideal)
                                 -0.250000    9.750000   clock uncertainty
                                  0.000000    9.750000   clock reconvergence pessimism
                                 -2.000000    7.750000   output external delay
                                              7.750000   data required time
---------------------------------------------------------------------------------------------
                                              7.750000   data required time
                                             -3.386725   data arrival time
---------------------------------------------------------------------------------------------
                                              4.363274   slack (MET)


Startpoint: otrip[0] (input port clocked by __VIRTUAL_CLK__)
Endpoint: otrip_decoded[13] (output port clocked by __VIRTUAL_CLK__)
Path Group: __VIRTUAL_CLK__
Path Type: max

Fanout         Cap        Slew       Delay        Time   Description
---------------------------------------------------------------------------------------------
                      0.000000    0.000000    0.000000   clock __VIRTUAL_CLK__ (rise edge)
                                  0.000000    0.000000   clock network delay (ideal)
                                  2.000000    2.000000 ^ input external delay
     1    0.003195    0.034875    0.017878    2.017878 ^ otrip[0] (in)
                                                         otrip[0] (net)
                      0.034875    0.000000    2.017878 ^ input1/A (sky130_fd_sc_hd__clkbuf_1)
     2    0.006510    0.138041    0.183191    2.201069 ^ input1/X (sky130_fd_sc_hd__clkbuf_1)
                                                         net1 (net)
                      0.138042    0.000155    2.201224 ^ fanout28/A (sky130_fd_sc_hd__buf_1)
     6    0.016567    0.320959    0.358587    2.559811 ^ fanout28/X (sky130_fd_sc_hd__buf_1)
                                                         net28 (net)
                      0.320960    0.000498    2.560309 ^ _13_/D (sky130_fd_sc_hd__and4b_1)
     1    0.002179    0.093430    0.463706    3.024015 ^ _13_/X (sky130_fd_sc_hd__and4b_1)
                                                         net9 (net)
                      0.093430    0.000062    3.024077 ^ output9/A (sky130_fd_sc_hd__buf_2)
     1    0.034727    0.275672    0.356823    3.380901 ^ output9/X (sky130_fd_sc_hd__buf_2)
                                                         otrip_decoded[13] (net)
                      0.275674    0.000674    3.381575 ^ otrip_decoded[13] (out)
                                              3.381575   data arrival time

                      0.000000   10.000000   10.000000   clock __VIRTUAL_CLK__ (rise edge)
                                  0.000000   10.000000   clock network delay (ideal)
                                 -0.250000    9.750000   clock uncertainty
                                  0.000000    9.750000   clock reconvergence pessimism
                                 -2.000000    7.750000   output external delay
                                              7.750000   data required time
---------------------------------------------------------------------------------------------
                                              7.750000   data required time
                                             -3.381575   data arrival time
---------------------------------------------------------------------------------------------
                                              4.368425   slack (MET)


Startpoint: otrip[3] (input port clocked by __VIRTUAL_CLK__)
Endpoint: otrip_decoded[11] (output port clocked by __VIRTUAL_CLK__)
Path Group: __VIRTUAL_CLK__
Path Type: max

Fanout         Cap        Slew       Delay        Time   Description
---------------------------------------------------------------------------------------------
                      0.000000    0.000000    0.000000   clock __VIRTUAL_CLK__ (rise edge)
                                  0.000000    0.000000   clock network delay (ideal)
                                  2.000000    2.000000 ^ input external delay
     1    0.002945    0.033211    0.016559    2.016559 ^ otrip[3] (in)
                                                         otrip[3] (net)
                      0.033211    0.000000    2.016559 ^ input4/A (sky130_fd_sc_hd__clkbuf_1)
     2    0.007050    0.147755    0.189450    2.206010 ^ input4/X (sky130_fd_sc_hd__clkbuf_1)
                                                         net4 (net)
                      0.147755    0.000133    2.206142 ^ fanout22/A (sky130_fd_sc_hd__buf_1)
     6    0.015982    0.310190    0.354835    2.560977 ^ fanout22/X (sky130_fd_sc_hd__buf_1)
                                                         net22 (net)
                      0.310192    0.000639    2.561616 ^ _11_/D (sky130_fd_sc_hd__and4b_1)
     1    0.001917    0.089974    0.456281    3.017896 ^ _11_/X (sky130_fd_sc_hd__and4b_1)
                                                         net7 (net)
                      0.089974    0.000037    3.017934 ^ output7/A (sky130_fd_sc_hd__buf_2)
     1    0.034995    0.277655    0.356613    3.374546 ^ output7/X (sky130_fd_sc_hd__buf_2)
                                                         otrip_decoded[11] (net)
                      0.277657    0.000691    3.375237 ^ otrip_decoded[11] (out)
                                              3.375237   data arrival time

                      0.000000   10.000000   10.000000   clock __VIRTUAL_CLK__ (rise edge)
                                  0.000000   10.000000   clock network delay (ideal)
                                 -0.250000    9.750000   clock uncertainty
                                  0.000000    9.750000   clock reconvergence pessimism
                                 -2.000000    7.750000   output external delay
                                              7.750000   data required time
---------------------------------------------------------------------------------------------
                                              7.750000   data required time
                                             -3.375237   data arrival time
---------------------------------------------------------------------------------------------
                                              4.374763   slack (MET)


Startpoint: otrip[1] (input port clocked by __VIRTUAL_CLK__)
Endpoint: otrip_decoded[15] (output port clocked by __VIRTUAL_CLK__)
Path Group: __VIRTUAL_CLK__
Path Type: max

Fanout         Cap        Slew       Delay        Time   Description
---------------------------------------------------------------------------------------------
                      0.000000    0.000000    0.000000   clock __VIRTUAL_CLK__ (rise edge)
                                  0.000000    0.000000   clock network delay (ideal)
                                  2.000000    2.000000 ^ input external delay
     1    0.002971    0.033382    0.016695    2.016695 ^ otrip[1] (in)
                                                         otrip[1] (net)
                      0.033382    0.000000    2.016695 ^ input2/A (sky130_fd_sc_hd__clkbuf_1)
     2    0.009331    0.188973    0.218968    2.235663 ^ input2/X (sky130_fd_sc_hd__clkbuf_1)
                                                         net2 (net)
                      0.188974    0.000291    2.235954 ^ fanout26/A (sky130_fd_sc_hd__buf_1)
     6    0.013869    0.271343    0.344501    2.580455 ^ fanout26/X (sky130_fd_sc_hd__buf_1)
                                                         net26 (net)
                      0.271343    0.000166    2.580621 ^ _15_/C (sky130_fd_sc_hd__and4_1)
     1    0.002330    0.094686    0.434612    3.015232 ^ _15_/X (sky130_fd_sc_hd__and4_1)
                                                         net11 (net)
                      0.094686    0.000068    3.015301 ^ output11/A (sky130_fd_sc_hd__buf_2)
     1    0.034839    0.276505    0.357989    3.373289 ^ output11/X (sky130_fd_sc_hd__buf_2)
                                                         otrip_decoded[15] (net)
                      0.276507    0.000696    3.373985 ^ otrip_decoded[15] (out)
                                              3.373985   data arrival time

                      0.000000   10.000000   10.000000   clock __VIRTUAL_CLK__ (rise edge)
                                  0.000000   10.000000   clock network delay (ideal)
                                 -0.250000    9.750000   clock uncertainty
                                  0.000000    9.750000   clock reconvergence pessimism
                                 -2.000000    7.750000   output external delay
                                              7.750000   data required time
---------------------------------------------------------------------------------------------
                                              7.750000   data required time
                                             -3.373985   data arrival time
---------------------------------------------------------------------------------------------
                                              4.376015   slack (MET)



