
===========================================================================
report_checks -path_delay min (Hold)
============================================================================
======================= nom_ss_100C_1v60 Corner ===================================

Startpoint: otrip[2] (input port clocked by __VIRTUAL_CLK__)
Endpoint: otrip_decoded[8] (output port clocked by __VIRTUAL_CLK__)
Path Group: __VIRTUAL_CLK__
Path Type: min

Fanout         Cap        Slew       Delay        Time   Description
---------------------------------------------------------------------------------------------
                      0.000000    0.000000    0.000000   clock __VIRTUAL_CLK__ (rise edge)
                                  0.000000    0.000000   clock network delay (ideal)
                                  2.000000    2.000000 ^ input external delay
     1    0.003174    0.034740    0.017775    2.017775 ^ otrip[2] (in)
                                                         otrip[2] (net)
                      0.034740    0.000000    2.017775 ^ input3/A (sky130_fd_sc_hd__clkbuf_1)
     2    0.007332    0.152843    0.193758    2.211532 ^ input3/X (sky130_fd_sc_hd__clkbuf_1)
                                                         net3 (net)
                      0.152844    0.000212    2.211744 ^ fanout24/A (sky130_fd_sc_hd__buf_1)
     6    0.013774    0.269861    0.328327    2.540071 ^ fanout24/X (sky130_fd_sc_hd__buf_1)
                                                         net24 (net)
                      0.269862    0.000395    2.540466 ^ _08_/C (sky130_fd_sc_hd__nor4b_1)
     1    0.001892    0.067627    0.153322    2.693788 v _08_/Y (sky130_fd_sc_hd__nor4b_1)
                                                         net19 (net)
                      0.067627    0.000053    2.693841 v output19/A (sky130_fd_sc_hd__buf_2)
     1    0.034661    0.167521    0.344750    3.038591 v output19/X (sky130_fd_sc_hd__buf_2)
                                                         otrip_decoded[8] (net)
                      0.167525    0.000651    3.039243 v otrip_decoded[8] (out)
                                              3.039243   data arrival time

                      0.000000    0.000000    0.000000   clock __VIRTUAL_CLK__ (rise edge)
                                  0.000000    0.000000   clock network delay (ideal)
                                  0.250000    0.250000   clock uncertainty
                                  0.000000    0.250000   clock reconvergence pessimism
                                 -2.000000   -1.750000   output external delay
                                             -1.750000   data required time
---------------------------------------------------------------------------------------------
                                             -1.750000   data required time
                                             -3.039243   data arrival time
---------------------------------------------------------------------------------------------
                                              4.789243   slack (MET)


Startpoint: otrip[2] (input port clocked by __VIRTUAL_CLK__)
Endpoint: otrip_decoded[0] (output port clocked by __VIRTUAL_CLK__)
Path Group: __VIRTUAL_CLK__
Path Type: min

Fanout         Cap        Slew       Delay        Time   Description
---------------------------------------------------------------------------------------------
                      0.000000    0.000000    0.000000   clock __VIRTUAL_CLK__ (rise edge)
                                  0.000000    0.000000   clock network delay (ideal)
                                  2.000000    2.000000 ^ input external delay
     1    0.003174    0.034740    0.017775    2.017775 ^ otrip[2] (in)
                                                         otrip[2] (net)
                      0.034740    0.000000    2.017775 ^ input3/A (sky130_fd_sc_hd__clkbuf_1)
     2    0.007332    0.152843    0.193758    2.211532 ^ input3/X (sky130_fd_sc_hd__clkbuf_1)
                                                         net3 (net)
                      0.152844    0.000200    2.211733 ^ fanout23/A (sky130_fd_sc_hd__clkbuf_2)
    10    0.030464    0.263973    0.369124    2.580857 ^ fanout23/X (sky130_fd_sc_hd__clkbuf_2)
                                                         net23 (net)
                      0.263973    0.000373    2.581229 ^ _00_/D (sky130_fd_sc_hd__nor4_1)
     1    0.001797    0.067692    0.138271    2.719501 v _00_/Y (sky130_fd_sc_hd__nor4_1)
                                                         net5 (net)
                      0.067692    0.000035    2.719535 v output5/A (sky130_fd_sc_hd__buf_2)
     1    0.034898    0.168458    0.345536    3.065071 v output5/X (sky130_fd_sc_hd__buf_2)
                                                         otrip_decoded[0] (net)
                      0.168462    0.000654    3.065725 v otrip_decoded[0] (out)
                                              3.065725   data arrival time

                      0.000000    0.000000    0.000000   clock __VIRTUAL_CLK__ (rise edge)
                                  0.000000    0.000000   clock network delay (ideal)
                                  0.250000    0.250000   clock uncertainty
                                  0.000000    0.250000   clock reconvergence pessimism
                                 -2.000000   -1.750000   output external delay
                                             -1.750000   data required time
---------------------------------------------------------------------------------------------
                                             -1.750000   data required time
                                             -3.065725   data arrival time
---------------------------------------------------------------------------------------------
                                              4.815725   slack (MET)


Startpoint: otrip[2] (input port clocked by __VIRTUAL_CLK__)
Endpoint: otrip_decoded[1] (output port clocked by __VIRTUAL_CLK__)
Path Group: __VIRTUAL_CLK__
Path Type: min

Fanout         Cap        Slew       Delay        Time   Description
---------------------------------------------------------------------------------------------
                      0.000000    0.000000    0.000000   clock __VIRTUAL_CLK__ (rise edge)
                                  0.000000    0.000000   clock network delay (ideal)
                                  2.000000    2.000000 ^ input external delay
     1    0.003174    0.034740    0.017775    2.017775 ^ otrip[2] (in)
                                                         otrip[2] (net)
                      0.034740    0.000000    2.017775 ^ input3/A (sky130_fd_sc_hd__clkbuf_1)
     2    0.007332    0.152843    0.193758    2.211532 ^ input3/X (sky130_fd_sc_hd__clkbuf_1)
                                                         net3 (net)
                      0.152844    0.000200    2.211733 ^ fanout23/A (sky130_fd_sc_hd__clkbuf_2)
    10    0.030464    0.263973    0.369124    2.580857 ^ fanout23/X (sky130_fd_sc_hd__clkbuf_2)
                                                         net23 (net)
                      0.263978    0.001025    2.581882 ^ _01_/C (sky130_fd_sc_hd__nor4b_1)
     1    0.001857    0.067406    0.151413    2.733295 v _01_/Y (sky130_fd_sc_hd__nor4b_1)
                                                         net12 (net)
                      0.067406    0.000052    2.733347 v output12/A (sky130_fd_sc_hd__buf_2)
     1    0.034393    0.166489    0.343725    3.077072 v output12/X (sky130_fd_sc_hd__buf_2)
                                                         otrip_decoded[1] (net)
                      0.166494    0.000748    3.077820 v otrip_decoded[1] (out)
                                              3.077820   data arrival time

                      0.000000    0.000000    0.000000   clock __VIRTUAL_CLK__ (rise edge)
                                  0.000000    0.000000   clock network delay (ideal)
                                  0.250000    0.250000   clock uncertainty
                                  0.000000    0.250000   clock reconvergence pessimism
                                 -2.000000   -1.750000   output external delay
                                             -1.750000   data required time
---------------------------------------------------------------------------------------------
                                             -1.750000   data required time
                                             -3.077820   data arrival time
---------------------------------------------------------------------------------------------
                                              4.827820   slack (MET)


Startpoint: otrip[2] (input port clocked by __VIRTUAL_CLK__)
Endpoint: otrip_decoded[2] (output port clocked by __VIRTUAL_CLK__)
Path Group: __VIRTUAL_CLK__
Path Type: min

Fanout         Cap        Slew       Delay        Time   Description
---------------------------------------------------------------------------------------------
                      0.000000    0.000000    0.000000   clock __VIRTUAL_CLK__ (rise edge)
                                  0.000000    0.000000   clock network delay (ideal)
                                  2.000000    2.000000 ^ input external delay
     1    0.003174    0.034740    0.017775    2.017775 ^ otrip[2] (in)
                                                         otrip[2] (net)
                      0.034740    0.000000    2.017775 ^ input3/A (sky130_fd_sc_hd__clkbuf_1)
     2    0.007332    0.152843    0.193758    2.211532 ^ input3/X (sky130_fd_sc_hd__clkbuf_1)
                                                         net3 (net)
                      0.152844    0.000200    2.211733 ^ fanout23/A (sky130_fd_sc_hd__clkbuf_2)
    10    0.030464    0.263973    0.369124    2.580857 ^ fanout23/X (sky130_fd_sc_hd__clkbuf_2)
                                                         net23 (net)
                      0.263982    0.001338    2.582195 ^ _02_/C (sky130_fd_sc_hd__nor4b_1)
     1    0.001903    0.067718    0.151865    2.734060 v _02_/Y (sky130_fd_sc_hd__nor4b_1)
                                                         net13 (net)
                      0.067718    0.000054    2.734114 v output13/A (sky130_fd_sc_hd__buf_2)
     1    0.034394    0.166493    0.343872    3.077985 v output13/X (sky130_fd_sc_hd__buf_2)
                                                         otrip_decoded[2] (net)
                      0.166497    0.000748    3.078733 v otrip_decoded[2] (out)
                                              3.078733   data arrival time

                      0.000000    0.000000    0.000000   clock __VIRTUAL_CLK__ (rise edge)
                                  0.000000    0.000000   clock network delay (ideal)
                                  0.250000    0.250000   clock uncertainty
                                  0.000000    0.250000   clock reconvergence pessimism
                                 -2.000000   -1.750000   output external delay
                                             -1.750000   data required time
---------------------------------------------------------------------------------------------
                                             -1.750000   data required time
                                             -3.078733   data arrival time
---------------------------------------------------------------------------------------------
                                              4.828733   slack (MET)


Startpoint: otrip[0] (input port clocked by __VIRTUAL_CLK__)
Endpoint: otrip_decoded[4] (output port clocked by __VIRTUAL_CLK__)
Path Group: __VIRTUAL_CLK__
Path Type: min

Fanout         Cap        Slew       Delay        Time   Description
---------------------------------------------------------------------------------------------
                      0.000000    0.000000    0.000000   clock __VIRTUAL_CLK__ (rise edge)
                                  0.000000    0.000000   clock network delay (ideal)
                                  2.000000    2.000000 ^ input external delay
     1    0.003195    0.034875    0.017878    2.017878 ^ otrip[0] (in)
                                                         otrip[0] (net)
                      0.034875    0.000000    2.017878 ^ input1/A (sky130_fd_sc_hd__clkbuf_1)
     2    0.006510    0.138041    0.183191    2.201069 ^ input1/X (sky130_fd_sc_hd__clkbuf_1)
                                                         net1 (net)
                      0.138042    0.000170    2.201240 ^ fanout27/A (sky130_fd_sc_hd__clkbuf_2)
    10    0.031982    0.276145    0.371315    2.572555 ^ fanout27/X (sky130_fd_sc_hd__clkbuf_2)
                                                         net27 (net)
                      0.276146    0.000468    2.573023 ^ _04_/B (sky130_fd_sc_hd__nor4b_1)
     1    0.001953    0.068133    0.162939    2.735961 v _04_/Y (sky130_fd_sc_hd__nor4b_1)
                                                         net15 (net)
                      0.068133    0.000054    2.736016 v output15/A (sky130_fd_sc_hd__buf_2)
     1    0.034394    0.166490    0.344062    3.080078 v output15/X (sky130_fd_sc_hd__buf_2)
                                                         otrip_decoded[4] (net)
                      0.166495    0.000748    3.080826 v otrip_decoded[4] (out)
                                              3.080826   data arrival time

                      0.000000    0.000000    0.000000   clock __VIRTUAL_CLK__ (rise edge)
                                  0.000000    0.000000   clock network delay (ideal)
                                  0.250000    0.250000   clock uncertainty
                                  0.000000    0.250000   clock reconvergence pessimism
                                 -2.000000   -1.750000   output external delay
                                             -1.750000   data required time
---------------------------------------------------------------------------------------------
                                             -1.750000   data required time
                                             -3.080826   data arrival time
---------------------------------------------------------------------------------------------
                                              4.830826   slack (MET)


Startpoint: otrip[3] (input port clocked by __VIRTUAL_CLK__)
Endpoint: otrip_decoded[15] (output port clocked by __VIRTUAL_CLK__)
Path Group: __VIRTUAL_CLK__
Path Type: min

Fanout         Cap        Slew       Delay        Time   Description
---------------------------------------------------------------------------------------------
                      0.000000    0.000000    0.000000   clock __VIRTUAL_CLK__ (rise edge)
                                  0.000000    0.000000   clock network delay (ideal)
                                  2.000000    2.000000 v input external delay
     1    0.002816    0.018522    0.009287    2.009287 v otrip[3] (in)
                                                         otrip[3] (net)
                      0.018522    0.000000    2.009287 v input4/A (sky130_fd_sc_hd__clkbuf_1)
     2    0.006736    0.090550    0.171340    2.180627 v input4/X (sky130_fd_sc_hd__clkbuf_1)
                                                         net4 (net)
                      0.090550    0.000127    2.180754 v fanout22/A (sky130_fd_sc_hd__buf_1)
     6    0.015596    0.184061    0.275717    2.456470 v fanout22/X (sky130_fd_sc_hd__buf_1)
                                                         net22 (net)
                      0.184063    0.000570    2.457040 v _15_/A (sky130_fd_sc_hd__and4_1)
     1    0.002202    0.059975    0.347433    2.804473 v _15_/X (sky130_fd_sc_hd__and4_1)
                                                         net11 (net)
                      0.059975    0.000064    2.804537 v output11/A (sky130_fd_sc_hd__buf_2)
     1    0.034839    0.168274    0.341780    3.146317 v output11/X (sky130_fd_sc_hd__buf_2)
                                                         otrip_decoded[15] (net)
                      0.168278    0.000696    3.147013 v otrip_decoded[15] (out)
                                              3.147013   data arrival time

                      0.000000    0.000000    0.000000   clock __VIRTUAL_CLK__ (rise edge)
                                  0.000000    0.000000   clock network delay (ideal)
                                  0.250000    0.250000   clock uncertainty
                                  0.000000    0.250000   clock reconvergence pessimism
                                 -2.000000   -1.750000   output external delay
                                             -1.750000   data required time
---------------------------------------------------------------------------------------------
                                             -1.750000   data required time
                                             -3.147013   data arrival time
---------------------------------------------------------------------------------------------
                                              4.897013   slack (MET)


Startpoint: otrip[2] (input port clocked by __VIRTUAL_CLK__)
Endpoint: otrip_decoded[13] (output port clocked by __VIRTUAL_CLK__)
Path Group: __VIRTUAL_CLK__
Path Type: min

Fanout         Cap        Slew       Delay        Time   Description
---------------------------------------------------------------------------------------------
                      0.000000    0.000000    0.000000   clock __VIRTUAL_CLK__ (rise edge)
                                  0.000000    0.000000   clock network delay (ideal)
                                  2.000000    2.000000 v input external delay
     1    0.003045    0.019404    0.010014    2.010014 v otrip[2] (in)
                                                         otrip[2] (net)
                      0.019404    0.000000    2.010014 v input3/A (sky130_fd_sc_hd__clkbuf_1)
     2    0.007018    0.093499    0.174008    2.184022 v input3/X (sky130_fd_sc_hd__clkbuf_1)
                                                         net3 (net)
                      0.093500    0.000202    2.184223 v fanout24/A (sky130_fd_sc_hd__buf_1)
     6    0.013149    0.157479    0.257947    2.442170 v fanout24/X (sky130_fd_sc_hd__buf_1)
                                                         net24 (net)
                      0.157480    0.000259    2.442429 v _13_/B (sky130_fd_sc_hd__and4b_1)
     1    0.002051    0.063475    0.385688    2.828117 v _13_/X (sky130_fd_sc_hd__and4b_1)
                                                         net9 (net)
                      0.063475    0.000058    2.828176 v output9/A (sky130_fd_sc_hd__buf_2)
     1    0.034727    0.167811    0.343042    3.171218 v output9/X (sky130_fd_sc_hd__buf_2)
                                                         otrip_decoded[13] (net)
                      0.167815    0.000674    3.171892 v otrip_decoded[13] (out)
                                              3.171892   data arrival time

                      0.000000    0.000000    0.000000   clock __VIRTUAL_CLK__ (rise edge)
                                  0.000000    0.000000   clock network delay (ideal)
                                  0.250000    0.250000   clock uncertainty
                                  0.000000    0.250000   clock reconvergence pessimism
                                 -2.000000   -1.750000   output external delay
                                             -1.750000   data required time
---------------------------------------------------------------------------------------------
                                             -1.750000   data required time
                                             -3.171892   data arrival time
---------------------------------------------------------------------------------------------
                                              4.921892   slack (MET)


Startpoint: otrip[1] (input port clocked by __VIRTUAL_CLK__)
Endpoint: otrip_decoded[11] (output port clocked by __VIRTUAL_CLK__)
Path Group: __VIRTUAL_CLK__
Path Type: min

Fanout         Cap        Slew       Delay        Time   Description
---------------------------------------------------------------------------------------------
                      0.000000    0.000000    0.000000   clock __VIRTUAL_CLK__ (rise edge)
                                  0.000000    0.000000   clock network delay (ideal)
                                  2.000000    2.000000 v input external delay
     1    0.002842    0.018620    0.009368    2.009368 v otrip[1] (in)
                                                         otrip[1] (net)
                      0.018621    0.000000    2.009368 v input2/A (sky130_fd_sc_hd__clkbuf_1)
     2    0.009017    0.114561    0.190139    2.199507 v input2/X (sky130_fd_sc_hd__clkbuf_1)
                                                         net2 (net)
                      0.114562    0.000282    2.199789 v fanout26/A (sky130_fd_sc_hd__buf_1)
     6    0.013360    0.159773    0.269785    2.469574 v fanout26/X (sky130_fd_sc_hd__buf_1)
                                                         net26 (net)
                      0.159774    0.000245    2.469819 v _11_/B (sky130_fd_sc_hd__and4b_1)
     1    0.001789    0.061350    0.383655    2.853474 v _11_/X (sky130_fd_sc_hd__and4b_1)
                                                         net7 (net)
                      0.061350    0.000034    2.853508 v output7/A (sky130_fd_sc_hd__buf_2)
     1    0.034995    0.168885    0.342914    3.196423 v output7/X (sky130_fd_sc_hd__buf_2)
                                                         otrip_decoded[11] (net)
                      0.168889    0.000691    3.197113 v otrip_decoded[11] (out)
                                              3.197113   data arrival time

                      0.000000    0.000000    0.000000   clock __VIRTUAL_CLK__ (rise edge)
                                  0.000000    0.000000   clock network delay (ideal)
                                  0.250000    0.250000   clock uncertainty
                                  0.000000    0.250000   clock reconvergence pessimism
                                 -2.000000   -1.750000   output external delay
                                             -1.750000   data required time
---------------------------------------------------------------------------------------------
                                             -1.750000   data required time
                                             -3.197113   data arrival time
---------------------------------------------------------------------------------------------
                                              4.947113   slack (MET)


Startpoint: otrip[2] (input port clocked by __VIRTUAL_CLK__)
Endpoint: otrip_decoded[14] (output port clocked by __VIRTUAL_CLK__)
Path Group: __VIRTUAL_CLK__
Path Type: min

Fanout         Cap        Slew       Delay        Time   Description
---------------------------------------------------------------------------------------------
                      0.000000    0.000000    0.000000   clock __VIRTUAL_CLK__ (rise edge)
                                  0.000000    0.000000   clock network delay (ideal)
                                  2.000000    2.000000 v input external delay
     1    0.003045    0.019404    0.010014    2.010014 v otrip[2] (in)
                                                         otrip[2] (net)
                      0.019404    0.000000    2.010014 v input3/A (sky130_fd_sc_hd__clkbuf_1)
     2    0.007018    0.093499    0.174008    2.184022 v input3/X (sky130_fd_sc_hd__clkbuf_1)
                                                         net3 (net)
                      0.093500    0.000202    2.184223 v fanout24/A (sky130_fd_sc_hd__buf_1)
     6    0.013149    0.157479    0.257947    2.442170 v fanout24/X (sky130_fd_sc_hd__buf_1)
                                                         net24 (net)
                      0.157480    0.000361    2.442531 v _14_/C (sky130_fd_sc_hd__and4b_1)
     1    0.002483    0.067016    0.414432    2.856964 v _14_/X (sky130_fd_sc_hd__and4b_1)
                                                         net10 (net)
                      0.067016    0.000075    2.857038 v output10/A (sky130_fd_sc_hd__buf_2)
     1    0.034082    0.165236    0.342614    3.199652 v output10/X (sky130_fd_sc_hd__buf_2)
                                                         otrip_decoded[14] (net)
                      0.165240    0.000657    3.200309 v otrip_decoded[14] (out)
                                              3.200309   data arrival time

                      0.000000    0.000000    0.000000   clock __VIRTUAL_CLK__ (rise edge)
                                  0.000000    0.000000   clock network delay (ideal)
                                  0.250000    0.250000   clock uncertainty
                                  0.000000    0.250000   clock reconvergence pessimism
                                 -2.000000   -1.750000   output external delay
                                             -1.750000   data required time
---------------------------------------------------------------------------------------------
                                             -1.750000   data required time
                                             -3.200309   data arrival time
---------------------------------------------------------------------------------------------
                                              4.950309   slack (MET)


Startpoint: otrip[3] (input port clocked by __VIRTUAL_CLK__)
Endpoint: otrip_decoded[9] (output port clocked by __VIRTUAL_CLK__)
Path Group: __VIRTUAL_CLK__
Path Type: min

Fanout         Cap        Slew       Delay        Time   Description
---------------------------------------------------------------------------------------------
                      0.000000    0.000000    0.000000   clock __VIRTUAL_CLK__ (rise edge)
                                  0.000000    0.000000   clock network delay (ideal)
                                  2.000000    2.000000 v input external delay
     1    0.002816    0.018522    0.009287    2.009287 v otrip[3] (in)
                                                         otrip[3] (net)
                      0.018522    0.000000    2.009287 v input4/A (sky130_fd_sc_hd__clkbuf_1)
     2    0.006736    0.090550    0.171340    2.180627 v input4/X (sky130_fd_sc_hd__clkbuf_1)
                                                         net4 (net)
                      0.090550    0.000127    2.180754 v fanout22/A (sky130_fd_sc_hd__buf_1)
     6    0.015596    0.184061    0.275717    2.456470 v fanout22/X (sky130_fd_sc_hd__buf_1)
                                                         net22 (net)
                      0.184061    0.000275    2.456746 v _09_/C (sky130_fd_sc_hd__and4bb_1)
     1    0.002354    0.063849    0.427840    2.884585 v _09_/X (sky130_fd_sc_hd__and4bb_1)
                                                         net20 (net)
                      0.063849    0.000067    2.884652 v output20/A (sky130_fd_sc_hd__buf_2)
     1    0.034241    0.165905    0.341619    3.226270 v output20/X (sky130_fd_sc_hd__buf_2)
                                                         otrip_decoded[9] (net)
                      0.165910    0.000736    3.227007 v otrip_decoded[9] (out)
                                              3.227007   data arrival time

                      0.000000    0.000000    0.000000   clock __VIRTUAL_CLK__ (rise edge)
                                  0.000000    0.000000   clock network delay (ideal)
                                  0.250000    0.250000   clock uncertainty
                                  0.000000    0.250000   clock reconvergence pessimism
                                 -2.000000   -1.750000   output external delay
                                             -1.750000   data required time
---------------------------------------------------------------------------------------------
                                             -1.750000   data required time
                                             -3.227007   data arrival time
---------------------------------------------------------------------------------------------
                                              4.977006   slack (MET)


Startpoint: otrip[2] (input port clocked by __VIRTUAL_CLK__)
Endpoint: otrip_decoded[7] (output port clocked by __VIRTUAL_CLK__)
Path Group: __VIRTUAL_CLK__
Path Type: min

Fanout         Cap        Slew       Delay        Time   Description
---------------------------------------------------------------------------------------------
                      0.000000    0.000000    0.000000   clock __VIRTUAL_CLK__ (rise edge)
                                  0.000000    0.000000   clock network delay (ideal)
                                  2.000000    2.000000 v input external delay
     1    0.003045    0.019404    0.010014    2.010014 v otrip[2] (in)
                                                         otrip[2] (net)
                      0.019404    0.000000    2.010014 v input3/A (sky130_fd_sc_hd__clkbuf_1)
     2    0.007018    0.093499    0.174008    2.184022 v input3/X (sky130_fd_sc_hd__clkbuf_1)
                                                         net3 (net)
                      0.093500    0.000202    2.184223 v fanout24/A (sky130_fd_sc_hd__buf_1)
     6    0.013149    0.157479    0.257947    2.442170 v fanout24/X (sky130_fd_sc_hd__buf_1)
                                                         net24 (net)
                      0.157480    0.000307    2.442477 v _07_/D (sky130_fd_sc_hd__and4b_1)
     1    0.002598    0.067921    0.442486    2.884964 v _07_/X (sky130_fd_sc_hd__and4b_1)
                                                         net18 (net)
                      0.067921    0.000078    2.885041 v output18/A (sky130_fd_sc_hd__buf_2)
     1    0.033937    0.164647    0.342594    3.227635 v output18/X (sky130_fd_sc_hd__buf_2)
                                                         otrip_decoded[7] (net)
                      0.164650    0.000615    3.228250 v otrip_decoded[7] (out)
                                              3.228250   data arrival time

                      0.000000    0.000000    0.000000   clock __VIRTUAL_CLK__ (rise edge)
                                  0.000000    0.000000   clock network delay (ideal)
                                  0.250000    0.250000   clock uncertainty
                                  0.000000    0.250000   clock reconvergence pessimism
                                 -2.000000   -1.750000   output external delay
                                             -1.750000   data required time
---------------------------------------------------------------------------------------------
                                             -1.750000   data required time
                                             -3.228250   data arrival time
---------------------------------------------------------------------------------------------
                                              4.978250   slack (MET)


Startpoint: otrip[2] (input port clocked by __VIRTUAL_CLK__)
Endpoint: otrip_decoded[5] (output port clocked by __VIRTUAL_CLK__)
Path Group: __VIRTUAL_CLK__
Path Type: min

Fanout         Cap        Slew       Delay        Time   Description
---------------------------------------------------------------------------------------------
                      0.000000    0.000000    0.000000   clock __VIRTUAL_CLK__ (rise edge)
                                  0.000000    0.000000   clock network delay (ideal)
                                  2.000000    2.000000 v input external delay
     1    0.003045    0.019404    0.010014    2.010014 v otrip[2] (in)
                                                         otrip[2] (net)
                      0.019404    0.000000    2.010014 v input3/A (sky130_fd_sc_hd__clkbuf_1)
     2    0.007018    0.093499    0.174008    2.184022 v input3/X (sky130_fd_sc_hd__clkbuf_1)
                                                         net3 (net)
                      0.093500    0.000190    2.184211 v fanout23/A (sky130_fd_sc_hd__clkbuf_2)
    10    0.029124    0.207421    0.322618    2.506830 v fanout23/X (sky130_fd_sc_hd__clkbuf_2)
                                                         net23 (net)
                      0.207437    0.001548    2.508378 v _05_/C (sky130_fd_sc_hd__and4bb_1)
     1    0.001849    0.059830    0.433491    2.941869 v _05_/X (sky130_fd_sc_hd__and4bb_1)
                                                         net16 (net)
                      0.059830    0.000051    2.941920 v output16/A (sky130_fd_sc_hd__buf_2)
     1    0.034008    0.164985    0.339062    3.280982 v output16/X (sky130_fd_sc_hd__buf_2)
                                                         otrip_decoded[5] (net)
                      0.164989    0.000687    3.281669 v otrip_decoded[5] (out)
                                              3.281669   data arrival time

                      0.000000    0.000000    0.000000   clock __VIRTUAL_CLK__ (rise edge)
                                  0.000000    0.000000   clock network delay (ideal)
                                  0.250000    0.250000   clock uncertainty
                                  0.000000    0.250000   clock reconvergence pessimism
                                 -2.000000   -1.750000   output external delay
                                             -1.750000   data required time
---------------------------------------------------------------------------------------------
                                             -1.750000   data required time
                                             -3.281669   data arrival time
---------------------------------------------------------------------------------------------
                                              5.031670   slack (MET)


Startpoint: otrip[1] (input port clocked by __VIRTUAL_CLK__)
Endpoint: otrip_decoded[6] (output port clocked by __VIRTUAL_CLK__)
Path Group: __VIRTUAL_CLK__
Path Type: min

Fanout         Cap        Slew       Delay        Time   Description
---------------------------------------------------------------------------------------------
                      0.000000    0.000000    0.000000   clock __VIRTUAL_CLK__ (rise edge)
                                  0.000000    0.000000   clock network delay (ideal)
                                  2.000000    2.000000 v input external delay
     1    0.002842    0.018620    0.009368    2.009368 v otrip[1] (in)
                                                         otrip[1] (net)
                      0.018621    0.000000    2.009368 v input2/A (sky130_fd_sc_hd__clkbuf_1)
     2    0.009017    0.114561    0.190139    2.199507 v input2/X (sky130_fd_sc_hd__clkbuf_1)
                                                         net2 (net)
                      0.114561    0.000210    2.199718 v fanout25/A (sky130_fd_sc_hd__clkbuf_2)
    10    0.026155    0.187843    0.318639    2.518357 v fanout25/X (sky130_fd_sc_hd__clkbuf_2)
                                                         net25 (net)
                      0.187846    0.000655    2.519011 v _06_/C (sky130_fd_sc_hd__and4bb_1)
     1    0.002177    0.062459    0.427573    2.946584 v _06_/X (sky130_fd_sc_hd__and4bb_1)
                                                         net17 (net)
                      0.062459    0.000060    2.946644 v output17/A (sky130_fd_sc_hd__buf_2)
     1    0.034440    0.166707    0.341594    3.288239 v output17/X (sky130_fd_sc_hd__buf_2)
                                                         otrip_decoded[6] (net)
                      0.166712    0.000768    3.289007 v otrip_decoded[6] (out)
                                              3.289007   data arrival time

                      0.000000    0.000000    0.000000   clock __VIRTUAL_CLK__ (rise edge)
                                  0.000000    0.000000   clock network delay (ideal)
                                  0.250000    0.250000   clock uncertainty
                                  0.000000    0.250000   clock reconvergence pessimism
                                 -2.000000   -1.750000   output external delay
                                             -1.750000   data required time
---------------------------------------------------------------------------------------------
                                             -1.750000   data required time
                                             -3.289007   data arrival time
---------------------------------------------------------------------------------------------
                                              5.039007   slack (MET)


Startpoint: otrip[1] (input port clocked by __VIRTUAL_CLK__)
Endpoint: otrip_decoded[3] (output port clocked by __VIRTUAL_CLK__)
Path Group: __VIRTUAL_CLK__
Path Type: min

Fanout         Cap        Slew       Delay        Time   Description
---------------------------------------------------------------------------------------------
                      0.000000    0.000000    0.000000   clock __VIRTUAL_CLK__ (rise edge)
                                  0.000000    0.000000   clock network delay (ideal)
                                  2.000000    2.000000 v input external delay
     1    0.002842    0.018620    0.009368    2.009368 v otrip[1] (in)
                                                         otrip[1] (net)
                      0.018621    0.000000    2.009368 v input2/A (sky130_fd_sc_hd__clkbuf_1)
     2    0.009017    0.114561    0.190139    2.199507 v input2/X (sky130_fd_sc_hd__clkbuf_1)
                                                         net2 (net)
                      0.114561    0.000210    2.199718 v fanout25/A (sky130_fd_sc_hd__clkbuf_2)
    10    0.026155    0.187843    0.318639    2.518357 v fanout25/X (sky130_fd_sc_hd__clkbuf_2)
                                                         net25 (net)
                      0.187846    0.000602    2.518958 v _03_/C (sky130_fd_sc_hd__and4bb_1)
     1    0.002527    0.065274    0.431909    2.950867 v _03_/X (sky130_fd_sc_hd__and4bb_1)
                                                         net14 (net)
                      0.065275    0.000070    2.950937 v output14/A (sky130_fd_sc_hd__buf_2)
     1    0.034124    0.165414    0.341946    3.292882 v output14/X (sky130_fd_sc_hd__buf_2)
                                                         otrip_decoded[3] (net)
                      0.165418    0.000664    3.293547 v otrip_decoded[3] (out)
                                              3.293547   data arrival time

                      0.000000    0.000000    0.000000   clock __VIRTUAL_CLK__ (rise edge)
                                  0.000000    0.000000   clock network delay (ideal)
                                  0.250000    0.250000   clock uncertainty
                                  0.000000    0.250000   clock reconvergence pessimism
                                 -2.000000   -1.750000   output external delay
                                             -1.750000   data required time
---------------------------------------------------------------------------------------------
                                             -1.750000   data required time
                                             -3.293547   data arrival time
---------------------------------------------------------------------------------------------
                                              5.043547   slack (MET)


Startpoint: otrip[1] (input port clocked by __VIRTUAL_CLK__)
Endpoint: otrip_decoded[10] (output port clocked by __VIRTUAL_CLK__)
Path Group: __VIRTUAL_CLK__
Path Type: min

Fanout         Cap        Slew       Delay        Time   Description
---------------------------------------------------------------------------------------------
                      0.000000    0.000000    0.000000   clock __VIRTUAL_CLK__ (rise edge)
                                  0.000000    0.000000   clock network delay (ideal)
                                  2.000000    2.000000 v input external delay
     1    0.002842    0.018620    0.009368    2.009368 v otrip[1] (in)
                                                         otrip[1] (net)
                      0.018621    0.000000    2.009368 v input2/A (sky130_fd_sc_hd__clkbuf_1)
     2    0.009017    0.114561    0.190139    2.199507 v input2/X (sky130_fd_sc_hd__clkbuf_1)
                                                         net2 (net)
                      0.114561    0.000210    2.199718 v fanout25/A (sky130_fd_sc_hd__clkbuf_2)
    10    0.026155    0.187843    0.318639    2.518357 v fanout25/X (sky130_fd_sc_hd__clkbuf_2)
                                                         net25 (net)
                      0.187846    0.000685    2.519042 v _10_/C (sky130_fd_sc_hd__and4bb_1)
     1    0.002544    0.065406    0.432113    2.951155 v _10_/X (sky130_fd_sc_hd__and4bb_1)
                                                         net6 (net)
                      0.065406    0.000072    2.951227 v output6/A (sky130_fd_sc_hd__buf_2)
     1    0.034091    0.165278    0.341905    3.293132 v output6/X (sky130_fd_sc_hd__buf_2)
                                                         otrip_decoded[10] (net)
                      0.165281    0.000656    3.293788 v otrip_decoded[10] (out)
                                              3.293788   data arrival time

                      0.000000    0.000000    0.000000   clock __VIRTUAL_CLK__ (rise edge)
                                  0.000000    0.000000   clock network delay (ideal)
                                  0.250000    0.250000   clock uncertainty
                                  0.000000    0.250000   clock reconvergence pessimism
                                 -2.000000   -1.750000   output external delay
                                             -1.750000   data required time
---------------------------------------------------------------------------------------------
                                             -1.750000   data required time
                                             -3.293788   data arrival time
---------------------------------------------------------------------------------------------
                                              5.043788   slack (MET)


Startpoint: otrip[2] (input port clocked by __VIRTUAL_CLK__)
Endpoint: otrip_decoded[12] (output port clocked by __VIRTUAL_CLK__)
Path Group: __VIRTUAL_CLK__
Path Type: min

Fanout         Cap        Slew       Delay        Time   Description
---------------------------------------------------------------------------------------------
                      0.000000    0.000000    0.000000   clock __VIRTUAL_CLK__ (rise edge)
                                  0.000000    0.000000   clock network delay (ideal)
                                  2.000000    2.000000 v input external delay
     1    0.003045    0.019404    0.010014    2.010014 v otrip[2] (in)
                                                         otrip[2] (net)
                      0.019404    0.000000    2.010014 v input3/A (sky130_fd_sc_hd__clkbuf_1)
     2    0.007018    0.093499    0.174008    2.184022 v input3/X (sky130_fd_sc_hd__clkbuf_1)
                                                         net3 (net)
                      0.093500    0.000190    2.184211 v fanout23/A (sky130_fd_sc_hd__clkbuf_2)
    10    0.029124    0.207421    0.322618    2.506830 v fanout23/X (sky130_fd_sc_hd__clkbuf_2)
                                                         net23 (net)
                      0.207437    0.001535    2.508364 v _12_/C (sky130_fd_sc_hd__and4bb_1)
     1    0.002734    0.066962    0.444429    2.952793 v _12_/X (sky130_fd_sc_hd__and4bb_1)
                                                         net8 (net)
                      0.066962    0.000085    2.952877 v output8/A (sky130_fd_sc_hd__buf_2)
     1    0.034175    0.165619    0.342853    3.295730 v output8/X (sky130_fd_sc_hd__buf_2)
                                                         otrip_decoded[12] (net)
                      0.165624    0.000707    3.296437 v otrip_decoded[12] (out)
                                              3.296437   data arrival time

                      0.000000    0.000000    0.000000   clock __VIRTUAL_CLK__ (rise edge)
                                  0.000000    0.000000   clock network delay (ideal)
                                  0.250000    0.250000   clock uncertainty
                                  0.000000    0.250000   clock reconvergence pessimism
                                 -2.000000   -1.750000   output external delay
                                             -1.750000   data required time
---------------------------------------------------------------------------------------------
                                             -1.750000   data required time
                                             -3.296437   data arrival time
---------------------------------------------------------------------------------------------
                                              5.046437   slack (MET)



