
===========================================================================
report_checks -unconstrained
===========================================================================
======================= max_ss_100C_1v60 Corner ===================================

Startpoint: otrip[3] (input port clocked by __VIRTUAL_CLK__)
Endpoint: otrip_decoded[4] (output port clocked by __VIRTUAL_CLK__)
Path Group: __VIRTUAL_CLK__
Path Type: max

Fanout         Cap        Slew       Delay        Time   Description
---------------------------------------------------------------------------------------------
                      0.000000    0.000000    0.000000   clock __VIRTUAL_CLK__ (rise edge)
                                  0.000000    0.000000   clock network delay (ideal)
                                  2.000000    2.000000 v input external delay
     1    0.002858    0.018680    0.009458    2.009458 v otrip[3] (in)
                                                         otrip[3] (net)
                      0.018682    0.000000    2.009458 v input4/A (sky130_fd_sc_hd__clkbuf_1)
     2    0.006892    0.092195    0.172603    2.182061 v input4/X (sky130_fd_sc_hd__clkbuf_1)
                                                         net4 (net)
                      0.092196    0.000244    2.182306 v fanout21/A (sky130_fd_sc_hd__clkbuf_2)
    10    0.031919    0.226194    0.334002    2.516307 v fanout21/X (sky130_fd_sc_hd__clkbuf_2)
                                                         net21 (net)
                      0.226270    0.003471    2.519778 v _04_/A (sky130_fd_sc_hd__nor4b_1)
     1    0.002127    0.370876    0.535827    3.055605 ^ _04_/Y (sky130_fd_sc_hd__nor4b_1)
                                                         net15 (net)
                      0.370876    0.000147    3.055752 ^ output15/A (sky130_fd_sc_hd__buf_2)
     1    0.034450    0.274732    0.472925    3.528677 ^ output15/X (sky130_fd_sc_hd__buf_2)
                                                         otrip_decoded[4] (net)
                      0.274745    0.001614    3.530291 ^ otrip_decoded[4] (out)
                                              3.530291   data arrival time

                      0.000000   10.000000   10.000000   clock __VIRTUAL_CLK__ (rise edge)
                                  0.000000   10.000000   clock network delay (ideal)
                                 -0.250000    9.750000   clock uncertainty
                                  0.000000    9.750000   clock reconvergence pessimism
                                 -2.000000    7.750000   output external delay
                                              7.750000   data required time
---------------------------------------------------------------------------------------------
                                              7.750000   data required time
                                             -3.530291   data arrival time
---------------------------------------------------------------------------------------------
                                              4.219709   slack (MET)




===========================================================================
report_checks --slack_max -0.01
============================================================================
======================= max_ss_100C_1v60 Corner ===================================

No paths found.


===========================================================================
 report_check_types -max_slew -max_cap -max_fanout -violators
============================================================================
======================= max_ss_100C_1v60 Corner ===================================



===========================================================================
report_parasitic_annotation -report_unannotated
============================================================================
Found 0 unannotated drivers.
Found 0 partially unannotated drivers.

===========================================================================
max slew violation count 0
max fanout violation count 0
max cap violation count 0
============================================================================

===========================================================================
check_setup -verbose -unconstrained_endpoints -multiple_clock -no_clock -no_input_delay -loops -generated_clocks
===========================================================================
