
===========================================================================
report_checks -path_delay max (Setup)
============================================================================
======================= max_ss_100C_1v60 Corner ===================================

Startpoint: otrip[3] (input port clocked by __VIRTUAL_CLK__)
Endpoint: otrip_decoded[4] (output port clocked by __VIRTUAL_CLK__)
Path Group: __VIRTUAL_CLK__
Path Type: max

Fanout         Cap        Slew       Delay        Time   Description
---------------------------------------------------------------------------------------------
                      0.000000    0.000000    0.000000   clock __VIRTUAL_CLK__ (rise edge)
                                  0.000000    0.000000   clock network delay (ideal)
                                  2.000000    2.000000 v input external delay
     1    0.002858    0.018680    0.009458    2.009458 v otrip[3] (in)
                                                         otrip[3] (net)
                      0.018682    0.000000    2.009458 v input4/A (sky130_fd_sc_hd__clkbuf_1)
     2    0.006892    0.092195    0.172603    2.182061 v input4/X (sky130_fd_sc_hd__clkbuf_1)
                                                         net4 (net)
                      0.092196    0.000244    2.182306 v fanout21/A (sky130_fd_sc_hd__clkbuf_2)
    10    0.031919    0.226194    0.334002    2.516307 v fanout21/X (sky130_fd_sc_hd__clkbuf_2)
                                                         net21 (net)
                      0.226270    0.003471    2.519778 v _04_/A (sky130_fd_sc_hd__nor4b_1)
     1    0.002127    0.370876    0.535827    3.055605 ^ _04_/Y (sky130_fd_sc_hd__nor4b_1)
                                                         net15 (net)
                      0.370876    0.000147    3.055752 ^ output15/A (sky130_fd_sc_hd__buf_2)
     1    0.034450    0.274732    0.472925    3.528677 ^ output15/X (sky130_fd_sc_hd__buf_2)
                                                         otrip_decoded[4] (net)
                      0.274745    0.001614    3.530291 ^ otrip_decoded[4] (out)
                                              3.530291   data arrival time

                      0.000000   10.000000   10.000000   clock __VIRTUAL_CLK__ (rise edge)
                                  0.000000   10.000000   clock network delay (ideal)
                                 -0.250000    9.750000   clock uncertainty
                                  0.000000    9.750000   clock reconvergence pessimism
                                 -2.000000    7.750000   output external delay
                                              7.750000   data required time
---------------------------------------------------------------------------------------------
                                              7.750000   data required time
                                             -3.530291   data arrival time
---------------------------------------------------------------------------------------------
                                              4.219709   slack (MET)


Startpoint: otrip[3] (input port clocked by __VIRTUAL_CLK__)
Endpoint: otrip_decoded[2] (output port clocked by __VIRTUAL_CLK__)
Path Group: __VIRTUAL_CLK__
Path Type: max

Fanout         Cap        Slew       Delay        Time   Description
---------------------------------------------------------------------------------------------
                      0.000000    0.000000    0.000000   clock __VIRTUAL_CLK__ (rise edge)
                                  0.000000    0.000000   clock network delay (ideal)
                                  2.000000    2.000000 v input external delay
     1    0.002858    0.018680    0.009458    2.009458 v otrip[3] (in)
                                                         otrip[3] (net)
                      0.018682    0.000000    2.009458 v input4/A (sky130_fd_sc_hd__clkbuf_1)
     2    0.006892    0.092195    0.172603    2.182061 v input4/X (sky130_fd_sc_hd__clkbuf_1)
                                                         net4 (net)
                      0.092196    0.000244    2.182306 v fanout21/A (sky130_fd_sc_hd__clkbuf_2)
    10    0.031919    0.226194    0.334002    2.516307 v fanout21/X (sky130_fd_sc_hd__clkbuf_2)
                                                         net21 (net)
                      0.226290    0.003885    2.520192 v _02_/A (sky130_fd_sc_hd__nor4b_1)
     1    0.002069    0.367157    0.532762    3.052954 ^ _02_/Y (sky130_fd_sc_hd__nor4b_1)
                                                         net13 (net)
                      0.367157    0.000146    3.053100 ^ output13/A (sky130_fd_sc_hd__buf_2)
     1    0.034450    0.274715    0.471481    3.524581 ^ output13/X (sky130_fd_sc_hd__buf_2)
                                                         otrip_decoded[2] (net)
                      0.274729    0.001614    3.526196 ^ otrip_decoded[2] (out)
                                              3.526196   data arrival time

                      0.000000   10.000000   10.000000   clock __VIRTUAL_CLK__ (rise edge)
                                  0.000000   10.000000   clock network delay (ideal)
                                 -0.250000    9.750000   clock uncertainty
                                  0.000000    9.750000   clock reconvergence pessimism
                                 -2.000000    7.750000   output external delay
                                              7.750000   data required time
---------------------------------------------------------------------------------------------
                                              7.750000   data required time
                                             -3.526196   data arrival time
---------------------------------------------------------------------------------------------
                                              4.223804   slack (MET)


Startpoint: otrip[3] (input port clocked by __VIRTUAL_CLK__)
Endpoint: otrip_decoded[1] (output port clocked by __VIRTUAL_CLK__)
Path Group: __VIRTUAL_CLK__
Path Type: max

Fanout         Cap        Slew       Delay        Time   Description
---------------------------------------------------------------------------------------------
                      0.000000    0.000000    0.000000   clock __VIRTUAL_CLK__ (rise edge)
                                  0.000000    0.000000   clock network delay (ideal)
                                  2.000000    2.000000 v input external delay
     1    0.002858    0.018680    0.009458    2.009458 v otrip[3] (in)
                                                         otrip[3] (net)
                      0.018682    0.000000    2.009458 v input4/A (sky130_fd_sc_hd__clkbuf_1)
     2    0.006892    0.092195    0.172603    2.182061 v input4/X (sky130_fd_sc_hd__clkbuf_1)
                                                         net4 (net)
                      0.092196    0.000244    2.182306 v fanout21/A (sky130_fd_sc_hd__clkbuf_2)
    10    0.031919    0.226194    0.334002    2.516307 v fanout21/X (sky130_fd_sc_hd__clkbuf_2)
                                                         net21 (net)
                      0.226245    0.002842    2.519149 v _01_/A (sky130_fd_sc_hd__nor4b_1)
     1    0.002012    0.363565    0.529783    3.048932 ^ _01_/Y (sky130_fd_sc_hd__nor4b_1)
                                                         net12 (net)
                      0.363565    0.000143    3.049075 ^ output12/A (sky130_fd_sc_hd__buf_2)
     1    0.034449    0.274689    0.470080    3.519156 ^ output12/X (sky130_fd_sc_hd__buf_2)
                                                         otrip_decoded[1] (net)
                      0.274702    0.001614    3.520770 ^ otrip_decoded[1] (out)
                                              3.520770   data arrival time

                      0.000000   10.000000   10.000000   clock __VIRTUAL_CLK__ (rise edge)
                                  0.000000   10.000000   clock network delay (ideal)
                                 -0.250000    9.750000   clock uncertainty
                                  0.000000    9.750000   clock reconvergence pessimism
                                 -2.000000    7.750000   output external delay
                                              7.750000   data required time
---------------------------------------------------------------------------------------------
                                              7.750000   data required time
                                             -3.520770   data arrival time
---------------------------------------------------------------------------------------------
                                              4.229230   slack (MET)


Startpoint: otrip[3] (input port clocked by __VIRTUAL_CLK__)
Endpoint: otrip_decoded[8] (output port clocked by __VIRTUAL_CLK__)
Path Group: __VIRTUAL_CLK__
Path Type: max

Fanout         Cap        Slew       Delay        Time   Description
---------------------------------------------------------------------------------------------
                      0.000000    0.000000    0.000000   clock __VIRTUAL_CLK__ (rise edge)
                                  0.000000    0.000000   clock network delay (ideal)
                                  2.000000    2.000000 ^ input external delay
     1    0.002987    0.033484    0.016822    2.016822 ^ otrip[3] (in)
                                                         otrip[3] (net)
                      0.033485    0.000000    2.016822 ^ input4/A (sky130_fd_sc_hd__clkbuf_1)
     2    0.007206    0.150567    0.191493    2.208315 ^ input4/X (sky130_fd_sc_hd__clkbuf_1)
                                                         net4 (net)
                      0.150567    0.000286    2.208600 ^ fanout22/A (sky130_fd_sc_hd__buf_1)
     6    0.016761    0.324505    0.365682    2.574282 ^ fanout22/X (sky130_fd_sc_hd__buf_1)
                                                         net22 (net)
                      0.324514    0.001451    2.575734 ^ _08_/D_N (sky130_fd_sc_hd__nor4b_1)
     1    0.002054    0.366216    0.449894    3.025628 ^ _08_/Y (sky130_fd_sc_hd__nor4b_1)
                                                         net19 (net)
                      0.366216    0.000150    3.025778 ^ output19/A (sky130_fd_sc_hd__buf_2)
     1    0.034752    0.276952    0.472697    3.498475 ^ output19/X (sky130_fd_sc_hd__buf_2)
                                                         otrip_decoded[8] (net)
                      0.276966    0.001648    3.500123 ^ otrip_decoded[8] (out)
                                              3.500123   data arrival time

                      0.000000   10.000000   10.000000   clock __VIRTUAL_CLK__ (rise edge)
                                  0.000000   10.000000   clock network delay (ideal)
                                 -0.250000    9.750000   clock uncertainty
                                  0.000000    9.750000   clock reconvergence pessimism
                                 -2.000000    7.750000   output external delay
                                              7.750000   data required time
---------------------------------------------------------------------------------------------
                                              7.750000   data required time
                                             -3.500123   data arrival time
---------------------------------------------------------------------------------------------
                                              4.249877   slack (MET)


Startpoint: otrip[1] (input port clocked by __VIRTUAL_CLK__)
Endpoint: otrip_decoded[12] (output port clocked by __VIRTUAL_CLK__)
Path Group: __VIRTUAL_CLK__
Path Type: max

Fanout         Cap        Slew       Delay        Time   Description
---------------------------------------------------------------------------------------------
                      0.000000    0.000000    0.000000   clock __VIRTUAL_CLK__ (rise edge)
                                  0.000000    0.000000   clock network delay (ideal)
                                  2.000000    2.000000 v input external delay
     1    0.002888    0.018796    0.009553    2.009553 v otrip[1] (in)
                                                         otrip[1] (net)
                      0.018798    0.000000    2.009553 v input2/A (sky130_fd_sc_hd__clkbuf_1)
     2    0.009358    0.118241    0.192842    2.202395 v input2/X (sky130_fd_sc_hd__clkbuf_1)
                                                         net2 (net)
                      0.118244    0.000530    2.202925 v fanout25/A (sky130_fd_sc_hd__clkbuf_2)
    10    0.026932    0.193066    0.323759    2.526685 v fanout25/X (sky130_fd_sc_hd__clkbuf_2)
                                                         net25 (net)
                      0.193076    0.001157    2.527842 v _12_/B_N (sky130_fd_sc_hd__and4bb_1)
     1    0.002949    0.104258    0.593254    3.121096 ^ _12_/X (sky130_fd_sc_hd__and4bb_1)
                                                         net8 (net)
                      0.104259    0.000190    3.121286 ^ output8/A (sky130_fd_sc_hd__buf_2)
     1    0.034217    0.272111    0.358466    3.479752 ^ output8/X (sky130_fd_sc_hd__buf_2)
                                                         otrip_decoded[12] (net)
                      0.272127    0.001706    3.481458 ^ otrip_decoded[12] (out)
                                              3.481458   data arrival time

                      0.000000   10.000000   10.000000   clock __VIRTUAL_CLK__ (rise edge)
                                  0.000000   10.000000   clock network delay (ideal)
                                 -0.250000    9.750000   clock uncertainty
                                  0.000000    9.750000   clock reconvergence pessimism
                                 -2.000000    7.750000   output external delay
                                              7.750000   data required time
---------------------------------------------------------------------------------------------
                                              7.750000   data required time
                                             -3.481458   data arrival time
---------------------------------------------------------------------------------------------
                                              4.268542   slack (MET)


Startpoint: otrip[2] (input port clocked by __VIRTUAL_CLK__)
Endpoint: otrip_decoded[10] (output port clocked by __VIRTUAL_CLK__)
Path Group: __VIRTUAL_CLK__
Path Type: max

Fanout         Cap        Slew       Delay        Time   Description
---------------------------------------------------------------------------------------------
                      0.000000    0.000000    0.000000   clock __VIRTUAL_CLK__ (rise edge)
                                  0.000000    0.000000   clock network delay (ideal)
                                  2.000000    2.000000 v input external delay
     1    0.003098    0.019606    0.010217    2.010217 v otrip[2] (in)
                                                         otrip[2] (net)
                      0.019607    0.000000    2.010217 v input3/A (sky130_fd_sc_hd__clkbuf_1)
     2    0.007200    0.095436    0.175471    2.185687 v input3/X (sky130_fd_sc_hd__clkbuf_1)
                                                         net3 (net)
                      0.095439    0.000416    2.186103 v fanout23/A (sky130_fd_sc_hd__clkbuf_2)
    10    0.030030    0.213608    0.327144    2.513247 v fanout23/X (sky130_fd_sc_hd__clkbuf_2)
                                                         net23 (net)
                      0.213669    0.003017    2.516264 v _10_/B_N (sky130_fd_sc_hd__and4bb_1)
     1    0.002758    0.101725    0.600120    3.116384 ^ _10_/X (sky130_fd_sc_hd__and4bb_1)
                                                         net6 (net)
                      0.101726    0.000171    3.116555 ^ output6/A (sky130_fd_sc_hd__buf_2)
     1    0.034144    0.271549    0.356934    3.473489 ^ output6/X (sky130_fd_sc_hd__buf_2)
                                                         otrip_decoded[10] (net)
                      0.271564    0.001643    3.475132 ^ otrip_decoded[10] (out)
                                              3.475132   data arrival time

                      0.000000   10.000000   10.000000   clock __VIRTUAL_CLK__ (rise edge)
                                  0.000000   10.000000   clock network delay (ideal)
                                 -0.250000    9.750000   clock uncertainty
                                  0.000000    9.750000   clock reconvergence pessimism
                                 -2.000000    7.750000   output external delay
                                              7.750000   data required time
---------------------------------------------------------------------------------------------
                                              7.750000   data required time
                                             -3.475132   data arrival time
---------------------------------------------------------------------------------------------
                                              4.274868   slack (MET)


Startpoint: otrip[2] (input port clocked by __VIRTUAL_CLK__)
Endpoint: otrip_decoded[3] (output port clocked by __VIRTUAL_CLK__)
Path Group: __VIRTUAL_CLK__
Path Type: max

Fanout         Cap        Slew       Delay        Time   Description
---------------------------------------------------------------------------------------------
                      0.000000    0.000000    0.000000   clock __VIRTUAL_CLK__ (rise edge)
                                  0.000000    0.000000   clock network delay (ideal)
                                  2.000000    2.000000 v input external delay
     1    0.003098    0.019606    0.010217    2.010217 v otrip[2] (in)
                                                         otrip[2] (net)
                      0.019607    0.000000    2.010217 v input3/A (sky130_fd_sc_hd__clkbuf_1)
     2    0.007200    0.095436    0.175471    2.185687 v input3/X (sky130_fd_sc_hd__clkbuf_1)
                                                         net3 (net)
                      0.095439    0.000416    2.186103 v fanout23/A (sky130_fd_sc_hd__clkbuf_2)
    10    0.030030    0.213608    0.327144    2.513247 v fanout23/X (sky130_fd_sc_hd__clkbuf_2)
                                                         net23 (net)
                      0.213660    0.002791    2.516038 v _03_/B_N (sky130_fd_sc_hd__and4bb_1)
     1    0.002730    0.101352    0.599622    3.115660 ^ _03_/X (sky130_fd_sc_hd__and4bb_1)
                                                         net14 (net)
                      0.101353    0.000168    3.115828 ^ output14/A (sky130_fd_sc_hd__buf_2)
     1    0.034175    0.271786    0.356922    3.472750 ^ output14/X (sky130_fd_sc_hd__buf_2)
                                                         otrip_decoded[3] (net)
                      0.271801    0.001653    3.474403 ^ otrip_decoded[3] (out)
                                              3.474403   data arrival time

                      0.000000   10.000000   10.000000   clock __VIRTUAL_CLK__ (rise edge)
                                  0.000000   10.000000   clock network delay (ideal)
                                 -0.250000    9.750000   clock uncertainty
                                  0.000000    9.750000   clock reconvergence pessimism
                                 -2.000000    7.750000   output external delay
                                              7.750000   data required time
---------------------------------------------------------------------------------------------
                                              7.750000   data required time
                                             -3.474403   data arrival time
---------------------------------------------------------------------------------------------
                                              4.275597   slack (MET)


Startpoint: otrip[0] (input port clocked by __VIRTUAL_CLK__)
Endpoint: otrip_decoded[6] (output port clocked by __VIRTUAL_CLK__)
Path Group: __VIRTUAL_CLK__
Path Type: max

Fanout         Cap        Slew       Delay        Time   Description
---------------------------------------------------------------------------------------------
                      0.000000    0.000000    0.000000   clock __VIRTUAL_CLK__ (rise edge)
                                  0.000000    0.000000   clock network delay (ideal)
                                  2.000000    2.000000 v input external delay
     1    0.003140    0.019769    0.010351    2.010351 v otrip[0] (in)
                                                         otrip[0] (net)
                      0.019771    0.000000    2.010351 v input1/A (sky130_fd_sc_hd__clkbuf_1)
     2    0.006406    0.087132    0.168999    2.179350 v input1/X (sky130_fd_sc_hd__clkbuf_1)
                                                         net1 (net)
                      0.087135    0.000386    2.179736 v fanout27/A (sky130_fd_sc_hd__clkbuf_2)
    10    0.031858    0.225362    0.332745    2.512482 v fanout27/X (sky130_fd_sc_hd__clkbuf_2)
                                                         net27 (net)
                      0.225380    0.001658    2.514139 v _06_/B_N (sky130_fd_sc_hd__and4bb_1)
     1    0.002366    0.096633    0.599062    3.113202 ^ _06_/X (sky130_fd_sc_hd__and4bb_1)
                                                         net17 (net)
                      0.096633    0.000161    3.113362 ^ output17/A (sky130_fd_sc_hd__buf_2)
     1    0.034489    0.274126    0.356288    3.469650 ^ output17/X (sky130_fd_sc_hd__buf_2)
                                                         otrip_decoded[6] (net)
                      0.274142    0.001776    3.471426 ^ otrip_decoded[6] (out)
                                              3.471426   data arrival time

                      0.000000   10.000000   10.000000   clock __VIRTUAL_CLK__ (rise edge)
                                  0.000000   10.000000   clock network delay (ideal)
                                 -0.250000    9.750000   clock uncertainty
                                  0.000000    9.750000   clock reconvergence pessimism
                                 -2.000000    7.750000   output external delay
                                              7.750000   data required time
---------------------------------------------------------------------------------------------
                                              7.750000   data required time
                                             -3.471426   data arrival time
---------------------------------------------------------------------------------------------
                                              4.278573   slack (MET)


Startpoint: otrip[2] (input port clocked by __VIRTUAL_CLK__)
Endpoint: otrip_decoded[9] (output port clocked by __VIRTUAL_CLK__)
Path Group: __VIRTUAL_CLK__
Path Type: max

Fanout         Cap        Slew       Delay        Time   Description
---------------------------------------------------------------------------------------------
                      0.000000    0.000000    0.000000   clock __VIRTUAL_CLK__ (rise edge)
                                  0.000000    0.000000   clock network delay (ideal)
                                  2.000000    2.000000 v input external delay
     1    0.003098    0.019606    0.010217    2.010217 v otrip[2] (in)
                                                         otrip[2] (net)
                      0.019607    0.000000    2.010217 v input3/A (sky130_fd_sc_hd__clkbuf_1)
     2    0.007200    0.095436    0.175471    2.185687 v input3/X (sky130_fd_sc_hd__clkbuf_1)
                                                         net3 (net)
                      0.095439    0.000416    2.186103 v fanout23/A (sky130_fd_sc_hd__clkbuf_2)
    10    0.030030    0.213608    0.327144    2.513247 v fanout23/X (sky130_fd_sc_hd__clkbuf_2)
                                                         net23 (net)
                      0.213616    0.001112    2.514359 v _09_/B_N (sky130_fd_sc_hd__and4bb_1)
     1    0.002550    0.099191    0.596475    3.110833 ^ _09_/X (sky130_fd_sc_hd__and4bb_1)
                                                         net20 (net)
                      0.099191    0.000179    3.111013 ^ output20/A (sky130_fd_sc_hd__buf_2)
     1    0.034288    0.272611    0.356548    3.467561 ^ output20/X (sky130_fd_sc_hd__buf_2)
                                                         otrip_decoded[9] (net)
                      0.272624    0.001599    3.469160 ^ otrip_decoded[9] (out)
                                              3.469160   data arrival time

                      0.000000   10.000000   10.000000   clock __VIRTUAL_CLK__ (rise edge)
                                  0.000000   10.000000   clock network delay (ideal)
                                 -0.250000    9.750000   clock uncertainty
                                  0.000000    9.750000   clock reconvergence pessimism
                                 -2.000000    7.750000   output external delay
                                              7.750000   data required time
---------------------------------------------------------------------------------------------
                                              7.750000   data required time
                                             -3.469160   data arrival time
---------------------------------------------------------------------------------------------
                                              4.280840   slack (MET)


Startpoint: otrip[3] (input port clocked by __VIRTUAL_CLK__)
Endpoint: otrip_decoded[0] (output port clocked by __VIRTUAL_CLK__)
Path Group: __VIRTUAL_CLK__
Path Type: max

Fanout         Cap        Slew       Delay        Time   Description
---------------------------------------------------------------------------------------------
                      0.000000    0.000000    0.000000   clock __VIRTUAL_CLK__ (rise edge)
                                  0.000000    0.000000   clock network delay (ideal)
                                  2.000000    2.000000 v input external delay
     1    0.002858    0.018680    0.009458    2.009458 v otrip[3] (in)
                                                         otrip[3] (net)
                      0.018682    0.000000    2.009458 v input4/A (sky130_fd_sc_hd__clkbuf_1)
     2    0.006892    0.092195    0.172603    2.182061 v input4/X (sky130_fd_sc_hd__clkbuf_1)
                                                         net4 (net)
                      0.092196    0.000244    2.182306 v fanout21/A (sky130_fd_sc_hd__clkbuf_2)
    10    0.031919    0.226194    0.334002    2.516307 v fanout21/X (sky130_fd_sc_hd__clkbuf_2)
                                                         net21 (net)
                      0.226214    0.001804    2.518111 v _00_/A (sky130_fd_sc_hd__nor4_1)
     1    0.001940    0.327004    0.486368    3.004480 ^ _00_/Y (sky130_fd_sc_hd__nor4_1)
                                                         net5 (net)
                      0.327004    0.000089    3.004569 ^ output5/A (sky130_fd_sc_hd__buf_2)
     1    0.034953    0.278262    0.458543    3.463113 ^ output5/X (sky130_fd_sc_hd__buf_2)
                                                         otrip_decoded[0] (net)
                      0.278276    0.001653    3.464766 ^ otrip_decoded[0] (out)
                                              3.464766   data arrival time

                      0.000000   10.000000   10.000000   clock __VIRTUAL_CLK__ (rise edge)
                                  0.000000   10.000000   clock network delay (ideal)
                                 -0.250000    9.750000   clock uncertainty
                                  0.000000    9.750000   clock reconvergence pessimism
                                 -2.000000    7.750000   output external delay
                                              7.750000   data required time
---------------------------------------------------------------------------------------------
                                              7.750000   data required time
                                             -3.464766   data arrival time
---------------------------------------------------------------------------------------------
                                              4.285234   slack (MET)


Startpoint: otrip[1] (input port clocked by __VIRTUAL_CLK__)
Endpoint: otrip_decoded[5] (output port clocked by __VIRTUAL_CLK__)
Path Group: __VIRTUAL_CLK__
Path Type: max

Fanout         Cap        Slew       Delay        Time   Description
---------------------------------------------------------------------------------------------
                      0.000000    0.000000    0.000000   clock __VIRTUAL_CLK__ (rise edge)
                                  0.000000    0.000000   clock network delay (ideal)
                                  2.000000    2.000000 v input external delay
     1    0.002888    0.018796    0.009553    2.009553 v otrip[1] (in)
                                                         otrip[1] (net)
                      0.018798    0.000000    2.009553 v input2/A (sky130_fd_sc_hd__clkbuf_1)
     2    0.009358    0.118241    0.192842    2.202395 v input2/X (sky130_fd_sc_hd__clkbuf_1)
                                                         net2 (net)
                      0.118244    0.000530    2.202925 v fanout25/A (sky130_fd_sc_hd__clkbuf_2)
    10    0.026932    0.193066    0.323759    2.526685 v fanout25/X (sky130_fd_sc_hd__clkbuf_2)
                                                         net25 (net)
                      0.193081    0.001425    2.528110 v _05_/B_N (sky130_fd_sc_hd__and4bb_1)
     1    0.002003    0.092002    0.576885    3.104995 ^ _05_/X (sky130_fd_sc_hd__and4bb_1)
                                                         net16 (net)
                      0.092002    0.000142    3.105137 ^ output16/A (sky130_fd_sc_hd__buf_2)
     1    0.034050    0.270846    0.351856    3.456993 ^ output16/X (sky130_fd_sc_hd__buf_2)
                                                         otrip_decoded[5] (net)
                      0.270860    0.001676    3.458669 ^ otrip_decoded[5] (out)
                                              3.458669   data arrival time

                      0.000000   10.000000   10.000000   clock __VIRTUAL_CLK__ (rise edge)
                                  0.000000   10.000000   clock network delay (ideal)
                                 -0.250000    9.750000   clock uncertainty
                                  0.000000    9.750000   clock reconvergence pessimism
                                 -2.000000    7.750000   output external delay
                                              7.750000   data required time
---------------------------------------------------------------------------------------------
                                              7.750000   data required time
                                             -3.458669   data arrival time
---------------------------------------------------------------------------------------------
                                              4.291331   slack (MET)


Startpoint: otrip[3] (input port clocked by __VIRTUAL_CLK__)
Endpoint: otrip_decoded[7] (output port clocked by __VIRTUAL_CLK__)
Path Group: __VIRTUAL_CLK__
Path Type: max

Fanout         Cap        Slew       Delay        Time   Description
---------------------------------------------------------------------------------------------
                      0.000000    0.000000    0.000000   clock __VIRTUAL_CLK__ (rise edge)
                                  0.000000    0.000000   clock network delay (ideal)
                                  2.000000    2.000000 v input external delay
     1    0.002858    0.018680    0.009458    2.009458 v otrip[3] (in)
                                                         otrip[3] (net)
                      0.018682    0.000000    2.009458 v input4/A (sky130_fd_sc_hd__clkbuf_1)
     2    0.006892    0.092195    0.172603    2.182061 v input4/X (sky130_fd_sc_hd__clkbuf_1)
                                                         net4 (net)
                      0.092196    0.000244    2.182306 v fanout21/A (sky130_fd_sc_hd__clkbuf_2)
    10    0.031919    0.226194    0.334002    2.516307 v fanout21/X (sky130_fd_sc_hd__clkbuf_2)
                                                         net21 (net)
                      0.226229    0.002383    2.518690 v _07_/A_N (sky130_fd_sc_hd__and4b_1)
     1    0.002864    0.102261    0.562319    3.081009 ^ _07_/X (sky130_fd_sc_hd__and4b_1)
                                                         net18 (net)
                      0.102261    0.000185    3.081194 ^ output18/A (sky130_fd_sc_hd__buf_2)
     1    0.033962    0.270194    0.356254    3.437448 ^ output18/X (sky130_fd_sc_hd__buf_2)
                                                         otrip_decoded[7] (net)
                      0.270208    0.001593    3.439041 ^ otrip_decoded[7] (out)
                                              3.439041   data arrival time

                      0.000000   10.000000   10.000000   clock __VIRTUAL_CLK__ (rise edge)
                                  0.000000   10.000000   clock network delay (ideal)
                                 -0.250000    9.750000   clock uncertainty
                                  0.000000    9.750000   clock reconvergence pessimism
                                 -2.000000    7.750000   output external delay
                                              7.750000   data required time
---------------------------------------------------------------------------------------------
                                              7.750000   data required time
                                             -3.439041   data arrival time
---------------------------------------------------------------------------------------------
                                              4.310959   slack (MET)


Startpoint: otrip[3] (input port clocked by __VIRTUAL_CLK__)
Endpoint: otrip_decoded[14] (output port clocked by __VIRTUAL_CLK__)
Path Group: __VIRTUAL_CLK__
Path Type: max

Fanout         Cap        Slew       Delay        Time   Description
---------------------------------------------------------------------------------------------
                      0.000000    0.000000    0.000000   clock __VIRTUAL_CLK__ (rise edge)
                                  0.000000    0.000000   clock network delay (ideal)
                                  2.000000    2.000000 ^ input external delay
     1    0.002987    0.033484    0.016822    2.016822 ^ otrip[3] (in)
                                                         otrip[3] (net)
                      0.033485    0.000000    2.016822 ^ input4/A (sky130_fd_sc_hd__clkbuf_1)
     2    0.007206    0.150567    0.191493    2.208315 ^ input4/X (sky130_fd_sc_hd__clkbuf_1)
                                                         net4 (net)
                      0.150567    0.000286    2.208600 ^ fanout22/A (sky130_fd_sc_hd__buf_1)
     6    0.016761    0.324505    0.365682    2.574282 ^ fanout22/X (sky130_fd_sc_hd__buf_1)
                                                         net22 (net)
                      0.324515    0.001452    2.575734 ^ _14_/D (sky130_fd_sc_hd__and4b_1)
     1    0.002704    0.100304    0.473745    3.049480 ^ _14_/X (sky130_fd_sc_hd__and4b_1)
                                                         net10 (net)
                      0.100305    0.000175    3.049654 ^ output10/A (sky130_fd_sc_hd__buf_2)
     1    0.034129    0.271439    0.356189    3.405843 ^ output10/X (sky130_fd_sc_hd__buf_2)
                                                         otrip_decoded[14] (net)
                      0.271453    0.001644    3.407487 ^ otrip_decoded[14] (out)
                                              3.407487   data arrival time

                      0.000000   10.000000   10.000000   clock __VIRTUAL_CLK__ (rise edge)
                                  0.000000   10.000000   clock network delay (ideal)
                                 -0.250000    9.750000   clock uncertainty
                                  0.000000    9.750000   clock reconvergence pessimism
                                 -2.000000    7.750000   output external delay
                                              7.750000   data required time
---------------------------------------------------------------------------------------------
                                              7.750000   data required time
                                             -3.407487   data arrival time
---------------------------------------------------------------------------------------------
                                              4.342513   slack (MET)


Startpoint: otrip[0] (input port clocked by __VIRTUAL_CLK__)
Endpoint: otrip_decoded[13] (output port clocked by __VIRTUAL_CLK__)
Path Group: __VIRTUAL_CLK__
Path Type: max

Fanout         Cap        Slew       Delay        Time   Description
---------------------------------------------------------------------------------------------
                      0.000000    0.000000    0.000000   clock __VIRTUAL_CLK__ (rise edge)
                                  0.000000    0.000000   clock network delay (ideal)
                                  2.000000    2.000000 ^ input external delay
     1    0.003269    0.035371    0.018316    2.018316 ^ otrip[0] (in)
                                                         otrip[0] (net)
                      0.035372    0.000000    2.018316 ^ input1/A (sky130_fd_sc_hd__clkbuf_1)
     2    0.006720    0.141832    0.186000    2.204315 ^ input1/X (sky130_fd_sc_hd__clkbuf_1)
                                                         net1 (net)
                      0.141833    0.000373    2.204689 ^ fanout28/A (sky130_fd_sc_hd__buf_1)
     6    0.017260    0.333631    0.368896    2.573585 ^ fanout28/X (sky130_fd_sc_hd__buf_1)
                                                         net28 (net)
                      0.333635    0.000958    2.574543 ^ _13_/D (sky130_fd_sc_hd__and4b_1)
     1    0.002233    0.094195    0.468029    3.042572 ^ _13_/X (sky130_fd_sc_hd__and4b_1)
                                                         net9 (net)
                      0.094195    0.000152    3.042724 ^ output9/A (sky130_fd_sc_hd__buf_2)
     1    0.034834    0.276667    0.357044    3.399767 ^ output9/X (sky130_fd_sc_hd__buf_2)
                                                         otrip_decoded[13] (net)
                      0.276681    0.001678    3.401445 ^ otrip_decoded[13] (out)
                                              3.401445   data arrival time

                      0.000000   10.000000   10.000000   clock __VIRTUAL_CLK__ (rise edge)
                                  0.000000   10.000000   clock network delay (ideal)
                                 -0.250000    9.750000   clock uncertainty
                                  0.000000    9.750000   clock reconvergence pessimism
                                 -2.000000    7.750000   output external delay
                                              7.750000   data required time
---------------------------------------------------------------------------------------------
                                              7.750000   data required time
                                             -3.401445   data arrival time
---------------------------------------------------------------------------------------------
                                              4.348555   slack (MET)


Startpoint: otrip[3] (input port clocked by __VIRTUAL_CLK__)
Endpoint: otrip_decoded[11] (output port clocked by __VIRTUAL_CLK__)
Path Group: __VIRTUAL_CLK__
Path Type: max

Fanout         Cap        Slew       Delay        Time   Description
---------------------------------------------------------------------------------------------
                      0.000000    0.000000    0.000000   clock __VIRTUAL_CLK__ (rise edge)
                                  0.000000    0.000000   clock network delay (ideal)
                                  2.000000    2.000000 ^ input external delay
     1    0.002987    0.033484    0.016822    2.016822 ^ otrip[3] (in)
                                                         otrip[3] (net)
                      0.033485    0.000000    2.016822 ^ input4/A (sky130_fd_sc_hd__clkbuf_1)
     2    0.007206    0.150567    0.191493    2.208315 ^ input4/X (sky130_fd_sc_hd__clkbuf_1)
                                                         net4 (net)
                      0.150567    0.000286    2.208600 ^ fanout22/A (sky130_fd_sc_hd__buf_1)
     6    0.016761    0.324505    0.365682    2.574282 ^ fanout22/X (sky130_fd_sc_hd__buf_1)
                                                         net22 (net)
                      0.324514    0.001411    2.575694 ^ _11_/D (sky130_fd_sc_hd__and4b_1)
     1    0.001931    0.090223    0.460360    3.036054 ^ _11_/X (sky130_fd_sc_hd__and4b_1)
                                                         net7 (net)
                      0.090223    0.000089    3.036143 ^ output7/A (sky130_fd_sc_hd__buf_2)
     1    0.035032    0.278133    0.356223    3.392366 ^ output7/X (sky130_fd_sc_hd__buf_2)
                                                         otrip_decoded[11] (net)
                      0.278148    0.001697    3.394063 ^ otrip_decoded[11] (out)
                                              3.394063   data arrival time

                      0.000000   10.000000   10.000000   clock __VIRTUAL_CLK__ (rise edge)
                                  0.000000   10.000000   clock network delay (ideal)
                                 -0.250000    9.750000   clock uncertainty
                                  0.000000    9.750000   clock reconvergence pessimism
                                 -2.000000    7.750000   output external delay
                                              7.750000   data required time
---------------------------------------------------------------------------------------------
                                              7.750000   data required time
                                             -3.394063   data arrival time
---------------------------------------------------------------------------------------------
                                              4.355937   slack (MET)


Startpoint: otrip[1] (input port clocked by __VIRTUAL_CLK__)
Endpoint: otrip_decoded[15] (output port clocked by __VIRTUAL_CLK__)
Path Group: __VIRTUAL_CLK__
Path Type: max

Fanout         Cap        Slew       Delay        Time   Description
---------------------------------------------------------------------------------------------
                      0.000000    0.000000    0.000000   clock __VIRTUAL_CLK__ (rise edge)
                                  0.000000    0.000000   clock network delay (ideal)
                                  2.000000    2.000000 ^ input external delay
     1    0.003017    0.033685    0.016982    2.016982 ^ otrip[1] (in)
                                                         otrip[1] (net)
                      0.033686    0.000000    2.016982 ^ input2/A (sky130_fd_sc_hd__clkbuf_1)
     2    0.009672    0.195161    0.223336    2.240318 ^ input2/X (sky130_fd_sc_hd__clkbuf_1)
                                                         net2 (net)
                      0.195164    0.000601    2.240919 ^ fanout26/A (sky130_fd_sc_hd__buf_1)
     6    0.014380    0.280674    0.353436    2.594354 ^ fanout26/X (sky130_fd_sc_hd__buf_1)
                                                         net26 (net)
                      0.280675    0.000391    2.594745 ^ _15_/C (sky130_fd_sc_hd__and4_1)
     1    0.002410    0.095824    0.438746    3.033491 ^ _15_/X (sky130_fd_sc_hd__and4_1)
                                                         net11 (net)
                      0.095824    0.000169    3.033660 ^ output11/A (sky130_fd_sc_hd__buf_2)
     1    0.034913    0.277262    0.358212    3.391873 ^ output11/X (sky130_fd_sc_hd__buf_2)
                                                         otrip_decoded[15] (net)
                      0.277277    0.001703    3.393575 ^ otrip_decoded[15] (out)
                                              3.393575   data arrival time

                      0.000000   10.000000   10.000000   clock __VIRTUAL_CLK__ (rise edge)
                                  0.000000   10.000000   clock network delay (ideal)
                                 -0.250000    9.750000   clock uncertainty
                                  0.000000    9.750000   clock reconvergence pessimism
                                 -2.000000    7.750000   output external delay
                                              7.750000   data required time
---------------------------------------------------------------------------------------------
                                              7.750000   data required time
                                             -3.393575   data arrival time
---------------------------------------------------------------------------------------------
                                              4.356425   slack (MET)



