
===========================================================================
report_checks -unconstrained
===========================================================================
======================= min_ss_100C_1v60 Corner ===================================

Startpoint: otrip[3] (input port clocked by __VIRTUAL_CLK__)
Endpoint: otrip_decoded[4] (output port clocked by __VIRTUAL_CLK__)
Path Group: __VIRTUAL_CLK__
Path Type: max

Fanout         Cap        Slew       Delay        Time   Description
---------------------------------------------------------------------------------------------
                      0.000000    0.000000    0.000000   clock __VIRTUAL_CLK__ (rise edge)
                                  0.000000    0.000000   clock network delay (ideal)
                                  2.000000    2.000000 v input external delay
     1    0.002765    0.018329    0.009110    2.009109 v otrip[3] (in)
                                                         otrip[3] (net)
                      0.018329    0.000000    2.009109 v input4/A (sky130_fd_sc_hd__clkbuf_1)
     2    0.006500    0.088068    0.169349    2.178459 v input4/X (sky130_fd_sc_hd__clkbuf_1)
                                                         net4 (net)
                      0.088068    0.000031    2.178490 v fanout21/A (sky130_fd_sc_hd__clkbuf_2)
    10    0.029627    0.210549    0.322935    2.501425 v fanout21/X (sky130_fd_sc_hd__clkbuf_2)
                                                         net21 (net)
                      0.210551    0.000549    2.501973 v _04_/A (sky130_fd_sc_hd__nor4b_1)
     1    0.002048    0.370766    0.525830    3.027803 ^ _04_/Y (sky130_fd_sc_hd__nor4b_1)
                                                         net15 (net)
                      0.370766    0.000018    3.027821 ^ output15/A (sky130_fd_sc_hd__buf_2)
     1    0.034320    0.273508    0.473072    3.500893 ^ output15/X (sky130_fd_sc_hd__buf_2)
                                                         otrip_decoded[4] (net)
                      0.273509    0.000357    3.501250 ^ otrip_decoded[4] (out)
                                              3.501250   data arrival time

                      0.000000   10.000000   10.000000   clock __VIRTUAL_CLK__ (rise edge)
                                  0.000000   10.000000   clock network delay (ideal)
                                 -0.250000    9.750000   clock uncertainty
                                  0.000000    9.750000   clock reconvergence pessimism
                                 -2.000000    7.750000   output external delay
                                              7.750000   data required time
---------------------------------------------------------------------------------------------
                                              7.750000   data required time
                                             -3.501250   data arrival time
---------------------------------------------------------------------------------------------
                                              4.248750   slack (MET)




===========================================================================
report_checks --slack_max -0.01
============================================================================
======================= min_ss_100C_1v60 Corner ===================================

No paths found.


===========================================================================
 report_check_types -max_slew -max_cap -max_fanout -violators
============================================================================
======================= min_ss_100C_1v60 Corner ===================================



===========================================================================
report_parasitic_annotation -report_unannotated
============================================================================
Found 0 unannotated drivers.
Found 0 partially unannotated drivers.

===========================================================================
max slew violation count 0
max fanout violation count 0
max cap violation count 0
============================================================================

===========================================================================
check_setup -verbose -unconstrained_endpoints -multiple_clock -no_clock -no_input_delay -loops -generated_clocks
===========================================================================
