
===========================================================================
report_checks -path_delay min (Hold)
============================================================================
======================= min_ss_100C_1v60 Corner ===================================

Startpoint: otrip[2] (input port clocked by __VIRTUAL_CLK__)
Endpoint: otrip_decoded[8] (output port clocked by __VIRTUAL_CLK__)
Path Group: __VIRTUAL_CLK__
Path Type: min

Fanout         Cap        Slew       Delay        Time   Description
---------------------------------------------------------------------------------------------
                      0.000000    0.000000    0.000000   clock __VIRTUAL_CLK__ (rise edge)
                                  0.000000    0.000000   clock network delay (ideal)
                                  2.000000    2.000000 ^ input external delay
     1    0.003109    0.034302    0.017408    2.017408 ^ otrip[2] (in)
                                                         otrip[2] (net)
                      0.034302    0.000000    2.017408 ^ input3/A (sky130_fd_sc_hd__clkbuf_1)
     2    0.007013    0.147073    0.189476    2.206884 ^ input3/X (sky130_fd_sc_hd__clkbuf_1)
                                                         net3 (net)
                      0.147073    0.000102    2.206986 ^ fanout24/A (sky130_fd_sc_hd__buf_1)
     6    0.013389    0.262820    0.321040    2.528025 ^ fanout24/X (sky130_fd_sc_hd__buf_1)
                                                         net24 (net)
                      0.262820    0.000176    2.528201 ^ _08_/C (sky130_fd_sc_hd__nor4b_1)
     1    0.001868    0.067431    0.151223    2.679424 v _08_/Y (sky130_fd_sc_hd__nor4b_1)
                                                         net19 (net)
                      0.067431    0.000016    2.679440 v output19/A (sky130_fd_sc_hd__buf_2)
     1    0.034576    0.166921    0.344706    3.024147 v output19/X (sky130_fd_sc_hd__buf_2)
                                                         otrip_decoded[8] (net)
                      0.166922    0.000191    3.024338 v otrip_decoded[8] (out)
                                              3.024338   data arrival time

                      0.000000    0.000000    0.000000   clock __VIRTUAL_CLK__ (rise edge)
                                  0.000000    0.000000   clock network delay (ideal)
                                  0.250000    0.250000   clock uncertainty
                                  0.000000    0.250000   clock reconvergence pessimism
                                 -2.000000   -1.750000   output external delay
                                             -1.750000   data required time
---------------------------------------------------------------------------------------------
                                             -1.750000   data required time
                                             -3.024338   data arrival time
---------------------------------------------------------------------------------------------
                                              4.774338   slack (MET)


Startpoint: otrip[2] (input port clocked by __VIRTUAL_CLK__)
Endpoint: otrip_decoded[0] (output port clocked by __VIRTUAL_CLK__)
Path Group: __VIRTUAL_CLK__
Path Type: min

Fanout         Cap        Slew       Delay        Time   Description
---------------------------------------------------------------------------------------------
                      0.000000    0.000000    0.000000   clock __VIRTUAL_CLK__ (rise edge)
                                  0.000000    0.000000   clock network delay (ideal)
                                  2.000000    2.000000 ^ input external delay
     1    0.003109    0.034302    0.017408    2.017408 ^ otrip[2] (in)
                                                         otrip[2] (net)
                      0.034302    0.000000    2.017408 ^ input3/A (sky130_fd_sc_hd__clkbuf_1)
     2    0.007013    0.147073    0.189476    2.206884 ^ input3/X (sky130_fd_sc_hd__clkbuf_1)
                                                         net3 (net)
                      0.147073    0.000094    2.206977 ^ fanout23/A (sky130_fd_sc_hd__clkbuf_2)
    10    0.029058    0.252490    0.358781    2.565758 ^ fanout23/X (sky130_fd_sc_hd__clkbuf_2)
                                                         net23 (net)
                      0.252490    0.000103    2.565862 ^ _00_/D (sky130_fd_sc_hd__nor4_1)
     1    0.001783    0.066995    0.135435    2.701297 v _00_/Y (sky130_fd_sc_hd__nor4_1)
                                                         net5 (net)
                      0.066995    0.000008    2.701304 v output5/A (sky130_fd_sc_hd__buf_2)
     1    0.034780    0.167853    0.345160    3.046464 v output5/X (sky130_fd_sc_hd__buf_2)
                                                         otrip_decoded[0] (net)
                      0.167854    0.000192    3.046656 v otrip_decoded[0] (out)
                                              3.046656   data arrival time

                      0.000000    0.000000    0.000000   clock __VIRTUAL_CLK__ (rise edge)
                                  0.000000    0.000000   clock network delay (ideal)
                                  0.250000    0.250000   clock uncertainty
                                  0.000000    0.250000   clock reconvergence pessimism
                                 -2.000000   -1.750000   output external delay
                                             -1.750000   data required time
---------------------------------------------------------------------------------------------
                                             -1.750000   data required time
                                             -3.046656   data arrival time
---------------------------------------------------------------------------------------------
                                              4.796656   slack (MET)


Startpoint: otrip[2] (input port clocked by __VIRTUAL_CLK__)
Endpoint: otrip_decoded[1] (output port clocked by __VIRTUAL_CLK__)
Path Group: __VIRTUAL_CLK__
Path Type: min

Fanout         Cap        Slew       Delay        Time   Description
---------------------------------------------------------------------------------------------
                      0.000000    0.000000    0.000000   clock __VIRTUAL_CLK__ (rise edge)
                                  0.000000    0.000000   clock network delay (ideal)
                                  2.000000    2.000000 ^ input external delay
     1    0.003109    0.034302    0.017408    2.017408 ^ otrip[2] (in)
                                                         otrip[2] (net)
                      0.034302    0.000000    2.017408 ^ input3/A (sky130_fd_sc_hd__clkbuf_1)
     2    0.007013    0.147073    0.189476    2.206884 ^ input3/X (sky130_fd_sc_hd__clkbuf_1)
                                                         net3 (net)
                      0.147073    0.000094    2.206977 ^ fanout23/A (sky130_fd_sc_hd__clkbuf_2)
    10    0.029058    0.252490    0.358781    2.565758 ^ fanout23/X (sky130_fd_sc_hd__clkbuf_2)
                                                         net23 (net)
                      0.252492    0.000582    2.566340 ^ _01_/C (sky130_fd_sc_hd__nor4b_1)
     1    0.001838    0.067241    0.148188    2.714528 v _01_/Y (sky130_fd_sc_hd__nor4b_1)
                                                         net12 (net)
                      0.067241    0.000016    2.714543 v output12/A (sky130_fd_sc_hd__buf_2)
     1    0.034319    0.165956    0.343683    3.058226 v output12/X (sky130_fd_sc_hd__buf_2)
                                                         otrip_decoded[1] (net)
                      0.165957    0.000357    3.058583 v otrip_decoded[1] (out)
                                              3.058583   data arrival time

                      0.000000    0.000000    0.000000   clock __VIRTUAL_CLK__ (rise edge)
                                  0.000000    0.000000   clock network delay (ideal)
                                  0.250000    0.250000   clock uncertainty
                                  0.000000    0.250000   clock reconvergence pessimism
                                 -2.000000   -1.750000   output external delay
                                             -1.750000   data required time
---------------------------------------------------------------------------------------------
                                             -1.750000   data required time
                                             -3.058583   data arrival time
---------------------------------------------------------------------------------------------
                                              4.808583   slack (MET)


Startpoint: otrip[2] (input port clocked by __VIRTUAL_CLK__)
Endpoint: otrip_decoded[2] (output port clocked by __VIRTUAL_CLK__)
Path Group: __VIRTUAL_CLK__
Path Type: min

Fanout         Cap        Slew       Delay        Time   Description
---------------------------------------------------------------------------------------------
                      0.000000    0.000000    0.000000   clock __VIRTUAL_CLK__ (rise edge)
                                  0.000000    0.000000   clock network delay (ideal)
                                  2.000000    2.000000 ^ input external delay
     1    0.003109    0.034302    0.017408    2.017408 ^ otrip[2] (in)
                                                         otrip[2] (net)
                      0.034302    0.000000    2.017408 ^ input3/A (sky130_fd_sc_hd__clkbuf_1)
     2    0.007013    0.147073    0.189476    2.206884 ^ input3/X (sky130_fd_sc_hd__clkbuf_1)
                                                         net3 (net)
                      0.147073    0.000094    2.206977 ^ fanout23/A (sky130_fd_sc_hd__clkbuf_2)
    10    0.029058    0.252490    0.358781    2.565758 ^ fanout23/X (sky130_fd_sc_hd__clkbuf_2)
                                                         net23 (net)
                      0.252493    0.000775    2.566533 ^ _02_/C (sky130_fd_sc_hd__nor4b_1)
     1    0.001878    0.067510    0.148568    2.715101 v _02_/Y (sky130_fd_sc_hd__nor4b_1)
                                                         net13 (net)
                      0.067510    0.000016    2.715117 v output13/A (sky130_fd_sc_hd__buf_2)
     1    0.034320    0.165960    0.343810    3.058927 v output13/X (sky130_fd_sc_hd__buf_2)
                                                         otrip_decoded[2] (net)
                      0.165961    0.000357    3.059283 v otrip_decoded[2] (out)
                                              3.059283   data arrival time

                      0.000000    0.000000    0.000000   clock __VIRTUAL_CLK__ (rise edge)
                                  0.000000    0.000000   clock network delay (ideal)
                                  0.250000    0.250000   clock uncertainty
                                  0.000000    0.250000   clock reconvergence pessimism
                                 -2.000000   -1.750000   output external delay
                                             -1.750000   data required time
---------------------------------------------------------------------------------------------
                                             -1.750000   data required time
                                             -3.059283   data arrival time
---------------------------------------------------------------------------------------------
                                              4.809284   slack (MET)


Startpoint: otrip[0] (input port clocked by __VIRTUAL_CLK__)
Endpoint: otrip_decoded[4] (output port clocked by __VIRTUAL_CLK__)
Path Group: __VIRTUAL_CLK__
Path Type: min

Fanout         Cap        Slew       Delay        Time   Description
---------------------------------------------------------------------------------------------
                      0.000000    0.000000    0.000000   clock __VIRTUAL_CLK__ (rise edge)
                                  0.000000    0.000000   clock network delay (ideal)
                                  2.000000    2.000000 ^ input external delay
     1    0.003119    0.034373    0.017461    2.017461 ^ otrip[0] (in)
                                                         otrip[0] (net)
                      0.034373    0.000000    2.017461 ^ input1/A (sky130_fd_sc_hd__clkbuf_1)
     2    0.006270    0.133710    0.179907    2.197368 ^ input1/X (sky130_fd_sc_hd__clkbuf_1)
                                                         net1 (net)
                      0.133710    0.000067    2.197435 ^ fanout27/A (sky130_fd_sc_hd__clkbuf_2)
    10    0.030392    0.263191    0.360486    2.557921 ^ fanout27/X (sky130_fd_sc_hd__clkbuf_2)
                                                         net27 (net)
                      0.263191    0.000163    2.558083 ^ _04_/B (sky130_fd_sc_hd__nor4b_1)
     1    0.001920    0.067865    0.158868    2.716951 v _04_/Y (sky130_fd_sc_hd__nor4b_1)
                                                         net15 (net)
                      0.067865    0.000017    2.716968 v output15/A (sky130_fd_sc_hd__buf_2)
     1    0.034320    0.165958    0.343973    3.060941 v output15/X (sky130_fd_sc_hd__buf_2)
                                                         otrip_decoded[4] (net)
                      0.165959    0.000357    3.061297 v otrip_decoded[4] (out)
                                              3.061297   data arrival time

                      0.000000    0.000000    0.000000   clock __VIRTUAL_CLK__ (rise edge)
                                  0.000000    0.000000   clock network delay (ideal)
                                  0.250000    0.250000   clock uncertainty
                                  0.000000    0.250000   clock reconvergence pessimism
                                 -2.000000   -1.750000   output external delay
                                             -1.750000   data required time
---------------------------------------------------------------------------------------------
                                             -1.750000   data required time
                                             -3.061297   data arrival time
---------------------------------------------------------------------------------------------
                                              4.811297   slack (MET)


Startpoint: otrip[3] (input port clocked by __VIRTUAL_CLK__)
Endpoint: otrip_decoded[15] (output port clocked by __VIRTUAL_CLK__)
Path Group: __VIRTUAL_CLK__
Path Type: min

Fanout         Cap        Slew       Delay        Time   Description
---------------------------------------------------------------------------------------------
                      0.000000    0.000000    0.000000   clock __VIRTUAL_CLK__ (rise edge)
                                  0.000000    0.000000   clock network delay (ideal)
                                  2.000000    2.000000 v input external delay
     1    0.002765    0.018329    0.009110    2.009109 v otrip[3] (in)
                                                         otrip[3] (net)
                      0.018329    0.000000    2.009109 v input4/A (sky130_fd_sc_hd__clkbuf_1)
     2    0.006500    0.088068    0.169349    2.178459 v input4/X (sky130_fd_sc_hd__clkbuf_1)
                                                         net4 (net)
                      0.088068    0.000044    2.178502 v fanout22/A (sky130_fd_sc_hd__buf_1)
     6    0.014865    0.176071    0.268918    2.447420 v fanout22/X (sky130_fd_sc_hd__buf_1)
                                                         net22 (net)
                      0.176071    0.000307    2.447727 v _15_/A (sky130_fd_sc_hd__and4_1)
     1    0.002149    0.059556    0.342958    2.790685 v _15_/X (sky130_fd_sc_hd__and4_1)
                                                         net11 (net)
                      0.059556    0.000020    2.790706 v output11/A (sky130_fd_sc_hd__buf_2)
     1    0.034744    0.167758    0.341610    3.132316 v output11/X (sky130_fd_sc_hd__buf_2)
                                                         otrip_decoded[15] (net)
                      0.167758    0.000227    3.132543 v otrip_decoded[15] (out)
                                              3.132543   data arrival time

                      0.000000    0.000000    0.000000   clock __VIRTUAL_CLK__ (rise edge)
                                  0.000000    0.000000   clock network delay (ideal)
                                  0.250000    0.250000   clock uncertainty
                                  0.000000    0.250000   clock reconvergence pessimism
                                 -2.000000   -1.750000   output external delay
                                             -1.750000   data required time
---------------------------------------------------------------------------------------------
                                             -1.750000   data required time
                                             -3.132543   data arrival time
---------------------------------------------------------------------------------------------
                                              4.882543   slack (MET)


Startpoint: otrip[2] (input port clocked by __VIRTUAL_CLK__)
Endpoint: otrip_decoded[13] (output port clocked by __VIRTUAL_CLK__)
Path Group: __VIRTUAL_CLK__
Path Type: min

Fanout         Cap        Slew       Delay        Time   Description
---------------------------------------------------------------------------------------------
                      0.000000    0.000000    0.000000   clock __VIRTUAL_CLK__ (rise edge)
                                  0.000000    0.000000   clock network delay (ideal)
                                  2.000000    2.000000 v input external delay
     1    0.002980    0.019151    0.009788    2.009788 v otrip[2] (in)
                                                         otrip[2] (net)
                      0.019151    0.000000    2.009788 v input3/A (sky130_fd_sc_hd__clkbuf_1)
     2    0.006699    0.090145    0.171312    2.181101 v input3/X (sky130_fd_sc_hd__clkbuf_1)
                                                         net3 (net)
                      0.090145    0.000097    2.181198 v fanout24/A (sky130_fd_sc_hd__buf_1)
     6    0.012764    0.153259    0.253394    2.434592 v fanout24/X (sky130_fd_sc_hd__buf_1)
                                                         net24 (net)
                      0.153259    0.000101    2.434693 v _13_/B (sky130_fd_sc_hd__and4b_1)
     1    0.002009    0.063128    0.383043    2.817735 v _13_/X (sky130_fd_sc_hd__and4b_1)
                                                         net9 (net)
                      0.063128    0.000018    2.817753 v output9/A (sky130_fd_sc_hd__buf_2)
     1    0.034635    0.167304    0.342911    3.160664 v output9/X (sky130_fd_sc_hd__buf_2)
                                                         otrip_decoded[13] (net)
                      0.167304    0.000209    3.160873 v otrip_decoded[13] (out)
                                              3.160873   data arrival time

                      0.000000    0.000000    0.000000   clock __VIRTUAL_CLK__ (rise edge)
                                  0.000000    0.000000   clock network delay (ideal)
                                  0.250000    0.250000   clock uncertainty
                                  0.000000    0.250000   clock reconvergence pessimism
                                 -2.000000   -1.750000   output external delay
                                             -1.750000   data required time
---------------------------------------------------------------------------------------------
                                             -1.750000   data required time
                                             -3.160873   data arrival time
---------------------------------------------------------------------------------------------
                                              4.910873   slack (MET)


Startpoint: otrip[1] (input port clocked by __VIRTUAL_CLK__)
Endpoint: otrip_decoded[11] (output port clocked by __VIRTUAL_CLK__)
Path Group: __VIRTUAL_CLK__
Path Type: min

Fanout         Cap        Slew       Delay        Time   Description
---------------------------------------------------------------------------------------------
                      0.000000    0.000000    0.000000   clock __VIRTUAL_CLK__ (rise edge)
                                  0.000000    0.000000   clock network delay (ideal)
                                  2.000000    2.000000 v input external delay
     1    0.002787    0.018410    0.009177    2.009177 v otrip[1] (in)
                                                         otrip[1] (net)
                      0.018410    0.000000    2.009177 v input2/A (sky130_fd_sc_hd__clkbuf_1)
     2    0.008469    0.108702    0.185620    2.194797 v input2/X (sky130_fd_sc_hd__clkbuf_1)
                                                         net2 (net)
                      0.108703    0.000123    2.194920 v fanout26/A (sky130_fd_sc_hd__buf_1)
     6    0.012969    0.155489    0.263968    2.458888 v fanout26/X (sky130_fd_sc_hd__buf_1)
                                                         net26 (net)
                      0.155489    0.000085    2.458973 v _11_/B (sky130_fd_sc_hd__and4b_1)
     1    0.001777    0.062490    0.381338    2.840312 v _11_/X (sky130_fd_sc_hd__and4b_1)
                                                         net7 (net)
                      0.062490    0.000007    2.840319 v output7/A (sky130_fd_sc_hd__buf_2)
     1    0.034904    0.168373    0.343469    3.183788 v output7/X (sky130_fd_sc_hd__buf_2)
                                                         otrip_decoded[11] (net)
                      0.168374    0.000222    3.184010 v otrip_decoded[11] (out)
                                              3.184010   data arrival time

                      0.000000    0.000000    0.000000   clock __VIRTUAL_CLK__ (rise edge)
                                  0.000000    0.000000   clock network delay (ideal)
                                  0.250000    0.250000   clock uncertainty
                                  0.000000    0.250000   clock reconvergence pessimism
                                 -2.000000   -1.750000   output external delay
                                             -1.750000   data required time
---------------------------------------------------------------------------------------------
                                             -1.750000   data required time
                                             -3.184010   data arrival time
---------------------------------------------------------------------------------------------
                                              4.934010   slack (MET)


Startpoint: otrip[2] (input port clocked by __VIRTUAL_CLK__)
Endpoint: otrip_decoded[14] (output port clocked by __VIRTUAL_CLK__)
Path Group: __VIRTUAL_CLK__
Path Type: min

Fanout         Cap        Slew       Delay        Time   Description
---------------------------------------------------------------------------------------------
                      0.000000    0.000000    0.000000   clock __VIRTUAL_CLK__ (rise edge)
                                  0.000000    0.000000   clock network delay (ideal)
                                  2.000000    2.000000 v input external delay
     1    0.002980    0.019151    0.009788    2.009788 v otrip[2] (in)
                                                         otrip[2] (net)
                      0.019151    0.000000    2.009788 v input3/A (sky130_fd_sc_hd__clkbuf_1)
     2    0.006699    0.090145    0.171312    2.181101 v input3/X (sky130_fd_sc_hd__clkbuf_1)
                                                         net3 (net)
                      0.090145    0.000097    2.181198 v fanout24/A (sky130_fd_sc_hd__buf_1)
     6    0.012764    0.153259    0.253394    2.434592 v fanout24/X (sky130_fd_sc_hd__buf_1)
                                                         net24 (net)
                      0.153259    0.000161    2.434753 v _14_/C (sky130_fd_sc_hd__and4b_1)
     1    0.002412    0.066431    0.411418    2.846172 v _14_/X (sky130_fd_sc_hd__and4b_1)
                                                         net10 (net)
                      0.066431    0.000028    2.846199 v output10/A (sky130_fd_sc_hd__buf_2)
     1    0.034040    0.164817    0.342527    3.188726 v output10/X (sky130_fd_sc_hd__buf_2)
                                                         otrip_decoded[14] (net)
                      0.164817    0.000200    3.188926 v otrip_decoded[14] (out)
                                              3.188926   data arrival time

                      0.000000    0.000000    0.000000   clock __VIRTUAL_CLK__ (rise edge)
                                  0.000000    0.000000   clock network delay (ideal)
                                  0.250000    0.250000   clock uncertainty
                                  0.000000    0.250000   clock reconvergence pessimism
                                 -2.000000   -1.750000   output external delay
                                             -1.750000   data required time
---------------------------------------------------------------------------------------------
                                             -1.750000   data required time
                                             -3.188926   data arrival time
---------------------------------------------------------------------------------------------
                                              4.938926   slack (MET)


Startpoint: otrip[3] (input port clocked by __VIRTUAL_CLK__)
Endpoint: otrip_decoded[9] (output port clocked by __VIRTUAL_CLK__)
Path Group: __VIRTUAL_CLK__
Path Type: min

Fanout         Cap        Slew       Delay        Time   Description
---------------------------------------------------------------------------------------------
                      0.000000    0.000000    0.000000   clock __VIRTUAL_CLK__ (rise edge)
                                  0.000000    0.000000   clock network delay (ideal)
                                  2.000000    2.000000 v input external delay
     1    0.002765    0.018329    0.009110    2.009109 v otrip[3] (in)
                                                         otrip[3] (net)
                      0.018329    0.000000    2.009109 v input4/A (sky130_fd_sc_hd__clkbuf_1)
     2    0.006500    0.088068    0.169349    2.178459 v input4/X (sky130_fd_sc_hd__clkbuf_1)
                                                         net4 (net)
                      0.088068    0.000044    2.178502 v fanout22/A (sky130_fd_sc_hd__buf_1)
     6    0.014865    0.176071    0.268918    2.447420 v fanout22/X (sky130_fd_sc_hd__buf_1)
                                                         net22 (net)
                      0.176071    0.000092    2.447513 v _09_/C (sky130_fd_sc_hd__and4bb_1)
     1    0.002270    0.063161    0.422747    2.870259 v _09_/X (sky130_fd_sc_hd__and4bb_1)
                                                         net20 (net)
                      0.063161    0.000022    2.870281 v output20/A (sky130_fd_sc_hd__buf_2)
     1    0.034191    0.165471    0.341409    3.211690 v output20/X (sky130_fd_sc_hd__buf_2)
                                                         otrip_decoded[9] (net)
                      0.165472    0.000348    3.212038 v otrip_decoded[9] (out)
                                              3.212038   data arrival time

                      0.000000    0.000000    0.000000   clock __VIRTUAL_CLK__ (rise edge)
                                  0.000000    0.000000   clock network delay (ideal)
                                  0.250000    0.250000   clock uncertainty
                                  0.000000    0.250000   clock reconvergence pessimism
                                 -2.000000   -1.750000   output external delay
                                             -1.750000   data required time
---------------------------------------------------------------------------------------------
                                             -1.750000   data required time
                                             -3.212038   data arrival time
---------------------------------------------------------------------------------------------
                                              4.962038   slack (MET)


Startpoint: otrip[1] (input port clocked by __VIRTUAL_CLK__)
Endpoint: otrip_decoded[7] (output port clocked by __VIRTUAL_CLK__)
Path Group: __VIRTUAL_CLK__
Path Type: min

Fanout         Cap        Slew       Delay        Time   Description
---------------------------------------------------------------------------------------------
                      0.000000    0.000000    0.000000   clock __VIRTUAL_CLK__ (rise edge)
                                  0.000000    0.000000   clock network delay (ideal)
                                  2.000000    2.000000 v input external delay
     1    0.002787    0.018410    0.009177    2.009177 v otrip[1] (in)
                                                         otrip[1] (net)
                      0.018410    0.000000    2.009177 v input2/A (sky130_fd_sc_hd__clkbuf_1)
     2    0.008469    0.108702    0.185620    2.194797 v input2/X (sky130_fd_sc_hd__clkbuf_1)
                                                         net2 (net)
                      0.108703    0.000123    2.194920 v fanout26/A (sky130_fd_sc_hd__buf_1)
     6    0.012969    0.155489    0.263968    2.458888 v fanout26/X (sky130_fd_sc_hd__buf_1)
                                                         net26 (net)
                      0.155489    0.000110    2.458998 v _07_/C (sky130_fd_sc_hd__and4b_1)
     1    0.002501    0.067121    0.413653    2.872652 v _07_/X (sky130_fd_sc_hd__and4b_1)
                                                         net18 (net)
                      0.067121    0.000027    2.872679 v output18/A (sky130_fd_sc_hd__buf_2)
     1    0.033910    0.164293    0.342453    3.215131 v output18/X (sky130_fd_sc_hd__buf_2)
                                                         otrip_decoded[7] (net)
                      0.164293    0.000166    3.215297 v otrip_decoded[7] (out)
                                              3.215297   data arrival time

                      0.000000    0.000000    0.000000   clock __VIRTUAL_CLK__ (rise edge)
                                  0.000000    0.000000   clock network delay (ideal)
                                  0.250000    0.250000   clock uncertainty
                                  0.000000    0.250000   clock reconvergence pessimism
                                 -2.000000   -1.750000   output external delay
                                             -1.750000   data required time
---------------------------------------------------------------------------------------------
                                             -1.750000   data required time
                                             -3.215297   data arrival time
---------------------------------------------------------------------------------------------
                                              4.965297   slack (MET)


Startpoint: otrip[2] (input port clocked by __VIRTUAL_CLK__)
Endpoint: otrip_decoded[5] (output port clocked by __VIRTUAL_CLK__)
Path Group: __VIRTUAL_CLK__
Path Type: min

Fanout         Cap        Slew       Delay        Time   Description
---------------------------------------------------------------------------------------------
                      0.000000    0.000000    0.000000   clock __VIRTUAL_CLK__ (rise edge)
                                  0.000000    0.000000   clock network delay (ideal)
                                  2.000000    2.000000 v input external delay
     1    0.002980    0.019151    0.009788    2.009788 v otrip[2] (in)
                                                         otrip[2] (net)
                      0.019151    0.000000    2.009788 v input3/A (sky130_fd_sc_hd__clkbuf_1)
     2    0.006699    0.090145    0.171312    2.181101 v input3/X (sky130_fd_sc_hd__clkbuf_1)
                                                         net3 (net)
                      0.090145    0.000089    2.181190 v fanout23/A (sky130_fd_sc_hd__clkbuf_2)
    10    0.027718    0.198089    0.314573    2.495762 v fanout23/X (sky130_fd_sc_hd__clkbuf_2)
                                                         net23 (net)
                      0.198095    0.000922    2.496684 v _05_/C (sky130_fd_sc_hd__and4bb_1)
     1    0.001829    0.059656    0.428503    2.925187 v _05_/X (sky130_fd_sc_hd__and4bb_1)
                                                         net16 (net)
                      0.059656    0.000015    2.925203 v output16/A (sky130_fd_sc_hd__buf_2)
     1    0.033965    0.164564    0.339164    3.264366 v output16/X (sky130_fd_sc_hd__buf_2)
                                                         otrip_decoded[5] (net)
                      0.164564    0.000227    3.264593 v otrip_decoded[5] (out)
                                              3.264593   data arrival time

                      0.000000    0.000000    0.000000   clock __VIRTUAL_CLK__ (rise edge)
                                  0.000000    0.000000   clock network delay (ideal)
                                  0.250000    0.250000   clock uncertainty
                                  0.000000    0.250000   clock reconvergence pessimism
                                 -2.000000   -1.750000   output external delay
                                             -1.750000   data required time
---------------------------------------------------------------------------------------------
                                             -1.750000   data required time
                                             -3.264593   data arrival time
---------------------------------------------------------------------------------------------
                                              5.014593   slack (MET)


Startpoint: otrip[1] (input port clocked by __VIRTUAL_CLK__)
Endpoint: otrip_decoded[6] (output port clocked by __VIRTUAL_CLK__)
Path Group: __VIRTUAL_CLK__
Path Type: min

Fanout         Cap        Slew       Delay        Time   Description
---------------------------------------------------------------------------------------------
                      0.000000    0.000000    0.000000   clock __VIRTUAL_CLK__ (rise edge)
                                  0.000000    0.000000   clock network delay (ideal)
                                  2.000000    2.000000 v input external delay
     1    0.002787    0.018410    0.009177    2.009177 v otrip[1] (in)
                                                         otrip[1] (net)
                      0.018410    0.000000    2.009177 v input2/A (sky130_fd_sc_hd__clkbuf_1)
     2    0.008469    0.108702    0.185620    2.194797 v input2/X (sky130_fd_sc_hd__clkbuf_1)
                                                         net2 (net)
                      0.108702    0.000074    2.194870 v fanout25/A (sky130_fd_sc_hd__clkbuf_2)
    10    0.025216    0.181624    0.311517    2.506387 v fanout25/X (sky130_fd_sc_hd__clkbuf_2)
                                                         net25 (net)
                      0.181625    0.000321    2.506708 v _06_/C (sky130_fd_sc_hd__and4bb_1)
     1    0.002121    0.061998    0.423731    2.930439 v _06_/X (sky130_fd_sc_hd__and4bb_1)
                                                         net17 (net)
                      0.061998    0.000020    2.930458 v output17/A (sky130_fd_sc_hd__buf_2)
     1    0.034345    0.166068    0.341408    3.271866 v output17/X (sky130_fd_sc_hd__buf_2)
                                                         otrip_decoded[6] (net)
                      0.166069    0.000293    3.272159 v otrip_decoded[6] (out)
                                              3.272159   data arrival time

                      0.000000    0.000000    0.000000   clock __VIRTUAL_CLK__ (rise edge)
                                  0.000000    0.000000   clock network delay (ideal)
                                  0.250000    0.250000   clock uncertainty
                                  0.000000    0.250000   clock reconvergence pessimism
                                 -2.000000   -1.750000   output external delay
                                             -1.750000   data required time
---------------------------------------------------------------------------------------------
                                             -1.750000   data required time
                                             -3.272159   data arrival time
---------------------------------------------------------------------------------------------
                                              5.022159   slack (MET)


Startpoint: otrip[1] (input port clocked by __VIRTUAL_CLK__)
Endpoint: otrip_decoded[3] (output port clocked by __VIRTUAL_CLK__)
Path Group: __VIRTUAL_CLK__
Path Type: min

Fanout         Cap        Slew       Delay        Time   Description
---------------------------------------------------------------------------------------------
                      0.000000    0.000000    0.000000   clock __VIRTUAL_CLK__ (rise edge)
                                  0.000000    0.000000   clock network delay (ideal)
                                  2.000000    2.000000 v input external delay
     1    0.002787    0.018410    0.009177    2.009177 v otrip[1] (in)
                                                         otrip[1] (net)
                      0.018410    0.000000    2.009177 v input2/A (sky130_fd_sc_hd__clkbuf_1)
     2    0.008469    0.108702    0.185620    2.194797 v input2/X (sky130_fd_sc_hd__clkbuf_1)
                                                         net2 (net)
                      0.108702    0.000074    2.194870 v fanout25/A (sky130_fd_sc_hd__clkbuf_2)
    10    0.025216    0.181624    0.311517    2.506387 v fanout25/X (sky130_fd_sc_hd__clkbuf_2)
                                                         net25 (net)
                      0.181624    0.000290    2.506677 v _03_/C (sky130_fd_sc_hd__and4bb_1)
     1    0.002421    0.064413    0.427444    2.934121 v _03_/X (sky130_fd_sc_hd__and4bb_1)
                                                         net14 (net)
                      0.064413    0.000024    2.934145 v output14/A (sky130_fd_sc_hd__buf_2)
     1    0.034078    0.164980    0.341720    3.275865 v output14/X (sky130_fd_sc_hd__buf_2)
                                                         otrip_decoded[3] (net)
                      0.164980    0.000207    3.276072 v otrip_decoded[3] (out)
                                              3.276072   data arrival time

                      0.000000    0.000000    0.000000   clock __VIRTUAL_CLK__ (rise edge)
                                  0.000000    0.000000   clock network delay (ideal)
                                  0.250000    0.250000   clock uncertainty
                                  0.000000    0.250000   clock reconvergence pessimism
                                 -2.000000   -1.750000   output external delay
                                             -1.750000   data required time
---------------------------------------------------------------------------------------------
                                             -1.750000   data required time
                                             -3.276072   data arrival time
---------------------------------------------------------------------------------------------
                                              5.026072   slack (MET)


Startpoint: otrip[1] (input port clocked by __VIRTUAL_CLK__)
Endpoint: otrip_decoded[10] (output port clocked by __VIRTUAL_CLK__)
Path Group: __VIRTUAL_CLK__
Path Type: min

Fanout         Cap        Slew       Delay        Time   Description
---------------------------------------------------------------------------------------------
                      0.000000    0.000000    0.000000   clock __VIRTUAL_CLK__ (rise edge)
                                  0.000000    0.000000   clock network delay (ideal)
                                  2.000000    2.000000 v input external delay
     1    0.002787    0.018410    0.009177    2.009177 v otrip[1] (in)
                                                         otrip[1] (net)
                      0.018410    0.000000    2.009177 v input2/A (sky130_fd_sc_hd__clkbuf_1)
     2    0.008469    0.108702    0.185620    2.194797 v input2/X (sky130_fd_sc_hd__clkbuf_1)
                                                         net2 (net)
                      0.108702    0.000074    2.194870 v fanout25/A (sky130_fd_sc_hd__clkbuf_2)
    10    0.025216    0.181624    0.311517    2.506387 v fanout25/X (sky130_fd_sc_hd__clkbuf_2)
                                                         net25 (net)
                      0.181625    0.000343    2.506730 v _10_/C (sky130_fd_sc_hd__and4bb_1)
     1    0.002452    0.064655    0.427822    2.934552 v _10_/X (sky130_fd_sc_hd__and4bb_1)
                                                         net6 (net)
                      0.064655    0.000026    2.934578 v output6/A (sky130_fd_sc_hd__buf_2)
     1    0.034045    0.164848    0.341732    3.276309 v output6/X (sky130_fd_sc_hd__buf_2)
                                                         otrip_decoded[10] (net)
                      0.164848    0.000200    3.276510 v otrip_decoded[10] (out)
                                              3.276510   data arrival time

                      0.000000    0.000000    0.000000   clock __VIRTUAL_CLK__ (rise edge)
                                  0.000000    0.000000   clock network delay (ideal)
                                  0.250000    0.250000   clock uncertainty
                                  0.000000    0.250000   clock reconvergence pessimism
                                 -2.000000   -1.750000   output external delay
                                             -1.750000   data required time
---------------------------------------------------------------------------------------------
                                             -1.750000   data required time
                                             -3.276510   data arrival time
---------------------------------------------------------------------------------------------
                                              5.026510   slack (MET)


Startpoint: otrip[2] (input port clocked by __VIRTUAL_CLK__)
Endpoint: otrip_decoded[12] (output port clocked by __VIRTUAL_CLK__)
Path Group: __VIRTUAL_CLK__
Path Type: min

Fanout         Cap        Slew       Delay        Time   Description
---------------------------------------------------------------------------------------------
                      0.000000    0.000000    0.000000   clock __VIRTUAL_CLK__ (rise edge)
                                  0.000000    0.000000   clock network delay (ideal)
                                  2.000000    2.000000 v input external delay
     1    0.002980    0.019151    0.009788    2.009788 v otrip[2] (in)
                                                         otrip[2] (net)
                      0.019151    0.000000    2.009788 v input3/A (sky130_fd_sc_hd__clkbuf_1)
     2    0.006699    0.090145    0.171312    2.181101 v input3/X (sky130_fd_sc_hd__clkbuf_1)
                                                         net3 (net)
                      0.090145    0.000089    2.181190 v fanout23/A (sky130_fd_sc_hd__clkbuf_2)
    10    0.027718    0.198089    0.314573    2.495762 v fanout23/X (sky130_fd_sc_hd__clkbuf_2)
                                                         net23 (net)
                      0.198095    0.000914    2.496676 v _12_/C (sky130_fd_sc_hd__and4bb_1)
     1    0.002615    0.065967    0.438223    2.934900 v _12_/X (sky130_fd_sc_hd__and4bb_1)
                                                         net8 (net)
                      0.065967    0.000030    2.934930 v output8/A (sky130_fd_sc_hd__buf_2)
     1    0.034110    0.165106    0.342508    3.277438 v output8/X (sky130_fd_sc_hd__buf_2)
                                                         otrip_decoded[12] (net)
                      0.165107    0.000243    3.277681 v otrip_decoded[12] (out)
                                              3.277681   data arrival time

                      0.000000    0.000000    0.000000   clock __VIRTUAL_CLK__ (rise edge)
                                  0.000000    0.000000   clock network delay (ideal)
                                  0.250000    0.250000   clock uncertainty
                                  0.000000    0.250000   clock reconvergence pessimism
                                 -2.000000   -1.750000   output external delay
                                             -1.750000   data required time
---------------------------------------------------------------------------------------------
                                             -1.750000   data required time
                                             -3.277681   data arrival time
---------------------------------------------------------------------------------------------
                                              5.027681   slack (MET)



