
Magic 8.3 revision 452 - Compiled on Mon Mar  4 16:04:02 UTC 2024.
Starting magic under Tcl interpreter
Using the terminal as the console.
Using NULL graphics device.
Processing system .magicrc file
Sourcing design .magicrc for technology sky130A ...
2 Magic internal units = 1 Lambda
Input style sky130(): scaleFactor=2, multiplier=2
The following types are not handled by extraction and will be treated as non-electrical types:
    ubm 
Scaled tech values by 2 / 1 to match internal grid scaling
Loading sky130A Device Generator Menu ...
Loading "/nix/store/gz2n27iaqigc0pl644jsbk5cn7v7gs6p-python3-3.11.6-env/lib/python3.11/site-packages/openlane/scripts/magic/wrapper.tcl" from command line.
Warning: Calma reading is not undoable!  I hope that's OK.
Library written using GDS-II Release 3.0
Library name: overvoltage_dig
Reading "sky130_ef_sc_hd__decap_12".
Reading "sky130_fd_sc_hd__decap_3".
Reading "sky130_fd_sc_hd__decap_8".
Reading "sky130_fd_sc_hd__fill_2".
Reading "sky130_fd_sc_hd__nor4b_1".
Reading "sky130_fd_sc_hd__fill_1".
Reading "sky130_fd_sc_hd__tapvpwrvgnd_1".
Reading "sky130_fd_sc_hd__buf_2".
Reading "sky130_fd_sc_hd__clkbuf_2".
Reading "sky130_fd_sc_hd__and4bb_1".
Reading "sky130_fd_sc_hd__buf_1".
Reading "sky130_fd_sc_hd__clkbuf_1".
Reading "sky130_fd_sc_hd__decap_4".
Reading "sky130_fd_sc_hd__nor4_1".
Reading "sky130_fd_sc_hd__and4b_1".
Reading "sky130_fd_sc_hd__and4_1".
Reading "sky130_fd_sc_hd__decap_6".
Reading "overvoltage_dig".
[INFO] Loading overvoltage_dig

DRC style is now "drc(full)"
Loading DRC CIF style.
No errors found.
[INFO] COUNT: 0
[INFO] Should be divided by 3 or 4
[INFO] DRC Checking DONE (/home/rtsang/chipalooza/sky130_ajc_ip__overvoltage/openlane/overvoltage_dig/runs/RUN_2024-04-04_12-54-32/56-magic-drc/reports/drc_violations.magic.rpt)
[INFO] Saving mag view with DRC errors (/home/rtsang/chipalooza/sky130_ajc_ip__overvoltage/openlane/overvoltage_dig/runs/RUN_2024-04-04_12-54-32/56-magic-drc/views/overvoltage_dig.drc.mag)
[INFO] Saved
