Reading OpenROAD database at '/home/rtsang/chipalooza/sky130_ajc_ip__overvoltage/openlane/overvoltage_dig/runs/RUN_2024-04-04_12-54-32/17-openroad-tapendcapinsertion/overvoltage_dig.odb'…
Reading library file at '/home/rtsang/.volare/volare/sky130/versions/bdc9412b3e468c102d01b7cf6337be06ec6e9c9a/sky130A/libs.ref/sky130_fd_sc_hd/lib/sky130_fd_sc_hd__tt_025C_1v80.lib'…
Reading design constraints file at '/nix/store/gz2n27iaqigc0pl644jsbk5cn7v7gs6p-python3-3.11.6-env/lib/python3.11/site-packages/openlane/scripts/base.sdc'…
[WARNING] No CLOCK_PORT found. A dummy clock will be used.
[WARNING STA-0337] port '__VIRTUAL_CLK__' not found.
[INFO] Using clock __VIRTUAL_CLK__…
[INFO] Setting output delay to: 2
[INFO] Setting input delay to: 2
[WARNING STA-0337] port '__VIRTUAL_CLK__' not found.
[INFO] Setting load to: 0.033442
[INFO] Setting clock uncertainty to: 0.25
[INFO] Setting clock transition to: 0.1499999999999999944488848768742172978818416595458984375
[WARNING STA-0559] transition time can not be specified for virtual clocks.
[INFO] Setting timing derate to: 5%
[INFO] Setting RC values…
[INFO] Setting signal min routing layer to: met1 and clock min routing layer to met1. 
[INFO] Setting signal max routing layer to: met5 and clock max routing layer to met5. 
{*}-density 0.75 -timing_driven -routability_driven -skip_io -pad_right 0 -pad_left 0 -init_wirelength_coef 0.25
[WARNING GPL-0150] -skip_io will disable timing driven mode.
[WARNING GPL-0151] -skip_io will disable routability driven mode.
[INFO GPL-0002] DBU: 1000
[INFO GPL-0003] SiteSize: 460 2720
[INFO GPL-0004] CoreAreaLxLy: 5520 10880
[INFO GPL-0005] CoreAreaUxUy: 54280 48960
[INFO GPL-0006] NumInstances: 68
[INFO GPL-0007] NumPlaceInstances: 16
[INFO GPL-0008] NumFixedInstances: 52
[INFO GPL-0009] NumDummyInstances: 0
[INFO GPL-0010] NumNets: 20
[INFO GPL-0011] NumPins: 80
[INFO GPL-0012] DieAreaLxLy: 0 0
[INFO GPL-0013] DieAreaUxUy: 60000 60000
[INFO GPL-0014] CoreAreaLxLy: 5520 10880
[INFO GPL-0015] CoreAreaUxUy: 54280 48960
[INFO GPL-0016] CoreArea: 1856780800
[INFO GPL-0017] NonPlaceInstsArea: 135129600
[INFO GPL-0018] PlaceInstsArea: 202694400
[INFO GPL-0019] Util(%): 11.77
[INFO GPL-0020] StdInstsArea: 202694400
[INFO GPL-0021] MacroInstsArea: 0
[INFO GPL-0031] FillerInit: NumGCells: 103
[INFO GPL-0032] FillerInit: NumGNets: 20
[INFO GPL-0033] FillerInit: NumGPins: 80
[INFO GPL-0023] TargetDensity: 0.75
[INFO GPL-0024] AveragePlaceInstArea: 12668400
[INFO GPL-0025] IdealBinArea: 16891200
[INFO GPL-0026] IdealBinCnt: 109
[INFO GPL-0027] TotalBinArea: 1856780800
[INFO GPL-0028] BinCnt: 8 8
[INFO GPL-0029] BinSize: 6095 4760
[INFO GPL-0030] NumBins: 64
[NesterovSolve] Iter: 1 overflow: 0.578268 HPWL: 20263
[NesterovSolve] Iter: 10 overflow: 0.578268 HPWL: 20171
[NesterovSolve] Iter: 20 overflow: 0.578268 HPWL: 20176
[NesterovSolve] Iter: 30 overflow: 0.578268 HPWL: 20180
[NesterovSolve] Iter: 40 overflow: 0.578268 HPWL: 20197
[NesterovSolve] Iter: 50 overflow: 0.578268 HPWL: 20238
[NesterovSolve] Iter: 60 overflow: 0.578268 HPWL: 20301
[NesterovSolve] Iter: 70 overflow: 0.578268 HPWL: 20401
[NesterovSolve] Iter: 80 overflow: 0.578268 HPWL: 20593
[NesterovSolve] Iter: 90 overflow: 0.578268 HPWL: 20876
[NesterovSolve] Iter: 100 overflow: 0.578268 HPWL: 21154
[NesterovSolve] Iter: 110 overflow: 0.578268 HPWL: 21197
[NesterovSolve] Iter: 120 overflow: 0.578268 HPWL: 21000
[NesterovSolve] Iter: 130 overflow: 0.578268 HPWL: 21098
[NesterovSolve] Iter: 140 overflow: 0.578268 HPWL: 20971
[NesterovSolve] Iter: 150 overflow: 0.578268 HPWL: 20928
[NesterovSolve] Iter: 160 overflow: 0.578268 HPWL: 21149
[NesterovSolve] Iter: 170 overflow: 0.578268 HPWL: 21344
[NesterovSolve] Iter: 180 overflow: 0.578268 HPWL: 21542
[NesterovSolve] Iter: 190 overflow: 0.578268 HPWL: 21853
[NesterovSolve] Iter: 200 overflow: 0.578268 HPWL: 22039
[NesterovSolve] Iter: 210 overflow: 0.578268 HPWL: 22087
[NesterovSolve] Iter: 220 overflow: 0.578268 HPWL: 20323
[NesterovSolve] Iter: 230 overflow: 0.578268 HPWL: 20698
[NesterovSolve] Iter: 240 overflow: 0.578268 HPWL: 22059
[NesterovSolve] Iter: 250 overflow: 0.570064 HPWL: 30438
[NesterovSolve] Iter: 260 overflow: 0.51272 HPWL: 36402
[NesterovSolve] Iter: 270 overflow: 0.445618 HPWL: 44154
[NesterovSolve] Iter: 280 overflow: 0.375468 HPWL: 49066
[NesterovSolve] Iter: 290 overflow: 0.303103 HPWL: 52856
[NesterovSolve] Iter: 300 overflow: 0.258007 HPWL: 58249
[NesterovSolve] Iter: 310 overflow: 0.237268 HPWL: 64646
[NesterovSolve] Iter: 320 overflow: 0.171026 HPWL: 67402
[NesterovSolve] Iter: 330 overflow: 0.160787 HPWL: 73991
[NesterovSolve] Iter: 340 overflow: 0.103677 HPWL: 76448
[NesterovSolve] Finished with Overflow: 0.092423
[INFO] Setting RC values…
Setting global connections for newly added cells…
[INFO] Setting global connections...
Writing OpenROAD database to '/home/rtsang/chipalooza/sky130_ajc_ip__overvoltage/openlane/overvoltage_dig/runs/RUN_2024-04-04_12-54-32/18-openroad-globalplacementskipio/overvoltage_dig.odb'…
Writing netlist to '/home/rtsang/chipalooza/sky130_ajc_ip__overvoltage/openlane/overvoltage_dig/runs/RUN_2024-04-04_12-54-32/18-openroad-globalplacementskipio/overvoltage_dig.nl.v'…
Writing powered netlist to '/home/rtsang/chipalooza/sky130_ajc_ip__overvoltage/openlane/overvoltage_dig/runs/RUN_2024-04-04_12-54-32/18-openroad-globalplacementskipio/overvoltage_dig.pnl.v'…
Writing layout to '/home/rtsang/chipalooza/sky130_ajc_ip__overvoltage/openlane/overvoltage_dig/runs/RUN_2024-04-04_12-54-32/18-openroad-globalplacementskipio/overvoltage_dig.def'…
Writing timing constraints to '/home/rtsang/chipalooza/sky130_ajc_ip__overvoltage/openlane/overvoltage_dig/runs/RUN_2024-04-04_12-54-32/18-openroad-globalplacementskipio/overvoltage_dig.sdc'…
