Reading timing models for corner nom_tt_025C_1v80…
Reading timing library for the 'nom_tt_025C_1v80' corner at '/home/rtsang/.volare/volare/sky130/versions/bdc9412b3e468c102d01b7cf6337be06ec6e9c9a/sky130A/libs.ref/sky130_fd_sc_hd/lib/sky130_fd_sc_hd__tt_025C_1v80.lib'…
Reading top-level netlist at '/home/rtsang/chipalooza/sky130_ajc_ip__overvoltage/openlane/overvoltage_dig/runs/RUN_2024-04-04_12-54-32/06-yosys-synthesis/overvoltage_dig.nl.v'…
Linking design 'overvoltage_dig' from netlist…
Reading design constraints file at '/nix/store/gz2n27iaqigc0pl644jsbk5cn7v7gs6p-python3-3.11.6-env/lib/python3.11/site-packages/openlane/scripts/base.sdc'…
[WARNING] No CLOCK_PORT found. A dummy clock will be used.
Warning: base.sdc line 15, port '__VIRTUAL_CLK__' not found.
[INFO] Using clock __VIRTUAL_CLK__…
[INFO] Setting output delay to: 2
[INFO] Setting input delay to: 2
Warning: base.sdc line 32, port '__VIRTUAL_CLK__' not found.
[INFO] Setting load to: 0.033442
[INFO] Setting clock uncertainty to: 0.25
[INFO] Setting clock transition to: 0.1499999999999999944488848768742172978818416595458984375
Warning: base.sdc line 69, transition time can not be specified for virtual clocks.
[INFO] Setting timing derate to: 5%
Warning: corner.tcl line 46, virtual clock __VIRTUAL_CLK__ can not be propagated.
%OL_CREATE_REPORT min.rpt

===========================================================================
report_checks -path_delay min (Hold)
============================================================================
======================= nom_tt_025C_1v80 Corner ===================================

Startpoint: otrip[2] (input port clocked by __VIRTUAL_CLK__)
Endpoint: otrip_decoded[0] (output port clocked by __VIRTUAL_CLK__)
Path Group: __VIRTUAL_CLK__
Path Type: min

Fanout         Cap        Slew       Delay        Time   Description
---------------------------------------------------------------------------------------------
                      0.000000    0.000000    0.000000   clock __VIRTUAL_CLK__ (rise edge)
                                  0.000000    0.000000   clock network delay (ideal)
                                  2.000000    2.000000 ^ input external delay
    16    0.037341    0.175177    0.119590    2.119590 ^ otrip[2] (in)
                                                         otrip[2] (net)
                      0.175177    0.000000    2.119590 ^ _00_/D (sky130_fd_sc_hd__nor4_2)
     1    0.033442    0.099472    0.129398    2.248988 v _00_/Y (sky130_fd_sc_hd__nor4_2)
                                                         otrip_decoded[0] (net)
                      0.099472    0.000000    2.248988 v otrip_decoded[0] (out)
                                              2.248988   data arrival time

                      0.000000    0.000000    0.000000   clock __VIRTUAL_CLK__ (rise edge)
                                  0.000000    0.000000   clock network delay (ideal)
                                  0.250000    0.250000   clock uncertainty
                                  0.000000    0.250000   clock reconvergence pessimism
                                 -2.000000   -1.750000   output external delay
                                             -1.750000   data required time
---------------------------------------------------------------------------------------------
                                             -1.750000   data required time
                                             -2.248988   data arrival time
---------------------------------------------------------------------------------------------
                                              3.998988   slack (MET)


Startpoint: otrip[2] (input port clocked by __VIRTUAL_CLK__)
Endpoint: otrip_decoded[1] (output port clocked by __VIRTUAL_CLK__)
Path Group: __VIRTUAL_CLK__
Path Type: min

Fanout         Cap        Slew       Delay        Time   Description
---------------------------------------------------------------------------------------------
                      0.000000    0.000000    0.000000   clock __VIRTUAL_CLK__ (rise edge)
                                  0.000000    0.000000   clock network delay (ideal)
                                  2.000000    2.000000 ^ input external delay
    16    0.037341    0.175177    0.119590    2.119590 ^ otrip[2] (in)
                                                         otrip[2] (net)
                      0.175177    0.000000    2.119590 ^ _01_/C (sky130_fd_sc_hd__nor4b_2)
     1    0.033442    0.101112    0.138861    2.258451 v _01_/Y (sky130_fd_sc_hd__nor4b_2)
                                                         otrip_decoded[1] (net)
                      0.101112    0.000000    2.258451 v otrip_decoded[1] (out)
                                              2.258451   data arrival time

                      0.000000    0.000000    0.000000   clock __VIRTUAL_CLK__ (rise edge)
                                  0.000000    0.000000   clock network delay (ideal)
                                  0.250000    0.250000   clock uncertainty
                                  0.000000    0.250000   clock reconvergence pessimism
                                 -2.000000   -1.750000   output external delay
                                             -1.750000   data required time
---------------------------------------------------------------------------------------------
                                             -1.750000   data required time
                                             -2.258451   data arrival time
---------------------------------------------------------------------------------------------
                                              4.008451   slack (MET)


Startpoint: otrip[2] (input port clocked by __VIRTUAL_CLK__)
Endpoint: otrip_decoded[2] (output port clocked by __VIRTUAL_CLK__)
Path Group: __VIRTUAL_CLK__
Path Type: min

Fanout         Cap        Slew       Delay        Time   Description
---------------------------------------------------------------------------------------------
                      0.000000    0.000000    0.000000   clock __VIRTUAL_CLK__ (rise edge)
                                  0.000000    0.000000   clock network delay (ideal)
                                  2.000000    2.000000 ^ input external delay
    16    0.037341    0.175177    0.119590    2.119590 ^ otrip[2] (in)
                                                         otrip[2] (net)
                      0.175177    0.000000    2.119590 ^ _02_/C (sky130_fd_sc_hd__nor4b_2)
     1    0.033442    0.101112    0.138861    2.258451 v _02_/Y (sky130_fd_sc_hd__nor4b_2)
                                                         otrip_decoded[2] (net)
                      0.101112    0.000000    2.258451 v otrip_decoded[2] (out)
                                              2.258451   data arrival time

                      0.000000    0.000000    0.000000   clock __VIRTUAL_CLK__ (rise edge)
                                  0.000000    0.000000   clock network delay (ideal)
                                  0.250000    0.250000   clock uncertainty
                                  0.000000    0.250000   clock reconvergence pessimism
                                 -2.000000   -1.750000   output external delay
                                             -1.750000   data required time
---------------------------------------------------------------------------------------------
                                             -1.750000   data required time
                                             -2.258451   data arrival time
---------------------------------------------------------------------------------------------
                                              4.008451   slack (MET)


Startpoint: otrip[2] (input port clocked by __VIRTUAL_CLK__)
Endpoint: otrip_decoded[8] (output port clocked by __VIRTUAL_CLK__)
Path Group: __VIRTUAL_CLK__
Path Type: min

Fanout         Cap        Slew       Delay        Time   Description
---------------------------------------------------------------------------------------------
                      0.000000    0.000000    0.000000   clock __VIRTUAL_CLK__ (rise edge)
                                  0.000000    0.000000   clock network delay (ideal)
                                  2.000000    2.000000 ^ input external delay
    16    0.037341    0.175177    0.119590    2.119590 ^ otrip[2] (in)
                                                         otrip[2] (net)
                      0.175177    0.000000    2.119590 ^ _08_/C (sky130_fd_sc_hd__nor4b_2)
     1    0.033442    0.101113    0.138861    2.258451 v _08_/Y (sky130_fd_sc_hd__nor4b_2)
                                                         otrip_decoded[8] (net)
                      0.101113    0.000000    2.258451 v otrip_decoded[8] (out)
                                              2.258451   data arrival time

                      0.000000    0.000000    0.000000   clock __VIRTUAL_CLK__ (rise edge)
                                  0.000000    0.000000   clock network delay (ideal)
                                  0.250000    0.250000   clock uncertainty
                                  0.000000    0.250000   clock reconvergence pessimism
                                 -2.000000   -1.750000   output external delay
                                             -1.750000   data required time
---------------------------------------------------------------------------------------------
                                             -1.750000   data required time
                                             -2.258451   data arrival time
---------------------------------------------------------------------------------------------
                                              4.008451   slack (MET)


Startpoint: otrip[1] (input port clocked by __VIRTUAL_CLK__)
Endpoint: otrip_decoded[4] (output port clocked by __VIRTUAL_CLK__)
Path Group: __VIRTUAL_CLK__
Path Type: min

Fanout         Cap        Slew       Delay        Time   Description
---------------------------------------------------------------------------------------------
                      0.000000    0.000000    0.000000   clock __VIRTUAL_CLK__ (rise edge)
                                  0.000000    0.000000   clock network delay (ideal)
                                  2.000000    2.000000 ^ input external delay
    16    0.037375    0.175329    0.119696    2.119696 ^ otrip[1] (in)
                                                         otrip[1] (net)
                      0.175329    0.000000    2.119696 ^ _04_/C (sky130_fd_sc_hd__nor4b_2)
     1    0.033442    0.101111    0.138910    2.258606 v _04_/Y (sky130_fd_sc_hd__nor4b_2)
                                                         otrip_decoded[4] (net)
                      0.101111    0.000000    2.258606 v otrip_decoded[4] (out)
                                              2.258606   data arrival time

                      0.000000    0.000000    0.000000   clock __VIRTUAL_CLK__ (rise edge)
                                  0.000000    0.000000   clock network delay (ideal)
                                  0.250000    0.250000   clock uncertainty
                                  0.000000    0.250000   clock reconvergence pessimism
                                 -2.000000   -1.750000   output external delay
                                             -1.750000   data required time
---------------------------------------------------------------------------------------------
                                             -1.750000   data required time
                                             -2.258606   data arrival time
---------------------------------------------------------------------------------------------
                                              4.008606   slack (MET)


Startpoint: otrip[3] (input port clocked by __VIRTUAL_CLK__)
Endpoint: otrip_decoded[15] (output port clocked by __VIRTUAL_CLK__)
Path Group: __VIRTUAL_CLK__
Path Type: min

Fanout         Cap        Slew       Delay        Time   Description
---------------------------------------------------------------------------------------------
                      0.000000    0.000000    0.000000   clock __VIRTUAL_CLK__ (rise edge)
                                  0.000000    0.000000   clock network delay (ideal)
                                  2.000000    2.000000 v input external delay
    16    0.034442    0.077119    0.054996    2.054996 v otrip[3] (in)
                                                         otrip[3] (net)
                      0.077119    0.000000    2.054996 v _15_/A (sky130_fd_sc_hd__and4_2)
     1    0.033442    0.098681    0.264930    2.319926 v _15_/X (sky130_fd_sc_hd__and4_2)
                                                         otrip_decoded[15] (net)
                      0.098681    0.000000    2.319926 v otrip_decoded[15] (out)
                                              2.319926   data arrival time

                      0.000000    0.000000    0.000000   clock __VIRTUAL_CLK__ (rise edge)
                                  0.000000    0.000000   clock network delay (ideal)
                                  0.250000    0.250000   clock uncertainty
                                  0.000000    0.250000   clock reconvergence pessimism
                                 -2.000000   -1.750000   output external delay
                                             -1.750000   data required time
---------------------------------------------------------------------------------------------
                                             -1.750000   data required time
                                             -2.319926   data arrival time
---------------------------------------------------------------------------------------------
                                              4.069926   slack (MET)


Startpoint: otrip[2] (input port clocked by __VIRTUAL_CLK__)
Endpoint: otrip_decoded[13] (output port clocked by __VIRTUAL_CLK__)
Path Group: __VIRTUAL_CLK__
Path Type: min

Fanout         Cap        Slew       Delay        Time   Description
---------------------------------------------------------------------------------------------
                      0.000000    0.000000    0.000000   clock __VIRTUAL_CLK__ (rise edge)
                                  0.000000    0.000000   clock network delay (ideal)
                                  2.000000    2.000000 v input external delay
    16    0.033444    0.074990    0.053414    2.053414 v otrip[2] (in)
                                                         otrip[2] (net)
                      0.074990    0.000000    2.053414 v _13_/B (sky130_fd_sc_hd__and4b_2)
     1    0.033442    0.106302    0.296763    2.350177 v _13_/X (sky130_fd_sc_hd__and4b_2)
                                                         otrip_decoded[13] (net)
                      0.106302    0.000000    2.350177 v otrip_decoded[13] (out)
                                              2.350177   data arrival time

                      0.000000    0.000000    0.000000   clock __VIRTUAL_CLK__ (rise edge)
                                  0.000000    0.000000   clock network delay (ideal)
                                  0.250000    0.250000   clock uncertainty
                                  0.000000    0.250000   clock reconvergence pessimism
                                 -2.000000   -1.750000   output external delay
                                             -1.750000   data required time
---------------------------------------------------------------------------------------------
                                             -1.750000   data required time
                                             -2.350177   data arrival time
---------------------------------------------------------------------------------------------
                                              4.100177   slack (MET)


Startpoint: otrip[1] (input port clocked by __VIRTUAL_CLK__)
Endpoint: otrip_decoded[11] (output port clocked by __VIRTUAL_CLK__)
Path Group: __VIRTUAL_CLK__
Path Type: min

Fanout         Cap        Slew       Delay        Time   Description
---------------------------------------------------------------------------------------------
                      0.000000    0.000000    0.000000   clock __VIRTUAL_CLK__ (rise edge)
                                  0.000000    0.000000   clock network delay (ideal)
                                  2.000000    2.000000 v input external delay
    16    0.033832    0.075818    0.054029    2.054029 v otrip[1] (in)
                                                         otrip[1] (net)
                      0.075818    0.000000    2.054029 v _11_/B (sky130_fd_sc_hd__and4b_2)
     1    0.033442    0.106302    0.297134    2.351164 v _11_/X (sky130_fd_sc_hd__and4b_2)
                                                         otrip_decoded[11] (net)
                      0.106302    0.000000    2.351164 v otrip_decoded[11] (out)
                                              2.351164   data arrival time

                      0.000000    0.000000    0.000000   clock __VIRTUAL_CLK__ (rise edge)
                                  0.000000    0.000000   clock network delay (ideal)
                                  0.250000    0.250000   clock uncertainty
                                  0.000000    0.250000   clock reconvergence pessimism
                                 -2.000000   -1.750000   output external delay
                                             -1.750000   data required time
---------------------------------------------------------------------------------------------
                                             -1.750000   data required time
                                             -2.351164   data arrival time
---------------------------------------------------------------------------------------------
                                              4.101163   slack (MET)


Startpoint: otrip[1] (input port clocked by __VIRTUAL_CLK__)
Endpoint: otrip_decoded[14] (output port clocked by __VIRTUAL_CLK__)
Path Group: __VIRTUAL_CLK__
Path Type: min

Fanout         Cap        Slew       Delay        Time   Description
---------------------------------------------------------------------------------------------
                      0.000000    0.000000    0.000000   clock __VIRTUAL_CLK__ (rise edge)
                                  0.000000    0.000000   clock network delay (ideal)
                                  2.000000    2.000000 v input external delay
    16    0.033832    0.075818    0.054029    2.054029 v otrip[1] (in)
                                                         otrip[1] (net)
                      0.075818    0.000000    2.054029 v _14_/B (sky130_fd_sc_hd__and4b_2)
     1    0.033442    0.106302    0.297134    2.351164 v _14_/X (sky130_fd_sc_hd__and4b_2)
                                                         otrip_decoded[14] (net)
                      0.106302    0.000000    2.351164 v otrip_decoded[14] (out)
                                              2.351164   data arrival time

                      0.000000    0.000000    0.000000   clock __VIRTUAL_CLK__ (rise edge)
                                  0.000000    0.000000   clock network delay (ideal)
                                  0.250000    0.250000   clock uncertainty
                                  0.000000    0.250000   clock reconvergence pessimism
                                 -2.000000   -1.750000   output external delay
                                             -1.750000   data required time
---------------------------------------------------------------------------------------------
                                             -1.750000   data required time
                                             -2.351164   data arrival time
---------------------------------------------------------------------------------------------
                                              4.101163   slack (MET)


Startpoint: otrip[0] (input port clocked by __VIRTUAL_CLK__)
Endpoint: otrip_decoded[7] (output port clocked by __VIRTUAL_CLK__)
Path Group: __VIRTUAL_CLK__
Path Type: min

Fanout         Cap        Slew       Delay        Time   Description
---------------------------------------------------------------------------------------------
                      0.000000    0.000000    0.000000   clock __VIRTUAL_CLK__ (rise edge)
                                  0.000000    0.000000   clock network delay (ideal)
                                  2.000000    2.000000 v input external delay
    16    0.034151    0.076498    0.054535    2.054535 v otrip[0] (in)
                                                         otrip[0] (net)
                      0.076498    0.000000    2.054535 v _07_/B (sky130_fd_sc_hd__and4b_2)
     1    0.033442    0.106302    0.297440    2.351974 v _07_/X (sky130_fd_sc_hd__and4b_2)
                                                         otrip_decoded[7] (net)
                      0.106302    0.000000    2.351974 v otrip_decoded[7] (out)
                                              2.351974   data arrival time

                      0.000000    0.000000    0.000000   clock __VIRTUAL_CLK__ (rise edge)
                                  0.000000    0.000000   clock network delay (ideal)
                                  0.250000    0.250000   clock uncertainty
                                  0.000000    0.250000   clock reconvergence pessimism
                                 -2.000000   -1.750000   output external delay
                                             -1.750000   data required time
---------------------------------------------------------------------------------------------
                                             -1.750000   data required time
                                             -2.351974   data arrival time
---------------------------------------------------------------------------------------------
                                              4.101974   slack (MET)


Startpoint: otrip[2] (input port clocked by __VIRTUAL_CLK__)
Endpoint: otrip_decoded[12] (output port clocked by __VIRTUAL_CLK__)
Path Group: __VIRTUAL_CLK__
Path Type: min

Fanout         Cap        Slew       Delay        Time   Description
---------------------------------------------------------------------------------------------
                      0.000000    0.000000    0.000000   clock __VIRTUAL_CLK__ (rise edge)
                                  0.000000    0.000000   clock network delay (ideal)
                                  2.000000    2.000000 v input external delay
    16    0.033444    0.074990    0.053414    2.053414 v otrip[2] (in)
                                                         otrip[2] (net)
                      0.074990    0.000000    2.053414 v _12_/C (sky130_fd_sc_hd__and4bb_2)
     1    0.033442    0.107751    0.314535    2.367949 v _12_/X (sky130_fd_sc_hd__and4bb_2)
                                                         otrip_decoded[12] (net)
                      0.107751    0.000000    2.367949 v otrip_decoded[12] (out)
                                              2.367949   data arrival time

                      0.000000    0.000000    0.000000   clock __VIRTUAL_CLK__ (rise edge)
                                  0.000000    0.000000   clock network delay (ideal)
                                  0.250000    0.250000   clock uncertainty
                                  0.000000    0.250000   clock reconvergence pessimism
                                 -2.000000   -1.750000   output external delay
                                             -1.750000   data required time
---------------------------------------------------------------------------------------------
                                             -1.750000   data required time
                                             -2.367949   data arrival time
---------------------------------------------------------------------------------------------
                                              4.117949   slack (MET)


Startpoint: otrip[2] (input port clocked by __VIRTUAL_CLK__)
Endpoint: otrip_decoded[5] (output port clocked by __VIRTUAL_CLK__)
Path Group: __VIRTUAL_CLK__
Path Type: min

Fanout         Cap        Slew       Delay        Time   Description
---------------------------------------------------------------------------------------------
                      0.000000    0.000000    0.000000   clock __VIRTUAL_CLK__ (rise edge)
                                  0.000000    0.000000   clock network delay (ideal)
                                  2.000000    2.000000 v input external delay
    16    0.033444    0.074990    0.053414    2.053414 v otrip[2] (in)
                                                         otrip[2] (net)
                      0.074990    0.000000    2.053414 v _05_/C (sky130_fd_sc_hd__and4bb_2)
     1    0.033442    0.107749    0.314535    2.367949 v _05_/X (sky130_fd_sc_hd__and4bb_2)
                                                         otrip_decoded[5] (net)
                      0.107749    0.000000    2.367949 v otrip_decoded[5] (out)
                                              2.367949   data arrival time

                      0.000000    0.000000    0.000000   clock __VIRTUAL_CLK__ (rise edge)
                                  0.000000    0.000000   clock network delay (ideal)
                                  0.250000    0.250000   clock uncertainty
                                  0.000000    0.250000   clock reconvergence pessimism
                                 -2.000000   -1.750000   output external delay
                                             -1.750000   data required time
---------------------------------------------------------------------------------------------
                                             -1.750000   data required time
                                             -2.367949   data arrival time
---------------------------------------------------------------------------------------------
                                              4.117949   slack (MET)


Startpoint: otrip[1] (input port clocked by __VIRTUAL_CLK__)
Endpoint: otrip_decoded[10] (output port clocked by __VIRTUAL_CLK__)
Path Group: __VIRTUAL_CLK__
Path Type: min

Fanout         Cap        Slew       Delay        Time   Description
---------------------------------------------------------------------------------------------
                      0.000000    0.000000    0.000000   clock __VIRTUAL_CLK__ (rise edge)
                                  0.000000    0.000000   clock network delay (ideal)
                                  2.000000    2.000000 v input external delay
    16    0.033832    0.075818    0.054029    2.054029 v otrip[1] (in)
                                                         otrip[1] (net)
                      0.075818    0.000000    2.054029 v _10_/C (sky130_fd_sc_hd__and4bb_2)
     1    0.033442    0.107751    0.314919    2.368948 v _10_/X (sky130_fd_sc_hd__and4bb_2)
                                                         otrip_decoded[10] (net)
                      0.107751    0.000000    2.368948 v otrip_decoded[10] (out)
                                              2.368948   data arrival time

                      0.000000    0.000000    0.000000   clock __VIRTUAL_CLK__ (rise edge)
                                  0.000000    0.000000   clock network delay (ideal)
                                  0.250000    0.250000   clock uncertainty
                                  0.000000    0.250000   clock reconvergence pessimism
                                 -2.000000   -1.750000   output external delay
                                             -1.750000   data required time
---------------------------------------------------------------------------------------------
                                             -1.750000   data required time
                                             -2.368948   data arrival time
---------------------------------------------------------------------------------------------
                                              4.118948   slack (MET)


Startpoint: otrip[1] (input port clocked by __VIRTUAL_CLK__)
Endpoint: otrip_decoded[3] (output port clocked by __VIRTUAL_CLK__)
Path Group: __VIRTUAL_CLK__
Path Type: min

Fanout         Cap        Slew       Delay        Time   Description
---------------------------------------------------------------------------------------------
                      0.000000    0.000000    0.000000   clock __VIRTUAL_CLK__ (rise edge)
                                  0.000000    0.000000   clock network delay (ideal)
                                  2.000000    2.000000 v input external delay
    16    0.033832    0.075818    0.054029    2.054029 v otrip[1] (in)
                                                         otrip[1] (net)
                      0.075818    0.000000    2.054029 v _03_/C (sky130_fd_sc_hd__and4bb_2)
     1    0.033442    0.107749    0.314919    2.368948 v _03_/X (sky130_fd_sc_hd__and4bb_2)
                                                         otrip_decoded[3] (net)
                      0.107749    0.000000    2.368948 v otrip_decoded[3] (out)
                                              2.368948   data arrival time

                      0.000000    0.000000    0.000000   clock __VIRTUAL_CLK__ (rise edge)
                                  0.000000    0.000000   clock network delay (ideal)
                                  0.250000    0.250000   clock uncertainty
                                  0.000000    0.250000   clock reconvergence pessimism
                                 -2.000000   -1.750000   output external delay
                                             -1.750000   data required time
---------------------------------------------------------------------------------------------
                                             -1.750000   data required time
                                             -2.368948   data arrival time
---------------------------------------------------------------------------------------------
                                              4.118948   slack (MET)


Startpoint: otrip[1] (input port clocked by __VIRTUAL_CLK__)
Endpoint: otrip_decoded[6] (output port clocked by __VIRTUAL_CLK__)
Path Group: __VIRTUAL_CLK__
Path Type: min

Fanout         Cap        Slew       Delay        Time   Description
---------------------------------------------------------------------------------------------
                      0.000000    0.000000    0.000000   clock __VIRTUAL_CLK__ (rise edge)
                                  0.000000    0.000000   clock network delay (ideal)
                                  2.000000    2.000000 v input external delay
    16    0.033832    0.075818    0.054029    2.054029 v otrip[1] (in)
                                                         otrip[1] (net)
                      0.075818    0.000000    2.054029 v _06_/C (sky130_fd_sc_hd__and4bb_2)
     1    0.033442    0.107749    0.314919    2.368948 v _06_/X (sky130_fd_sc_hd__and4bb_2)
                                                         otrip_decoded[6] (net)
                      0.107749    0.000000    2.368948 v otrip_decoded[6] (out)
                                              2.368948   data arrival time

                      0.000000    0.000000    0.000000   clock __VIRTUAL_CLK__ (rise edge)
                                  0.000000    0.000000   clock network delay (ideal)
                                  0.250000    0.250000   clock uncertainty
                                  0.000000    0.250000   clock reconvergence pessimism
                                 -2.000000   -1.750000   output external delay
                                             -1.750000   data required time
---------------------------------------------------------------------------------------------
                                             -1.750000   data required time
                                             -2.368948   data arrival time
---------------------------------------------------------------------------------------------
                                              4.118948   slack (MET)


Startpoint: otrip[3] (input port clocked by __VIRTUAL_CLK__)
Endpoint: otrip_decoded[9] (output port clocked by __VIRTUAL_CLK__)
Path Group: __VIRTUAL_CLK__
Path Type: min

Fanout         Cap        Slew       Delay        Time   Description
---------------------------------------------------------------------------------------------
                      0.000000    0.000000    0.000000   clock __VIRTUAL_CLK__ (rise edge)
                                  0.000000    0.000000   clock network delay (ideal)
                                  2.000000    2.000000 v input external delay
    16    0.034442    0.077119    0.054996    2.054996 v otrip[3] (in)
                                                         otrip[3] (net)
                      0.077119    0.000000    2.054996 v _09_/C (sky130_fd_sc_hd__and4bb_2)
     1    0.033442    0.107749    0.315523    2.370519 v _09_/X (sky130_fd_sc_hd__and4bb_2)
                                                         otrip_decoded[9] (net)
                      0.107749    0.000000    2.370519 v otrip_decoded[9] (out)
                                              2.370519   data arrival time

                      0.000000    0.000000    0.000000   clock __VIRTUAL_CLK__ (rise edge)
                                  0.000000    0.000000   clock network delay (ideal)
                                  0.250000    0.250000   clock uncertainty
                                  0.000000    0.250000   clock reconvergence pessimism
                                 -2.000000   -1.750000   output external delay
                                             -1.750000   data required time
---------------------------------------------------------------------------------------------
                                             -1.750000   data required time
                                             -2.370519   data arrival time
---------------------------------------------------------------------------------------------
                                              4.120519   slack (MET)



%OL_END_REPORT
%OL_CREATE_REPORT max.rpt

===========================================================================
report_checks -path_delay max (Setup)
============================================================================
======================= nom_tt_025C_1v80 Corner ===================================

Startpoint: otrip[0] (input port clocked by __VIRTUAL_CLK__)
Endpoint: otrip_decoded[1] (output port clocked by __VIRTUAL_CLK__)
Path Group: __VIRTUAL_CLK__
Path Type: max

Fanout         Cap        Slew       Delay        Time   Description
---------------------------------------------------------------------------------------------
                      0.000000    0.000000    0.000000   clock __VIRTUAL_CLK__ (rise edge)
                                  0.000000    0.000000   clock network delay (ideal)
                                  2.000000    2.000000 ^ input external delay
    16    0.037538    0.176060    0.120205    2.120204 ^ otrip[0] (in)
                                                         otrip[0] (net)
                      0.176060    0.000000    2.120204 ^ _01_/D_N (sky130_fd_sc_hd__nor4b_2)
     1    0.033442    0.820565    0.693591    2.813795 ^ _01_/Y (sky130_fd_sc_hd__nor4b_2)
                                                         otrip_decoded[1] (net)
                      0.820565    0.000000    2.813795 ^ otrip_decoded[1] (out)
                                              2.813795   data arrival time

                      0.000000   10.000000   10.000000   clock __VIRTUAL_CLK__ (rise edge)
                                  0.000000   10.000000   clock network delay (ideal)
                                 -0.250000    9.750000   clock uncertainty
                                  0.000000    9.750000   clock reconvergence pessimism
                                 -2.000000    7.750000   output external delay
                                              7.750000   data required time
---------------------------------------------------------------------------------------------
                                              7.750000   data required time
                                             -2.813795   data arrival time
---------------------------------------------------------------------------------------------
                                              4.936205   slack (MET)


Startpoint: otrip[3] (input port clocked by __VIRTUAL_CLK__)
Endpoint: otrip_decoded[8] (output port clocked by __VIRTUAL_CLK__)
Path Group: __VIRTUAL_CLK__
Path Type: max

Fanout         Cap        Slew       Delay        Time   Description
---------------------------------------------------------------------------------------------
                      0.000000    0.000000    0.000000   clock __VIRTUAL_CLK__ (rise edge)
                                  0.000000    0.000000   clock network delay (ideal)
                                  2.000000    2.000000 ^ input external delay
    16    0.037382    0.175361    0.119718    2.119718 ^ otrip[3] (in)
                                                         otrip[3] (net)
                      0.175361    0.000000    2.119718 ^ _08_/D_N (sky130_fd_sc_hd__nor4b_2)
     1    0.033442    0.820564    0.693414    2.813132 ^ _08_/Y (sky130_fd_sc_hd__nor4b_2)
                                                         otrip_decoded[8] (net)
                      0.820564    0.000000    2.813132 ^ otrip_decoded[8] (out)
                                              2.813132   data arrival time

                      0.000000   10.000000   10.000000   clock __VIRTUAL_CLK__ (rise edge)
                                  0.000000   10.000000   clock network delay (ideal)
                                 -0.250000    9.750000   clock uncertainty
                                  0.000000    9.750000   clock reconvergence pessimism
                                 -2.000000    7.750000   output external delay
                                              7.750000   data required time
---------------------------------------------------------------------------------------------
                                              7.750000   data required time
                                             -2.813132   data arrival time
---------------------------------------------------------------------------------------------
                                              4.936868   slack (MET)


Startpoint: otrip[1] (input port clocked by __VIRTUAL_CLK__)
Endpoint: otrip_decoded[2] (output port clocked by __VIRTUAL_CLK__)
Path Group: __VIRTUAL_CLK__
Path Type: max

Fanout         Cap        Slew       Delay        Time   Description
---------------------------------------------------------------------------------------------
                      0.000000    0.000000    0.000000   clock __VIRTUAL_CLK__ (rise edge)
                                  0.000000    0.000000   clock network delay (ideal)
                                  2.000000    2.000000 ^ input external delay
    16    0.037375    0.175329    0.119696    2.119696 ^ otrip[1] (in)
                                                         otrip[1] (net)
                      0.175329    0.000000    2.119696 ^ _02_/D_N (sky130_fd_sc_hd__nor4b_2)
     1    0.033442    0.820564    0.693407    2.813103 ^ _02_/Y (sky130_fd_sc_hd__nor4b_2)
                                                         otrip_decoded[2] (net)
                      0.820564    0.000000    2.813103 ^ otrip_decoded[2] (out)
                                              2.813103   data arrival time

                      0.000000   10.000000   10.000000   clock __VIRTUAL_CLK__ (rise edge)
                                  0.000000   10.000000   clock network delay (ideal)
                                 -0.250000    9.750000   clock uncertainty
                                  0.000000    9.750000   clock reconvergence pessimism
                                 -2.000000    7.750000   output external delay
                                              7.750000   data required time
---------------------------------------------------------------------------------------------
                                              7.750000   data required time
                                             -2.813103   data arrival time
---------------------------------------------------------------------------------------------
                                              4.936897   slack (MET)


Startpoint: otrip[2] (input port clocked by __VIRTUAL_CLK__)
Endpoint: otrip_decoded[4] (output port clocked by __VIRTUAL_CLK__)
Path Group: __VIRTUAL_CLK__
Path Type: max

Fanout         Cap        Slew       Delay        Time   Description
---------------------------------------------------------------------------------------------
                      0.000000    0.000000    0.000000   clock __VIRTUAL_CLK__ (rise edge)
                                  0.000000    0.000000   clock network delay (ideal)
                                  2.000000    2.000000 ^ input external delay
    16    0.037341    0.175177    0.119590    2.119590 ^ otrip[2] (in)
                                                         otrip[2] (net)
                      0.175177    0.000000    2.119590 ^ _04_/D_N (sky130_fd_sc_hd__nor4b_2)
     1    0.033442    0.820564    0.693368    2.812958 ^ _04_/Y (sky130_fd_sc_hd__nor4b_2)
                                                         otrip_decoded[4] (net)
                      0.820564    0.000000    2.812958 ^ otrip_decoded[4] (out)
                                              2.812958   data arrival time

                      0.000000   10.000000   10.000000   clock __VIRTUAL_CLK__ (rise edge)
                                  0.000000   10.000000   clock network delay (ideal)
                                 -0.250000    9.750000   clock uncertainty
                                  0.000000    9.750000   clock reconvergence pessimism
                                 -2.000000    7.750000   output external delay
                                              7.750000   data required time
---------------------------------------------------------------------------------------------
                                              7.750000   data required time
                                             -2.812958   data arrival time
---------------------------------------------------------------------------------------------
                                              4.937042   slack (MET)


Startpoint: otrip[3] (input port clocked by __VIRTUAL_CLK__)
Endpoint: otrip_decoded[0] (output port clocked by __VIRTUAL_CLK__)
Path Group: __VIRTUAL_CLK__
Path Type: max

Fanout         Cap        Slew       Delay        Time   Description
---------------------------------------------------------------------------------------------
                      0.000000    0.000000    0.000000   clock __VIRTUAL_CLK__ (rise edge)
                                  0.000000    0.000000   clock network delay (ideal)
                                  2.000000    2.000000 v input external delay
    16    0.034442    0.077119    0.054996    2.054996 v otrip[3] (in)
                                                         otrip[3] (net)
                      0.077119    0.000000    2.054996 v _00_/A (sky130_fd_sc_hd__nor4_2)
     1    0.033442    0.824282    0.741510    2.796506 ^ _00_/Y (sky130_fd_sc_hd__nor4_2)
                                                         otrip_decoded[0] (net)
                      0.824282    0.000000    2.796506 ^ otrip_decoded[0] (out)
                                              2.796506   data arrival time

                      0.000000   10.000000   10.000000   clock __VIRTUAL_CLK__ (rise edge)
                                  0.000000   10.000000   clock network delay (ideal)
                                 -0.250000    9.750000   clock uncertainty
                                  0.000000    9.750000   clock reconvergence pessimism
                                 -2.000000    7.750000   output external delay
                                              7.750000   data required time
---------------------------------------------------------------------------------------------
                                              7.750000   data required time
                                             -2.796506   data arrival time
---------------------------------------------------------------------------------------------
                                              4.953494   slack (MET)


Startpoint: otrip[0] (input port clocked by __VIRTUAL_CLK__)
Endpoint: otrip_decoded[3] (output port clocked by __VIRTUAL_CLK__)
Path Group: __VIRTUAL_CLK__
Path Type: max

Fanout         Cap        Slew       Delay        Time   Description
---------------------------------------------------------------------------------------------
                      0.000000    0.000000    0.000000   clock __VIRTUAL_CLK__ (rise edge)
                                  0.000000    0.000000   clock network delay (ideal)
                                  2.000000    2.000000 ^ input external delay
    16    0.037538    0.176060    0.120205    2.120204 ^ otrip[0] (in)
                                                         otrip[0] (net)
                      0.176060    0.000000    2.120204 ^ _03_/D (sky130_fd_sc_hd__and4bb_2)
     1    0.033442    0.211761    0.384669    2.504874 ^ _03_/X (sky130_fd_sc_hd__and4bb_2)
                                                         otrip_decoded[3] (net)
                      0.211761    0.000000    2.504874 ^ otrip_decoded[3] (out)
                                              2.504874   data arrival time

                      0.000000   10.000000   10.000000   clock __VIRTUAL_CLK__ (rise edge)
                                  0.000000   10.000000   clock network delay (ideal)
                                 -0.250000    9.750000   clock uncertainty
                                  0.000000    9.750000   clock reconvergence pessimism
                                 -2.000000    7.750000   output external delay
                                              7.750000   data required time
---------------------------------------------------------------------------------------------
                                              7.750000   data required time
                                             -2.504874   data arrival time
---------------------------------------------------------------------------------------------
                                              5.245126   slack (MET)


Startpoint: otrip[0] (input port clocked by __VIRTUAL_CLK__)
Endpoint: otrip_decoded[5] (output port clocked by __VIRTUAL_CLK__)
Path Group: __VIRTUAL_CLK__
Path Type: max

Fanout         Cap        Slew       Delay        Time   Description
---------------------------------------------------------------------------------------------
                      0.000000    0.000000    0.000000   clock __VIRTUAL_CLK__ (rise edge)
                                  0.000000    0.000000   clock network delay (ideal)
                                  2.000000    2.000000 ^ input external delay
    16    0.037538    0.176060    0.120205    2.120204 ^ otrip[0] (in)
                                                         otrip[0] (net)
                      0.176060    0.000000    2.120204 ^ _05_/D (sky130_fd_sc_hd__and4bb_2)
     1    0.033442    0.211761    0.384669    2.504874 ^ _05_/X (sky130_fd_sc_hd__and4bb_2)
                                                         otrip_decoded[5] (net)
                      0.211761    0.000000    2.504874 ^ otrip_decoded[5] (out)
                                              2.504874   data arrival time

                      0.000000   10.000000   10.000000   clock __VIRTUAL_CLK__ (rise edge)
                                  0.000000   10.000000   clock network delay (ideal)
                                 -0.250000    9.750000   clock uncertainty
                                  0.000000    9.750000   clock reconvergence pessimism
                                 -2.000000    7.750000   output external delay
                                              7.750000   data required time
---------------------------------------------------------------------------------------------
                                              7.750000   data required time
                                             -2.504874   data arrival time
---------------------------------------------------------------------------------------------
                                              5.245126   slack (MET)


Startpoint: otrip[0] (input port clocked by __VIRTUAL_CLK__)
Endpoint: otrip_decoded[9] (output port clocked by __VIRTUAL_CLK__)
Path Group: __VIRTUAL_CLK__
Path Type: max

Fanout         Cap        Slew       Delay        Time   Description
---------------------------------------------------------------------------------------------
                      0.000000    0.000000    0.000000   clock __VIRTUAL_CLK__ (rise edge)
                                  0.000000    0.000000   clock network delay (ideal)
                                  2.000000    2.000000 ^ input external delay
    16    0.037538    0.176060    0.120205    2.120204 ^ otrip[0] (in)
                                                         otrip[0] (net)
                      0.176060    0.000000    2.120204 ^ _09_/D (sky130_fd_sc_hd__and4bb_2)
     1    0.033442    0.211765    0.384669    2.504874 ^ _09_/X (sky130_fd_sc_hd__and4bb_2)
                                                         otrip_decoded[9] (net)
                      0.211765    0.000000    2.504874 ^ otrip_decoded[9] (out)
                                              2.504874   data arrival time

                      0.000000   10.000000   10.000000   clock __VIRTUAL_CLK__ (rise edge)
                                  0.000000   10.000000   clock network delay (ideal)
                                 -0.250000    9.750000   clock uncertainty
                                  0.000000    9.750000   clock reconvergence pessimism
                                 -2.000000    7.750000   output external delay
                                              7.750000   data required time
---------------------------------------------------------------------------------------------
                                              7.750000   data required time
                                             -2.504874   data arrival time
---------------------------------------------------------------------------------------------
                                              5.245126   slack (MET)


Startpoint: otrip[3] (input port clocked by __VIRTUAL_CLK__)
Endpoint: otrip_decoded[10] (output port clocked by __VIRTUAL_CLK__)
Path Group: __VIRTUAL_CLK__
Path Type: max

Fanout         Cap        Slew       Delay        Time   Description
---------------------------------------------------------------------------------------------
                      0.000000    0.000000    0.000000   clock __VIRTUAL_CLK__ (rise edge)
                                  0.000000    0.000000   clock network delay (ideal)
                                  2.000000    2.000000 ^ input external delay
    16    0.037382    0.175361    0.119718    2.119718 ^ otrip[3] (in)
                                                         otrip[3] (net)
                      0.175361    0.000000    2.119718 ^ _10_/D (sky130_fd_sc_hd__and4bb_2)
     1    0.033442    0.211763    0.384543    2.504261 ^ _10_/X (sky130_fd_sc_hd__and4bb_2)
                                                         otrip_decoded[10] (net)
                      0.211763    0.000000    2.504261 ^ otrip_decoded[10] (out)
                                              2.504261   data arrival time

                      0.000000   10.000000   10.000000   clock __VIRTUAL_CLK__ (rise edge)
                                  0.000000   10.000000   clock network delay (ideal)
                                 -0.250000    9.750000   clock uncertainty
                                  0.000000    9.750000   clock reconvergence pessimism
                                 -2.000000    7.750000   output external delay
                                              7.750000   data required time
---------------------------------------------------------------------------------------------
                                              7.750000   data required time
                                             -2.504261   data arrival time
---------------------------------------------------------------------------------------------
                                              5.245739   slack (MET)


Startpoint: otrip[3] (input port clocked by __VIRTUAL_CLK__)
Endpoint: otrip_decoded[12] (output port clocked by __VIRTUAL_CLK__)
Path Group: __VIRTUAL_CLK__
Path Type: max

Fanout         Cap        Slew       Delay        Time   Description
---------------------------------------------------------------------------------------------
                      0.000000    0.000000    0.000000   clock __VIRTUAL_CLK__ (rise edge)
                                  0.000000    0.000000   clock network delay (ideal)
                                  2.000000    2.000000 ^ input external delay
    16    0.037382    0.175361    0.119718    2.119718 ^ otrip[3] (in)
                                                         otrip[3] (net)
                      0.175361    0.000000    2.119718 ^ _12_/D (sky130_fd_sc_hd__and4bb_2)
     1    0.033442    0.211763    0.384543    2.504261 ^ _12_/X (sky130_fd_sc_hd__and4bb_2)
                                                         otrip_decoded[12] (net)
                      0.211763    0.000000    2.504261 ^ otrip_decoded[12] (out)
                                              2.504261   data arrival time

                      0.000000   10.000000   10.000000   clock __VIRTUAL_CLK__ (rise edge)
                                  0.000000   10.000000   clock network delay (ideal)
                                 -0.250000    9.750000   clock uncertainty
                                  0.000000    9.750000   clock reconvergence pessimism
                                 -2.000000    7.750000   output external delay
                                              7.750000   data required time
---------------------------------------------------------------------------------------------
                                              7.750000   data required time
                                             -2.504261   data arrival time
---------------------------------------------------------------------------------------------
                                              5.245739   slack (MET)


Startpoint: otrip[2] (input port clocked by __VIRTUAL_CLK__)
Endpoint: otrip_decoded[6] (output port clocked by __VIRTUAL_CLK__)
Path Group: __VIRTUAL_CLK__
Path Type: max

Fanout         Cap        Slew       Delay        Time   Description
---------------------------------------------------------------------------------------------
                      0.000000    0.000000    0.000000   clock __VIRTUAL_CLK__ (rise edge)
                                  0.000000    0.000000   clock network delay (ideal)
                                  2.000000    2.000000 ^ input external delay
    16    0.037341    0.175177    0.119590    2.119590 ^ otrip[2] (in)
                                                         otrip[2] (net)
                      0.175177    0.000000    2.119590 ^ _06_/D (sky130_fd_sc_hd__and4bb_2)
     1    0.033442    0.211761    0.384509    2.504099 ^ _06_/X (sky130_fd_sc_hd__and4bb_2)
                                                         otrip_decoded[6] (net)
                      0.211761    0.000000    2.504099 ^ otrip_decoded[6] (out)
                                              2.504099   data arrival time

                      0.000000   10.000000   10.000000   clock __VIRTUAL_CLK__ (rise edge)
                                  0.000000   10.000000   clock network delay (ideal)
                                 -0.250000    9.750000   clock uncertainty
                                  0.000000    9.750000   clock reconvergence pessimism
                                 -2.000000    7.750000   output external delay
                                              7.750000   data required time
---------------------------------------------------------------------------------------------
                                              7.750000   data required time
                                             -2.504099   data arrival time
---------------------------------------------------------------------------------------------
                                              5.245901   slack (MET)


Startpoint: otrip[0] (input port clocked by __VIRTUAL_CLK__)
Endpoint: otrip_decoded[13] (output port clocked by __VIRTUAL_CLK__)
Path Group: __VIRTUAL_CLK__
Path Type: max

Fanout         Cap        Slew       Delay        Time   Description
---------------------------------------------------------------------------------------------
                      0.000000    0.000000    0.000000   clock __VIRTUAL_CLK__ (rise edge)
                                  0.000000    0.000000   clock network delay (ideal)
                                  2.000000    2.000000 ^ input external delay
    16    0.037538    0.176060    0.120205    2.120204 ^ otrip[0] (in)
                                                         otrip[0] (net)
                      0.176060    0.000000    2.120204 ^ _13_/D (sky130_fd_sc_hd__and4b_2)
     1    0.033442    0.196674    0.376098    2.496303 ^ _13_/X (sky130_fd_sc_hd__and4b_2)
                                                         otrip_decoded[13] (net)
                      0.196674    0.000000    2.496303 ^ otrip_decoded[13] (out)
                                              2.496303   data arrival time

                      0.000000   10.000000   10.000000   clock __VIRTUAL_CLK__ (rise edge)
                                  0.000000   10.000000   clock network delay (ideal)
                                 -0.250000    9.750000   clock uncertainty
                                  0.000000    9.750000   clock reconvergence pessimism
                                 -2.000000    7.750000   output external delay
                                              7.750000   data required time
---------------------------------------------------------------------------------------------
                                              7.750000   data required time
                                             -2.496303   data arrival time
---------------------------------------------------------------------------------------------
                                              5.253697   slack (MET)


Startpoint: otrip[3] (input port clocked by __VIRTUAL_CLK__)
Endpoint: otrip_decoded[11] (output port clocked by __VIRTUAL_CLK__)
Path Group: __VIRTUAL_CLK__
Path Type: max

Fanout         Cap        Slew       Delay        Time   Description
---------------------------------------------------------------------------------------------
                      0.000000    0.000000    0.000000   clock __VIRTUAL_CLK__ (rise edge)
                                  0.000000    0.000000   clock network delay (ideal)
                                  2.000000    2.000000 ^ input external delay
    16    0.037382    0.175361    0.119718    2.119718 ^ otrip[3] (in)
                                                         otrip[3] (net)
                      0.175361    0.000000    2.119718 ^ _11_/D (sky130_fd_sc_hd__and4b_2)
     1    0.033442    0.196673    0.375972    2.495690 ^ _11_/X (sky130_fd_sc_hd__and4b_2)
                                                         otrip_decoded[11] (net)
                      0.196673    0.000000    2.495690 ^ otrip_decoded[11] (out)
                                              2.495690   data arrival time

                      0.000000   10.000000   10.000000   clock __VIRTUAL_CLK__ (rise edge)
                                  0.000000   10.000000   clock network delay (ideal)
                                 -0.250000    9.750000   clock uncertainty
                                  0.000000    9.750000   clock reconvergence pessimism
                                 -2.000000    7.750000   output external delay
                                              7.750000   data required time
---------------------------------------------------------------------------------------------
                                              7.750000   data required time
                                             -2.495690   data arrival time
---------------------------------------------------------------------------------------------
                                              5.254310   slack (MET)


Startpoint: otrip[3] (input port clocked by __VIRTUAL_CLK__)
Endpoint: otrip_decoded[14] (output port clocked by __VIRTUAL_CLK__)
Path Group: __VIRTUAL_CLK__
Path Type: max

Fanout         Cap        Slew       Delay        Time   Description
---------------------------------------------------------------------------------------------
                      0.000000    0.000000    0.000000   clock __VIRTUAL_CLK__ (rise edge)
                                  0.000000    0.000000   clock network delay (ideal)
                                  2.000000    2.000000 ^ input external delay
    16    0.037382    0.175361    0.119718    2.119718 ^ otrip[3] (in)
                                                         otrip[3] (net)
                      0.175361    0.000000    2.119718 ^ _14_/D (sky130_fd_sc_hd__and4b_2)
     1    0.033442    0.196674    0.375972    2.495690 ^ _14_/X (sky130_fd_sc_hd__and4b_2)
                                                         otrip_decoded[14] (net)
                      0.196674    0.000000    2.495690 ^ otrip_decoded[14] (out)
                                              2.495690   data arrival time

                      0.000000   10.000000   10.000000   clock __VIRTUAL_CLK__ (rise edge)
                                  0.000000   10.000000   clock network delay (ideal)
                                 -0.250000    9.750000   clock uncertainty
                                  0.000000    9.750000   clock reconvergence pessimism
                                 -2.000000    7.750000   output external delay
                                              7.750000   data required time
---------------------------------------------------------------------------------------------
                                              7.750000   data required time
                                             -2.495690   data arrival time
---------------------------------------------------------------------------------------------
                                              5.254310   slack (MET)


Startpoint: otrip[2] (input port clocked by __VIRTUAL_CLK__)
Endpoint: otrip_decoded[7] (output port clocked by __VIRTUAL_CLK__)
Path Group: __VIRTUAL_CLK__
Path Type: max

Fanout         Cap        Slew       Delay        Time   Description
---------------------------------------------------------------------------------------------
                      0.000000    0.000000    0.000000   clock __VIRTUAL_CLK__ (rise edge)
                                  0.000000    0.000000   clock network delay (ideal)
                                  2.000000    2.000000 ^ input external delay
    16    0.037341    0.175177    0.119590    2.119590 ^ otrip[2] (in)
                                                         otrip[2] (net)
                      0.175177    0.000000    2.119590 ^ _07_/D (sky130_fd_sc_hd__and4b_2)
     1    0.033442    0.196674    0.375939    2.495528 ^ _07_/X (sky130_fd_sc_hd__and4b_2)
                                                         otrip_decoded[7] (net)
                      0.196674    0.000000    2.495528 ^ otrip_decoded[7] (out)
                                              2.495528   data arrival time

                      0.000000   10.000000   10.000000   clock __VIRTUAL_CLK__ (rise edge)
                                  0.000000   10.000000   clock network delay (ideal)
                                 -0.250000    9.750000   clock uncertainty
                                  0.000000    9.750000   clock reconvergence pessimism
                                 -2.000000    7.750000   output external delay
                                              7.750000   data required time
---------------------------------------------------------------------------------------------
                                              7.750000   data required time
                                             -2.495528   data arrival time
---------------------------------------------------------------------------------------------
                                              5.254472   slack (MET)


Startpoint: otrip[2] (input port clocked by __VIRTUAL_CLK__)
Endpoint: otrip_decoded[15] (output port clocked by __VIRTUAL_CLK__)
Path Group: __VIRTUAL_CLK__
Path Type: max

Fanout         Cap        Slew       Delay        Time   Description
---------------------------------------------------------------------------------------------
                      0.000000    0.000000    0.000000   clock __VIRTUAL_CLK__ (rise edge)
                                  0.000000    0.000000   clock network delay (ideal)
                                  2.000000    2.000000 ^ input external delay
    16    0.037341    0.175177    0.119590    2.119590 ^ otrip[2] (in)
                                                         otrip[2] (net)
                      0.175177    0.000000    2.119590 ^ _15_/D (sky130_fd_sc_hd__and4_2)
     1    0.033442    0.194553    0.372985    2.492575 ^ _15_/X (sky130_fd_sc_hd__and4_2)
                                                         otrip_decoded[15] (net)
                      0.194553    0.000000    2.492575 ^ otrip_decoded[15] (out)
                                              2.492575   data arrival time

                      0.000000   10.000000   10.000000   clock __VIRTUAL_CLK__ (rise edge)
                                  0.000000   10.000000   clock network delay (ideal)
                                 -0.250000    9.750000   clock uncertainty
                                  0.000000    9.750000   clock reconvergence pessimism
                                 -2.000000    7.750000   output external delay
                                              7.750000   data required time
---------------------------------------------------------------------------------------------
                                              7.750000   data required time
                                             -2.492575   data arrival time
---------------------------------------------------------------------------------------------
                                              5.257425   slack (MET)



%OL_END_REPORT
%OL_CREATE_REPORT checks.rpt

===========================================================================
report_checks -unconstrained
===========================================================================
======================= nom_tt_025C_1v80 Corner ===================================

Startpoint: otrip[0] (input port clocked by __VIRTUAL_CLK__)
Endpoint: otrip_decoded[1] (output port clocked by __VIRTUAL_CLK__)
Path Group: __VIRTUAL_CLK__
Path Type: max

Fanout         Cap        Slew       Delay        Time   Description
---------------------------------------------------------------------------------------------
                      0.000000    0.000000    0.000000   clock __VIRTUAL_CLK__ (rise edge)
                                  0.000000    0.000000   clock network delay (ideal)
                                  2.000000    2.000000 ^ input external delay
    16    0.037538    0.176060    0.120205    2.120204 ^ otrip[0] (in)
                                                         otrip[0] (net)
                      0.176060    0.000000    2.120204 ^ _01_/D_N (sky130_fd_sc_hd__nor4b_2)
     1    0.033442    0.820565    0.693591    2.813795 ^ _01_/Y (sky130_fd_sc_hd__nor4b_2)
                                                         otrip_decoded[1] (net)
                      0.820565    0.000000    2.813795 ^ otrip_decoded[1] (out)
                                              2.813795   data arrival time

                      0.000000   10.000000   10.000000   clock __VIRTUAL_CLK__ (rise edge)
                                  0.000000   10.000000   clock network delay (ideal)
                                 -0.250000    9.750000   clock uncertainty
                                  0.000000    9.750000   clock reconvergence pessimism
                                 -2.000000    7.750000   output external delay
                                              7.750000   data required time
---------------------------------------------------------------------------------------------
                                              7.750000   data required time
                                             -2.813795   data arrival time
---------------------------------------------------------------------------------------------
                                              4.936205   slack (MET)




===========================================================================
report_checks --slack_max -0.01
============================================================================
======================= nom_tt_025C_1v80 Corner ===================================

No paths found.


===========================================================================
 report_check_types -max_slew -max_cap -max_fanout -violators
============================================================================
======================= nom_tt_025C_1v80 Corner ===================================

max slew

Pin                                        Limit        Slew       Slack
------------------------------------------------------------------------
otrip_decoded[0]                        0.750000    0.824282   -0.074282 (VIOLATED)
_00_/Y                                  0.750000    0.824282   -0.074282 (VIOLATED)
otrip_decoded[1]                        0.750000    0.820565   -0.070565 (VIOLATED)
_01_/Y                                  0.750000    0.820565   -0.070565 (VIOLATED)
otrip_decoded[2]                        0.750000    0.820564   -0.070564 (VIOLATED)
otrip_decoded[8]                        0.750000    0.820564   -0.070564 (VIOLATED)
_02_/Y                                  0.750000    0.820564   -0.070564 (VIOLATED)
_08_/Y                                  0.750000    0.820564   -0.070564 (VIOLATED)
otrip_decoded[4]                        0.750000    0.820564   -0.070564 (VIOLATED)
_04_/Y                                  0.750000    0.820564   -0.070564 (VIOLATED)

max fanout

Pin                                   Limit Fanout  Slack
---------------------------------------------------------
otrip[0]                                 10     16     -6 (VIOLATED)
otrip[1]                                 10     16     -6 (VIOLATED)
otrip[2]                                 10     16     -6 (VIOLATED)
otrip[3]                                 10     16     -6 (VIOLATED)



===========================================================================
report_parasitic_annotation -report_unannotated
============================================================================
Found 20 unannotated drivers.
 otrip[0]
 otrip[1]
 otrip[2]
 otrip[3]
 _00_/Y
 _01_/Y
 _02_/Y
 _03_/X
 _04_/Y
 _05_/X
 _06_/X
 _07_/X
 _08_/Y
 _09_/X
 _10_/X
 _11_/X
 _12_/X
 _13_/X
 _14_/X
 _15_/X
Found 0 partially unannotated drivers.

===========================================================================
max slew violation count 10
%OL_METRIC_I design__max_slew_violation__count__corner:nom_tt_025C_1v80 10
max fanout violation count 4
%OL_METRIC_I design__max_fanout_violation__count__corner:nom_tt_025C_1v80 4
max cap violation count 0
%OL_METRIC_I design__max_cap_violation__count__corner:nom_tt_025C_1v80 0
============================================================================

===========================================================================
check_setup -verbose -unconstrained_endpoints -multiple_clock -no_clock -no_input_delay -loops -generated_clocks
===========================================================================
%OL_END_REPORT
%OL_CREATE_REPORT power.rpt

===========================================================================
 report_power
============================================================================
======================= nom_tt_025C_1v80 Corner ===================================

Group                    Internal    Switching      Leakage        Total
                            Power        Power        Power        Power (Watts)
------------------------------------------------------------------------
Sequential           0.000000e+00 0.000000e+00 0.000000e+00 0.000000e+00   0.0%
Combinational        2.399525e-06 4.334083e-06 5.846069e-11 6.733667e-06 100.0%
Clock                0.000000e+00 0.000000e+00 0.000000e+00 0.000000e+00   0.0%
Macro                0.000000e+00 0.000000e+00 0.000000e+00 0.000000e+00   0.0%
Pad                  0.000000e+00 0.000000e+00 0.000000e+00 0.000000e+00   0.0%
------------------------------------------------------------------------
Total                2.399525e-06 4.334083e-06 5.846069e-11 6.733667e-06 100.0%
                            35.6%        64.4%         0.0%
%OL_METRIC_F power__internal__total 2.3995248739083763e-6
%OL_METRIC_F power__switching__total 4.334083314461168e-6
%OL_METRIC_F power__leakage__total 5.846068767967338e-11
%OL_METRIC_F power__total 6.733666850777809e-6

%OL_END_REPORT
%OL_CREATE_REPORT skew.min.rpt

===========================================================================
Clock Skew (Hold)
============================================================================
%OL_METRIC_F clock__skew__worst_hold__corner:nom_tt_025C_1v80 0.000000
======================= nom_tt_025C_1v80 Corner ===================================

Clock __VIRTUAL_CLK__
No launch/capture paths found.

%OL_END_REPORT
%OL_CREATE_REPORT skew.max.rpt

===========================================================================
Clock Skew (Setup)
============================================================================
%OL_METRIC_F clock__skew__worst_setup__corner:nom_tt_025C_1v80 0.000000
======================= nom_tt_025C_1v80 Corner ===================================

Clock __VIRTUAL_CLK__
No launch/capture paths found.

%OL_END_REPORT
%OL_CREATE_REPORT ws.min.rpt

===========================================================================
Worst Slack (Hold)
============================================================================
%OL_METRIC_F timing__hold__ws__corner:nom_tt_025C_1v80 3.998988
nom_tt_025C_1v80: 3.998988
%OL_END_REPORT
%OL_CREATE_REPORT ws.max.rpt

===========================================================================
Worst Slack (Setup)
============================================================================
%OL_METRIC_F timing__setup__ws__corner:nom_tt_025C_1v80 4.936205
nom_tt_025C_1v80: 4.936205
%OL_END_REPORT
%OL_CREATE_REPORT tns.min.rpt

===========================================================================
Total Negative Slack (Hold)
============================================================================
%OL_METRIC_F timing__hold__tns__corner:nom_tt_025C_1v80 0.000000
nom_tt_025C_1v80: 0.000000
%OL_END_REPORT
%OL_CREATE_REPORT tns.max.rpt

===========================================================================
Total Negative Slack (Setup)
============================================================================
%OL_METRIC_F timing__setup__tns__corner:nom_tt_025C_1v80 0.000000
nom_tt_025C_1v80: 0.000000
%OL_END_REPORT
%OL_CREATE_REPORT wns.min.rpt

===========================================================================
Worst Negative Slack (Hold)
============================================================================
%OL_METRIC_F timing__hold__wns__corner:nom_tt_025C_1v80 0
nom_tt_025C_1v80: 0
%OL_END_REPORT
%OL_CREATE_REPORT wns.max.rpt

===========================================================================
Worst Negative Slack (Setup)
============================================================================
%OL_METRIC_F timing__setup__wns__corner:nom_tt_025C_1v80 0.0
nom_tt_025C_1v80: 0.0
%OL_END_REPORT
%OL_CREATE_REPORT violator_list.rpt

===========================================================================
Violator List
============================================================================
%OL_METRIC_I timing__hold_vio__count__corner:nom_tt_025C_1v80 0
%OL_METRIC_F timing__hold_r2r__ws__corner:nom_tt_025C_1v80 inf
%OL_METRIC_I timing__hold_r2r_vio__count__corner:nom_tt_025C_1v80 0
%OL_METRIC_I timing__setup_vio__count__corner:nom_tt_025C_1v80 0
%OL_METRIC_F timing__setup_r2r__ws__corner:nom_tt_025C_1v80 inf
%OL_METRIC_I timing__setup_r2r_vio__count__corner:nom_tt_025C_1v80 0
%OL_END_REPORT
Writing SDF files for all corners…
