54. Printing statistics.

=== overvoltage_dig ===

   Number of wires:                 16
   Number of wire bits:             34
   Number of public wires:           2
   Number of public wire bits:      20
   Number of memories:               0
   Number of memory bits:            0
   Number of processes:              0
   Number of cells:                 30
     $_ANDNOT_                      16
     $_NAND_                         1
     $_NOT_                          2
     $_ORNOT_                        2
     $_OR_                           9

   Area for cell type $_NOT_ is unknown!
   Area for cell type $_NAND_ is unknown!
   Area for cell type $_OR_ is unknown!
   Area for cell type $_ANDNOT_ is unknown!
   Area for cell type $_ORNOT_ is unknown!

