Using 8 threads…
Using a tile size of (500 µm)²…
Reading /home/rtsang/chipalooza/sky130_ajc_ip__overvoltage/openlane/overvoltage_dig/runs/RUN_2024-04-04_12-54-32/50-magic-streamout/overvoltage_dig.magic.gds ..
Reading /home/rtsang/chipalooza/sky130_ajc_ip__overvoltage/openlane/overvoltage_dig/runs/RUN_2024-04-04_12-54-32/51-klayout-streamout/overvoltage_dig.klayout.gds ..
--- Running XOR for layer 122/16 ---
"input" in: xor.drc:109
    Polygons (raw): 216 (flat)  16 (hierarchical)
    Elapsed: 0.000s  Memory: 257.00M
"input" in: xor.drc:109
    Polygons (raw): 216 (flat)  16 (hierarchical)
    Elapsed: 0.000s  Memory: 257.00M
"^" in: xor.drc:109
    Polygons (raw): 0 (flat)  0 (hierarchical)
    Elapsed: 0.000s  Memory: 810.00M
XOR differences: 0
"output" in: xor.drc:86
    Polygons (raw): 0 (flat)  0 (hierarchical)
    Elapsed: 0.000s  Memory: 802.00M
--- Running XOR for layer 235/4 ---
"input" in: xor.drc:109
    Polygons (raw): 1 (flat)  1 (hierarchical)
    Elapsed: 0.000s  Memory: 802.00M
"input" in: xor.drc:109
    Polygons (raw): 1 (flat)  1 (hierarchical)
    Elapsed: 0.000s  Memory: 802.00M
"^" in: xor.drc:109
    Polygons (raw): 0 (flat)  0 (hierarchical)
    Elapsed: 0.000s  Memory: 802.00M
XOR differences: 0
"output" in: xor.drc:86
    Polygons (raw): 0 (flat)  0 (hierarchical)
    Elapsed: 0.000s  Memory: 802.00M
--- Running XOR for layer 236/0 ---
"input" in: xor.drc:109
    Polygons (raw): 190 (flat)  14 (hierarchical)
    Elapsed: 0.000s  Memory: 802.00M
"input" in: xor.drc:109
    Polygons (raw): 190 (flat)  14 (hierarchical)
    Elapsed: 0.000s  Memory: 802.00M
"^" in: xor.drc:109
    Polygons (raw): 0 (flat)  0 (hierarchical)
    Elapsed: 0.000s  Memory: 810.00M
XOR differences: 0
"output" in: xor.drc:86
    Polygons (raw): 0 (flat)  0 (hierarchical)
    Elapsed: 0.000s  Memory: 802.00M
--- Running XOR for layer 64/16 ---
"input" in: xor.drc:109
    Polygons (raw): 216 (flat)  16 (hierarchical)
    Elapsed: 0.000s  Memory: 802.00M
"input" in: xor.drc:109
    Polygons (raw): 216 (flat)  16 (hierarchical)
    Elapsed: 0.000s  Memory: 802.00M
"^" in: xor.drc:109
    Polygons (raw): 0 (flat)  0 (hierarchical)
    Elapsed: 0.000s  Memory: 810.00M
XOR differences: 0
"output" in: xor.drc:86
    Polygons (raw): 0 (flat)  0 (hierarchical)
    Elapsed: 0.000s  Memory: 802.00M
--- Running XOR for layer 64/20 ---
"input" in: xor.drc:109
    Polygons (raw): 240 (flat)  17 (hierarchical)
    Elapsed: 0.000s  Memory: 802.00M
"input" in: xor.drc:109
    Polygons (raw): 240 (flat)  17 (hierarchical)
    Elapsed: 0.000s  Memory: 802.00M
"^" in: xor.drc:109
    Polygons (raw): 0 (flat)  0 (hierarchical)
    Elapsed: 0.010s  Memory: 818.00M
XOR differences: 0
"output" in: xor.drc:86
    Polygons (raw): 0 (flat)  0 (hierarchical)
    Elapsed: 0.000s  Memory: 802.00M
--- Running XOR for layer 64/5 ---
"input" in: xor.drc:109
    Polygons (raw): 0 (flat)  0 (hierarchical)
    Elapsed: 0.000s  Memory: 802.00M
"input" in: xor.drc:109
    Polygons (raw): 0 (flat)  0 (hierarchical)
    Elapsed: 0.000s  Memory: 802.00M
"^" in: xor.drc:109
    Polygons (raw): 0 (flat)  0 (hierarchical)
    Elapsed: 0.000s  Memory: 818.00M
XOR differences: 0
"output" in: xor.drc:86
    Polygons (raw): 0 (flat)  0 (hierarchical)
    Elapsed: 0.000s  Memory: 802.00M
--- Running XOR for layer 64/59 ---
"input" in: xor.drc:109
    Polygons (raw): 0 (flat)  0 (hierarchical)
    Elapsed: 0.000s  Memory: 802.00M
"input" in: xor.drc:109
    Polygons (raw): 0 (flat)  0 (hierarchical)
    Elapsed: 0.000s  Memory: 802.00M
"^" in: xor.drc:109
    Polygons (raw): 0 (flat)  0 (hierarchical)
    Elapsed: 0.010s  Memory: 802.00M
XOR differences: 0
"output" in: xor.drc:86
    Polygons (raw): 0 (flat)  0 (hierarchical)
    Elapsed: 0.000s  Memory: 802.00M
--- Running XOR for layer 65/20 ---
"input" in: xor.drc:109
    Polygons (raw): 396 (flat)  31 (hierarchical)
    Elapsed: 0.000s  Memory: 802.00M
"input" in: xor.drc:109
    Polygons (raw): 396 (flat)  31 (hierarchical)
    Elapsed: 0.000s  Memory: 802.00M
"^" in: xor.drc:109
    Polygons (raw): 0 (flat)  0 (hierarchical)
    Elapsed: 0.000s  Memory: 802.00M
XOR differences: 0
"output" in: xor.drc:86
    Polygons (raw): 0 (flat)  0 (hierarchical)
    Elapsed: 0.000s  Memory: 802.00M
--- Running XOR for layer 65/44 ---
"input" in: xor.drc:109
    Polygons (raw): 48 (flat)  2 (hierarchical)
    Elapsed: 0.000s  Memory: 802.00M
"input" in: xor.drc:109
    Polygons (raw): 48 (flat)  2 (hierarchical)
    Elapsed: 0.000s  Memory: 802.00M
"^" in: xor.drc:109
    Polygons (raw): 0 (flat)  0 (hierarchical)
    Elapsed: 0.000s  Memory: 818.00M
XOR differences: 0
"output" in: xor.drc:86
    Polygons (raw): 0 (flat)  0 (hierarchical)
    Elapsed: 0.000s  Memory: 802.00M
--- Running XOR for layer 66/20 ---
"input" in: xor.drc:109
    Polygons (raw): 451 (flat)  47 (hierarchical)
    Elapsed: 0.000s  Memory: 802.00M
"input" in: xor.drc:109
    Polygons (raw): 451 (flat)  47 (hierarchical)
    Elapsed: 0.000s  Memory: 802.00M
"^" in: xor.drc:109
    Polygons (raw): 0 (flat)  0 (hierarchical)
    Elapsed: 0.010s  Memory: 818.00M
XOR differences: 0
"output" in: xor.drc:86
    Polygons (raw): 0 (flat)  0 (hierarchical)
    Elapsed: 0.000s  Memory: 802.00M
--- Running XOR for layer 66/44 ---
"input" in: xor.drc:109
    Polygons (raw): 1865 (flat)  190 (hierarchical)
    Elapsed: 0.000s  Memory: 802.00M
"input" in: xor.drc:109
    Polygons (raw): 1865 (flat)  190 (hierarchical)
    Elapsed: 0.000s  Memory: 802.00M
"^" in: xor.drc:109
    Polygons (raw): 0 (flat)  0 (hierarchical)
    Elapsed: 0.020s  Memory: 802.00M
XOR differences: 0
"output" in: xor.drc:86
    Polygons (raw): 0 (flat)  0 (hierarchical)
    Elapsed: 0.000s  Memory: 802.00M
--- Running XOR for layer 67/16 ---
"input" in: xor.drc:109
    Polygons (raw): 353 (flat)  77 (hierarchical)
    Elapsed: 0.000s  Memory: 802.00M
"input" in: xor.drc:109
    Polygons (raw): 353 (flat)  77 (hierarchical)
    Elapsed: 0.000s  Memory: 802.00M
"^" in: xor.drc:109
    Polygons (raw): 0 (flat)  0 (hierarchical)
    Elapsed: 0.000s  Memory: 826.00M
XOR differences: 0
"output" in: xor.drc:86
    Polygons (raw): 0 (flat)  0 (hierarchical)
    Elapsed: 0.000s  Memory: 802.00M
--- Running XOR for layer 67/20 ---
"input" in: xor.drc:109
    Polygons (raw): 1155 (flat)  220 (hierarchical)
    Elapsed: 0.000s  Memory: 802.00M
"input" in: xor.drc:109
    Polygons (raw): 1155 (flat)  85 (hierarchical)
    Elapsed: 0.000s  Memory: 802.00M
"^" in: xor.drc:109
    Polygons (raw): 0 (flat)  0 (hierarchical)
    Elapsed: 0.020s  Memory: 802.00M
XOR differences: 0
"output" in: xor.drc:86
    Polygons (raw): 0 (flat)  0 (hierarchical)
    Elapsed: 0.000s  Memory: 802.00M
--- Running XOR for layer 67/44 ---
"input" in: xor.drc:109
    Polygons (raw): 3104 (flat)  312 (hierarchical)
    Elapsed: 0.000s  Memory: 802.00M
"input" in: xor.drc:109
    Polygons (raw): 3104 (flat)  177 (hierarchical)
    Elapsed: 0.000s  Memory: 802.00M
"^" in: xor.drc:109
    Polygons (raw): 0 (flat)  0 (hierarchical)
    Elapsed: 0.020s  Memory: 802.00M
XOR differences: 0
"output" in: xor.drc:86
    Polygons (raw): 0 (flat)  0 (hierarchical)
    Elapsed: 0.000s  Memory: 802.00M
--- Running XOR for layer 67/5 ---
"input" in: xor.drc:109
    Polygons (raw): 0 (flat)  0 (hierarchical)
    Elapsed: 0.000s  Memory: 802.00M
"input" in: xor.drc:109
    Polygons (raw): 0 (flat)  0 (hierarchical)
    Elapsed: 0.000s  Memory: 802.00M
"^" in: xor.drc:109
    Polygons (raw): 0 (flat)  0 (hierarchical)
    Elapsed: 0.000s  Memory: 802.00M
XOR differences: 0
"output" in: xor.drc:86
    Polygons (raw): 0 (flat)  0 (hierarchical)
    Elapsed: 0.000s  Memory: 802.00M
--- Running XOR for layer 68/16 ---
"input" in: xor.drc:109
    Polygons (raw): 488 (flat)  36 (hierarchical)
    Elapsed: 0.000s  Memory: 802.00M
"input" in: xor.drc:109
    Polygons (raw): 488 (flat)  36 (hierarchical)
    Elapsed: 0.000s  Memory: 802.00M
"^" in: xor.drc:109
    Polygons (raw): 0 (flat)  0 (hierarchical)
    Elapsed: 0.010s  Memory: 810.00M
XOR differences: 0
"output" in: xor.drc:86
    Polygons (raw): 0 (flat)  0 (hierarchical)
    Elapsed: 0.000s  Memory: 802.00M
--- Running XOR for layer 68/20 ---
"input" in: xor.drc:109
    Polygons (raw): 970 (flat)  524 (hierarchical)
    Elapsed: 0.000s  Memory: 802.00M
"input" in: xor.drc:109
    Polygons (raw): 926 (flat)  182 (hierarchical)
    Elapsed: 0.000s  Memory: 802.00M
"^" in: xor.drc:109
    Polygons (raw): 0 (flat)  0 (hierarchical)
    Elapsed: 0.010s  Memory: 802.00M
XOR differences: 0
"output" in: xor.drc:86
    Polygons (raw): 0 (flat)  0 (hierarchical)
    Elapsed: 0.000s  Memory: 802.00M
--- Running XOR for layer 68/44 ---
"input" in: xor.drc:109
    Polygons (raw): 285 (flat)  285 (hierarchical)
    Elapsed: 0.000s  Memory: 802.00M
"input" in: xor.drc:109
    Polygons (raw): 285 (flat)  6 (hierarchical)
    Elapsed: 0.000s  Memory: 802.00M
"^" in: xor.drc:109
    Polygons (raw): 0 (flat)  0 (hierarchical)
    Elapsed: 0.000s  Memory: 810.00M
XOR differences: 0
"output" in: xor.drc:86
    Polygons (raw): 0 (flat)  0 (hierarchical)
    Elapsed: 0.000s  Memory: 802.00M
--- Running XOR for layer 68/5 ---
"input" in: xor.drc:109
    Polygons (raw): 0 (flat)  0 (hierarchical)
    Elapsed: 0.000s  Memory: 802.00M
"input" in: xor.drc:109
    Polygons (raw): 0 (flat)  0 (hierarchical)
    Elapsed: 0.000s  Memory: 802.00M
"^" in: xor.drc:109
    Polygons (raw): 0 (flat)  0 (hierarchical)
    Elapsed: 0.010s  Memory: 826.00M
XOR differences: 0
"output" in: xor.drc:86
    Polygons (raw): 0 (flat)  0 (hierarchical)
    Elapsed: 0.000s  Memory: 802.00M
--- Running XOR for layer 69/16 ---
"input" in: xor.drc:109
    Polygons (raw): 8 (flat)  8 (hierarchical)
    Elapsed: 0.000s  Memory: 802.00M
"input" in: xor.drc:109
    Polygons (raw): 8 (flat)  8 (hierarchical)
    Elapsed: 0.000s  Memory: 802.00M
"^" in: xor.drc:109
    Polygons (raw): 0 (flat)  0 (hierarchical)
    Elapsed: 0.000s  Memory: 810.00M
XOR differences: 0
"output" in: xor.drc:86
    Polygons (raw): 0 (flat)  0 (hierarchical)
    Elapsed: 0.000s  Memory: 802.00M
--- Running XOR for layer 69/20 ---
"input" in: xor.drc:109
    Polygons (raw): 298 (flat)  298 (hierarchical)
    Elapsed: 0.000s  Memory: 802.00M
"input" in: xor.drc:109
    Polygons (raw): 351 (flat)  146 (hierarchical)
    Elapsed: 0.000s  Memory: 802.00M
"^" in: xor.drc:109
    Polygons (raw): 0 (flat)  0 (hierarchical)
    Elapsed: 0.000s  Memory: 810.00M
XOR differences: 0
"output" in: xor.drc:86
    Polygons (raw): 0 (flat)  0 (hierarchical)
    Elapsed: 0.000s  Memory: 802.00M
--- Running XOR for layer 69/44 ---
"input" in: xor.drc:109
    Polygons (raw): 134 (flat)  134 (hierarchical)
    Elapsed: 0.000s  Memory: 802.00M
"input" in: xor.drc:109
    Polygons (raw): 134 (flat)  5 (hierarchical)
    Elapsed: 0.000s  Memory: 802.00M
"^" in: xor.drc:109
    Polygons (raw): 0 (flat)  0 (hierarchical)
    Elapsed: 0.010s  Memory: 826.00M
XOR differences: 0
"output" in: xor.drc:86
    Polygons (raw): 0 (flat)  0 (hierarchical)
    Elapsed: 0.000s  Memory: 802.00M
--- Running XOR for layer 69/5 ---
"input" in: xor.drc:109
    Polygons (raw): 0 (flat)  0 (hierarchical)
    Elapsed: 0.000s  Memory: 802.00M
"input" in: xor.drc:109
    Polygons (raw): 0 (flat)  0 (hierarchical)
    Elapsed: 0.000s  Memory: 802.00M
"^" in: xor.drc:109
    Polygons (raw): 0 (flat)  0 (hierarchical)
    Elapsed: 0.000s  Memory: 826.00M
XOR differences: 0
"output" in: xor.drc:86
    Polygons (raw): 0 (flat)  0 (hierarchical)
    Elapsed: 0.000s  Memory: 802.00M
--- Running XOR for layer 70/16 ---
"input" in: xor.drc:109
    Polygons (raw): 12 (flat)  12 (hierarchical)
    Elapsed: 0.000s  Memory: 802.00M
"input" in: xor.drc:109
    Polygons (raw): 12 (flat)  12 (hierarchical)
    Elapsed: 0.000s  Memory: 802.00M
"^" in: xor.drc:109
    Polygons (raw): 0 (flat)  0 (hierarchical)
    Elapsed: 0.010s  Memory: 818.00M
XOR differences: 0
"output" in: xor.drc:86
    Polygons (raw): 0 (flat)  0 (hierarchical)
    Elapsed: 0.000s  Memory: 802.00M
--- Running XOR for layer 70/20 ---
"input" in: xor.drc:109
    Polygons (raw): 96 (flat)  96 (hierarchical)
    Elapsed: 0.000s  Memory: 802.00M
"input" in: xor.drc:109
    Polygons (raw): 135 (flat)  64 (hierarchical)
    Elapsed: 0.000s  Memory: 802.00M
"^" in: xor.drc:109
    Polygons (raw): 0 (flat)  0 (hierarchical)
    Elapsed: 0.010s  Memory: 802.00M
XOR differences: 0
"output" in: xor.drc:86
    Polygons (raw): 0 (flat)  0 (hierarchical)
    Elapsed: 0.000s  Memory: 802.00M
--- Running XOR for layer 70/44 ---
"input" in: xor.drc:109
    Polygons (raw): 120 (flat)  120 (hierarchical)
    Elapsed: 0.000s  Memory: 802.00M
"input" in: xor.drc:109
    Polygons (raw): 120 (flat)  4 (hierarchical)
    Elapsed: 0.000s  Memory: 802.00M
"^" in: xor.drc:109
    Polygons (raw): 0 (flat)  0 (hierarchical)
    Elapsed: 0.000s  Memory: 818.00M
XOR differences: 0
"output" in: xor.drc:86
    Polygons (raw): 0 (flat)  0 (hierarchical)
    Elapsed: 0.000s  Memory: 802.00M
--- Running XOR for layer 70/5 ---
"input" in: xor.drc:109
    Polygons (raw): 0 (flat)  0 (hierarchical)
    Elapsed: 0.000s  Memory: 802.00M
"input" in: xor.drc:109
    Polygons (raw): 0 (flat)  0 (hierarchical)
    Elapsed: 0.000s  Memory: 802.00M
"^" in: xor.drc:109
    Polygons (raw): 0 (flat)  0 (hierarchical)
    Elapsed: 0.000s  Memory: 802.00M
XOR differences: 0
"output" in: xor.drc:86
    Polygons (raw): 0 (flat)  0 (hierarchical)
    Elapsed: 0.000s  Memory: 802.00M
--- Running XOR for layer 71/16 ---
"input" in: xor.drc:109
    Polygons (raw): 4 (flat)  4 (hierarchical)
    Elapsed: 0.000s  Memory: 802.00M
"input" in: xor.drc:109
    Polygons (raw): 4 (flat)  4 (hierarchical)
    Elapsed: 0.000s  Memory: 802.00M
"^" in: xor.drc:109
    Polygons (raw): 0 (flat)  0 (hierarchical)
    Elapsed: 0.000s  Memory: 810.00M
XOR differences: 0
"output" in: xor.drc:86
    Polygons (raw): 0 (flat)  0 (hierarchical)
    Elapsed: 0.000s  Memory: 802.00M
--- Running XOR for layer 71/20 ---
"input" in: xor.drc:109
    Polygons (raw): 4 (flat)  4 (hierarchical)
    Elapsed: 0.000s  Memory: 802.00M
"input" in: xor.drc:109
    Polygons (raw): 46 (flat)  10 (hierarchical)
    Elapsed: 0.000s  Memory: 802.00M
"^" in: xor.drc:109
    Polygons (raw): 0 (flat)  0 (hierarchical)
    Elapsed: 0.000s  Memory: 818.00M
XOR differences: 0
"output" in: xor.drc:86
    Polygons (raw): 0 (flat)  0 (hierarchical)
    Elapsed: 0.000s  Memory: 802.00M
--- Running XOR for layer 71/44 ---
"input" in: xor.drc:109
    Polygons (raw): 8 (flat)  8 (hierarchical)
    Elapsed: 0.000s  Memory: 802.00M
"input" in: xor.drc:109
    Polygons (raw): 8 (flat)  1 (hierarchical)
    Elapsed: 0.000s  Memory: 802.00M
"^" in: xor.drc:109
    Polygons (raw): 0 (flat)  0 (hierarchical)
    Elapsed: 0.000s  Memory: 802.00M
XOR differences: 0
"output" in: xor.drc:86
    Polygons (raw): 0 (flat)  0 (hierarchical)
    Elapsed: 0.000s  Memory: 802.00M
--- Running XOR for layer 71/5 ---
"input" in: xor.drc:109
    Polygons (raw): 0 (flat)  0 (hierarchical)
    Elapsed: 0.000s  Memory: 802.00M
"input" in: xor.drc:109
    Polygons (raw): 0 (flat)  0 (hierarchical)
    Elapsed: 0.000s  Memory: 802.00M
"^" in: xor.drc:109
    Polygons (raw): 0 (flat)  0 (hierarchical)
    Elapsed: 0.010s  Memory: 802.00M
XOR differences: 0
"output" in: xor.drc:86
    Polygons (raw): 0 (flat)  0 (hierarchical)
    Elapsed: 0.000s  Memory: 802.00M
--- Running XOR for layer 72/16 ---
"input" in: xor.drc:109
    Polygons (raw): 4 (flat)  4 (hierarchical)
    Elapsed: 0.000s  Memory: 802.00M
"input" in: xor.drc:109
    Polygons (raw): 4 (flat)  4 (hierarchical)
    Elapsed: 0.000s  Memory: 802.00M
"^" in: xor.drc:109
    Polygons (raw): 0 (flat)  0 (hierarchical)
    Elapsed: 0.000s  Memory: 826.00M
XOR differences: 0
"output" in: xor.drc:86
    Polygons (raw): 0 (flat)  0 (hierarchical)
    Elapsed: 0.000s  Memory: 802.00M
--- Running XOR for layer 72/20 ---
"input" in: xor.drc:109
    Polygons (raw): 4 (flat)  4 (hierarchical)
    Elapsed: 0.000s  Memory: 802.00M
"input" in: xor.drc:109
    Polygons (raw): 16 (flat)  9 (hierarchical)
    Elapsed: 0.000s  Memory: 802.00M
"^" in: xor.drc:109
    Polygons (raw): 0 (flat)  0 (hierarchical)
    Elapsed: 0.000s  Memory: 802.00M
XOR differences: 0
"output" in: xor.drc:86
    Polygons (raw): 0 (flat)  0 (hierarchical)
    Elapsed: 0.000s  Memory: 802.00M
--- Running XOR for layer 72/5 ---
"input" in: xor.drc:109
    Polygons (raw): 0 (flat)  0 (hierarchical)
    Elapsed: 0.000s  Memory: 802.00M
"input" in: xor.drc:109
    Polygons (raw): 0 (flat)  0 (hierarchical)
    Elapsed: 0.000s  Memory: 802.00M
"^" in: xor.drc:109
    Polygons (raw): 0 (flat)  0 (hierarchical)
    Elapsed: 0.010s  Memory: 802.00M
XOR differences: 0
"output" in: xor.drc:86
    Polygons (raw): 0 (flat)  0 (hierarchical)
    Elapsed: 0.000s  Memory: 802.00M
--- Running XOR for layer 78/44 ---
"input" in: xor.drc:109
    Polygons (raw): 248 (flat)  19 (hierarchical)
    Elapsed: 0.000s  Memory: 802.00M
"input" in: xor.drc:109
    Polygons (raw): 248 (flat)  19 (hierarchical)
    Elapsed: 0.000s  Memory: 802.00M
"^" in: xor.drc:109
    Polygons (raw): 0 (flat)  0 (hierarchical)
    Elapsed: 0.000s  Memory: 802.00M
XOR differences: 0
"output" in: xor.drc:86
    Polygons (raw): 0 (flat)  0 (hierarchical)
    Elapsed: 0.000s  Memory: 802.00M
--- Running XOR for layer 81/4 ---
"input" in: xor.drc:109
    Polygons (raw): 240 (flat)  17 (hierarchical)
    Elapsed: 0.000s  Memory: 802.00M
"input" in: xor.drc:109
    Polygons (raw): 240 (flat)  17 (hierarchical)
    Elapsed: 0.000s  Memory: 802.00M
"^" in: xor.drc:109
    Polygons (raw): 0 (flat)  0 (hierarchical)
    Elapsed: 0.000s  Memory: 810.00M
XOR differences: 0
"output" in: xor.drc:86
    Polygons (raw): 0 (flat)  0 (hierarchical)
    Elapsed: 0.000s  Memory: 802.00M
--- Running XOR for layer 83/44 ---
"input" in: xor.drc:109
    Polygons (raw): 0 (flat)  0 (hierarchical)
    Elapsed: 0.000s  Memory: 802.00M
"input" in: xor.drc:109
    Polygons (raw): 0 (flat)  0 (hierarchical)
    Elapsed: 0.000s  Memory: 802.00M
"^" in: xor.drc:109
    Polygons (raw): 0 (flat)  0 (hierarchical)
    Elapsed: 0.000s  Memory: 802.00M
XOR differences: 0
"output" in: xor.drc:86
    Polygons (raw): 0 (flat)  0 (hierarchical)
    Elapsed: 0.000s  Memory: 802.00M
--- Running XOR for layer 93/44 ---
"input" in: xor.drc:109
    Polygons (raw): 264 (flat)  18 (hierarchical)
    Elapsed: 0.000s  Memory: 802.00M
"input" in: xor.drc:109
    Polygons (raw): 264 (flat)  18 (hierarchical)
    Elapsed: 0.000s  Memory: 802.00M
"^" in: xor.drc:109
    Polygons (raw): 0 (flat)  0 (hierarchical)
    Elapsed: 0.010s  Memory: 810.00M
XOR differences: 0
"output" in: xor.drc:86
    Polygons (raw): 0 (flat)  0 (hierarchical)
    Elapsed: 0.000s  Memory: 802.00M
--- Running XOR for layer 94/20 ---
"input" in: xor.drc:109
    Polygons (raw): 264 (flat)  18 (hierarchical)
    Elapsed: 0.000s  Memory: 802.00M
"input" in: xor.drc:109
    Polygons (raw): 264 (flat)  18 (hierarchical)
    Elapsed: 0.000s  Memory: 802.00M
"^" in: xor.drc:109
    Polygons (raw): 0 (flat)  0 (hierarchical)
    Elapsed: 0.000s  Memory: 810.00M
XOR differences: 0
"output" in: xor.drc:86
    Polygons (raw): 0 (flat)  0 (hierarchical)
    Elapsed: 0.000s  Memory: 802.00M
--- Running XOR for layer 95/20 ---
"input" in: xor.drc:109
    Polygons (raw): 190 (flat)  14 (hierarchical)
    Elapsed: 0.000s  Memory: 802.00M
"input" in: xor.drc:109
    Polygons (raw): 190 (flat)  14 (hierarchical)
    Elapsed: 0.000s  Memory: 802.00M
"^" in: xor.drc:109
    Polygons (raw): 0 (flat)  0 (hierarchical)
    Elapsed: 0.010s  Memory: 802.00M
XOR differences: 0
"output" in: xor.drc:86
    Polygons (raw): 0 (flat)  0 (hierarchical)
    Elapsed: 0.000s  Memory: 802.00M
---
Total XOR differences: 0
Writing report database: /home/rtsang/chipalooza/sky130_ajc_ip__overvoltage/openlane/overvoltage_dig/runs/RUN_2024-04-04_12-54-32/54-klayout-xor/xor.xml ..
Total elapsed: 0.250s  Memory: 802.00M
/home/rtsang/chipalooza/sky130_ajc_ip__overvoltage/openlane/overvoltage_dig/runs/RUN_2024-04-04_12-54-32/50-magic-streamout/overvoltage_dig.magic.gds
/home/rtsang/chipalooza/sky130_ajc_ip__overvoltage/openlane/overvoltage_dig/runs/RUN_2024-04-04_12-54-32/51-klayout-streamout/overvoltage_dig.klayout.gds
%OL_METRIC_I design__xor_difference__count 0
