
===========================================================================
report_checks -unconstrained
===========================================================================
======================= max_tt_025C_1v80 Corner ===================================

Startpoint: otrip[1] (input port clocked by __VIRTUAL_CLK__)
Endpoint: otrip_decoded[2] (output port clocked by __VIRTUAL_CLK__)
Path Group: __VIRTUAL_CLK__
Path Type: max

Fanout         Cap        Slew       Delay        Time   Description
---------------------------------------------------------------------------------------------
                      0.000000    0.000000    0.000000   clock __VIRTUAL_CLK__ (rise edge)
                                  0.000000    0.000000   clock network delay (ideal)
                                  2.000000    2.000000 ^ input external delay
     1    0.003083    0.020959    0.011352    2.011353 ^ otrip[1] (in)
                                                         otrip[1] (net)
                      0.020960    0.000000    2.011353 ^ input2/A (sky130_fd_sc_hd__clkbuf_1)
     2    0.009760    0.122009    0.127207    2.138559 ^ input2/X (sky130_fd_sc_hd__clkbuf_1)
                                                         net2 (net)
                      0.122013    0.000556    2.139115 ^ fanout25/A (sky130_fd_sc_hd__clkbuf_2)
    10    0.028764    0.160525    0.214728    2.353843 ^ fanout25/X (sky130_fd_sc_hd__clkbuf_2)
                                                         net25 (net)
                      0.160532    0.000924    2.354767 ^ _02_/D_N (sky130_fd_sc_hd__nor4b_1)
     1    0.002123    0.212205    0.221691    2.576458 ^ _02_/Y (sky130_fd_sc_hd__nor4b_1)
                                                         net13 (net)
                      0.212205    0.000150    2.576609 ^ output13/A (sky130_fd_sc_hd__buf_2)
     1    0.034450    0.171775    0.250844    2.827453 ^ output13/X (sky130_fd_sc_hd__buf_2)
                                                         otrip_decoded[2] (net)
                      0.171796    0.001614    2.829066 ^ otrip_decoded[2] (out)
                                              2.829066   data arrival time

                      0.000000   10.000000   10.000000   clock __VIRTUAL_CLK__ (rise edge)
                                  0.000000   10.000000   clock network delay (ideal)
                                 -0.250000    9.750000   clock uncertainty
                                  0.000000    9.750000   clock reconvergence pessimism
                                 -2.000000    7.750000   output external delay
                                              7.750000   data required time
---------------------------------------------------------------------------------------------
                                              7.750000   data required time
                                             -2.829066   data arrival time
---------------------------------------------------------------------------------------------
                                              4.920934   slack (MET)




===========================================================================
report_checks --slack_max -0.01
============================================================================
======================= max_tt_025C_1v80 Corner ===================================

No paths found.


===========================================================================
 report_check_types -max_slew -max_cap -max_fanout -violators
============================================================================
======================= max_tt_025C_1v80 Corner ===================================



===========================================================================
report_parasitic_annotation -report_unannotated
============================================================================
Found 0 unannotated drivers.
Found 0 partially unannotated drivers.

===========================================================================
max slew violation count 0
max fanout violation count 0
max cap violation count 0
============================================================================

===========================================================================
check_setup -verbose -unconstrained_endpoints -multiple_clock -no_clock -no_input_delay -loops -generated_clocks
===========================================================================
