
===========================================================================
report_checks -unconstrained
===========================================================================
======================= nom_tt_025C_1v80 Corner ===================================

Startpoint: otrip[0] (input port clocked by __VIRTUAL_CLK__)
Endpoint: otrip_decoded[1] (output port clocked by __VIRTUAL_CLK__)
Path Group: __VIRTUAL_CLK__
Path Type: max

Fanout         Cap        Slew       Delay        Time   Description
---------------------------------------------------------------------------------------------
                      0.000000    0.000000    0.000000   clock __VIRTUAL_CLK__ (rise edge)
                                  0.000000    0.000000   clock network delay (ideal)
                                  2.000000    2.000000 ^ input external delay
    16    0.037538    0.176060    0.120205    2.120204 ^ otrip[0] (in)
                                                         otrip[0] (net)
                      0.176060    0.000000    2.120204 ^ _01_/D_N (sky130_fd_sc_hd__nor4b_2)
     1    0.033442    0.820565    0.693591    2.813795 ^ _01_/Y (sky130_fd_sc_hd__nor4b_2)
                                                         otrip_decoded[1] (net)
                      0.820565    0.000000    2.813795 ^ otrip_decoded[1] (out)
                                              2.813795   data arrival time

                      0.000000   10.000000   10.000000   clock __VIRTUAL_CLK__ (rise edge)
                                  0.000000   10.000000   clock network delay (ideal)
                                 -0.250000    9.750000   clock uncertainty
                                  0.000000    9.750000   clock reconvergence pessimism
                                 -2.000000    7.750000   output external delay
                                              7.750000   data required time
---------------------------------------------------------------------------------------------
                                              7.750000   data required time
                                             -2.813795   data arrival time
---------------------------------------------------------------------------------------------
                                              4.936205   slack (MET)




===========================================================================
report_checks --slack_max -0.01
============================================================================
======================= nom_tt_025C_1v80 Corner ===================================

No paths found.


===========================================================================
 report_check_types -max_slew -max_cap -max_fanout -violators
============================================================================
======================= nom_tt_025C_1v80 Corner ===================================

max slew

Pin                                        Limit        Slew       Slack
------------------------------------------------------------------------
otrip_decoded[0]                        0.750000    0.824282   -0.074282 (VIOLATED)
_00_/Y                                  0.750000    0.824282   -0.074282 (VIOLATED)
otrip_decoded[1]                        0.750000    0.820565   -0.070565 (VIOLATED)
_01_/Y                                  0.750000    0.820565   -0.070565 (VIOLATED)
otrip_decoded[2]                        0.750000    0.820564   -0.070564 (VIOLATED)
otrip_decoded[8]                        0.750000    0.820564   -0.070564 (VIOLATED)
_02_/Y                                  0.750000    0.820564   -0.070564 (VIOLATED)
_08_/Y                                  0.750000    0.820564   -0.070564 (VIOLATED)
otrip_decoded[4]                        0.750000    0.820564   -0.070564 (VIOLATED)
_04_/Y                                  0.750000    0.820564   -0.070564 (VIOLATED)

max fanout

Pin                                   Limit Fanout  Slack
---------------------------------------------------------
otrip[0]                                 10     16     -6 (VIOLATED)
otrip[1]                                 10     16     -6 (VIOLATED)
otrip[2]                                 10     16     -6 (VIOLATED)
otrip[3]                                 10     16     -6 (VIOLATED)



===========================================================================
report_parasitic_annotation -report_unannotated
============================================================================
Found 20 unannotated drivers.
 otrip[0]
 otrip[1]
 otrip[2]
 otrip[3]
 _00_/Y
 _01_/Y
 _02_/Y
 _03_/X
 _04_/Y
 _05_/X
 _06_/X
 _07_/X
 _08_/Y
 _09_/X
 _10_/X
 _11_/X
 _12_/X
 _13_/X
 _14_/X
 _15_/X
Found 0 partially unannotated drivers.

===========================================================================
max slew violation count 10
Writing metric design__max_slew_violation__count__corner:nom_tt_025C_1v80: 10
max fanout violation count 4
Writing metric design__max_fanout_violation__count__corner:nom_tt_025C_1v80: 4
max cap violation count 0
Writing metric design__max_cap_violation__count__corner:nom_tt_025C_1v80: 0
============================================================================

===========================================================================
check_setup -verbose -unconstrained_endpoints -multiple_clock -no_clock -no_input_delay -loops -generated_clocks
===========================================================================
