Reading OpenROAD database at '/home/rtsang/chipalooza/sky130_ajc_ip__overvoltage/openlane/overvoltage_dig/runs/RUN_2024-04-04_12-54-32/19-openroad-ioplacement/overvoltage_dig.odb'…
Reading library file at '/home/rtsang/.volare/volare/sky130/versions/bdc9412b3e468c102d01b7cf6337be06ec6e9c9a/sky130A/libs.ref/sky130_fd_sc_hd/lib/sky130_fd_sc_hd__tt_025C_1v80.lib'…
Reading design constraints file at '/nix/store/gz2n27iaqigc0pl644jsbk5cn7v7gs6p-python3-3.11.6-env/lib/python3.11/site-packages/openlane/scripts/base.sdc'…
[WARNING] No CLOCK_PORT found. A dummy clock will be used.
[WARNING STA-0337] port '__VIRTUAL_CLK__' not found.
[INFO] Using clock __VIRTUAL_CLK__…
[INFO] Setting output delay to: 2
[INFO] Setting input delay to: 2
[WARNING STA-0337] port '__VIRTUAL_CLK__' not found.
[INFO] Setting load to: 0.033442
[INFO] Setting clock uncertainty to: 0.25
[INFO] Setting clock transition to: 0.1499999999999999944488848768742172978818416595458984375
[WARNING STA-0559] transition time can not be specified for virtual clocks.
[INFO] Setting timing derate to: 5%
[INFO] Setting RC values…
[INFO] Setting signal min routing layer to: met1 and clock min routing layer to met1. 
[INFO] Setting signal max routing layer to: met5 and clock max routing layer to met5. 
{*}-density 0.75 -timing_driven -routability_driven -pad_right 0 -pad_left 0 -init_wirelength_coef 0.25
[INFO GPL-0002] DBU: 1000
[INFO GPL-0003] SiteSize: 460 2720
[INFO GPL-0004] CoreAreaLxLy: 5520 10880
[INFO GPL-0005] CoreAreaUxUy: 54280 48960
[INFO GPL-0006] NumInstances: 68
[INFO GPL-0007] NumPlaceInstances: 16
[INFO GPL-0008] NumFixedInstances: 52
[INFO GPL-0009] NumDummyInstances: 0
[INFO GPL-0010] NumNets: 20
[INFO GPL-0011] NumPins: 100
[INFO GPL-0012] DieAreaLxLy: 0 0
[INFO GPL-0013] DieAreaUxUy: 60000 60000
[INFO GPL-0014] CoreAreaLxLy: 5520 10880
[INFO GPL-0015] CoreAreaUxUy: 54280 48960
[INFO GPL-0016] CoreArea: 1856780800
[INFO GPL-0017] NonPlaceInstsArea: 135129600
[INFO GPL-0018] PlaceInstsArea: 202694400
[INFO GPL-0019] Util(%): 11.77
[INFO GPL-0020] StdInstsArea: 202694400
[INFO GPL-0021] MacroInstsArea: 0
[InitialPlace]  Iter: 1 CG residual: 0.00000011 HPWL: 700157
[InitialPlace]  Iter: 2 CG residual: 0.00000012 HPWL: 689436
[InitialPlace]  Iter: 3 CG residual: 0.00000006 HPWL: 624716
[InitialPlace]  Iter: 4 CG residual: 0.00000003 HPWL: 574342
[InitialPlace]  Iter: 5 CG residual: 0.00000003 HPWL: 553509
[INFO GPL-0031] FillerInit: NumGCells: 103
[INFO GPL-0032] FillerInit: NumGNets: 20
[INFO GPL-0033] FillerInit: NumGPins: 100
[INFO GPL-0023] TargetDensity: 0.75
[INFO GPL-0024] AveragePlaceInstArea: 12668400
[INFO GPL-0025] IdealBinArea: 16891200
[INFO GPL-0026] IdealBinCnt: 109
[INFO GPL-0027] TotalBinArea: 1856780800
[INFO GPL-0028] BinCnt: 8 8
[INFO GPL-0029] BinSize: 6095 4760
[INFO GPL-0030] NumBins: 64
[NesterovSolve] Iter: 1 overflow: 0.0153142 HPWL: 432703
[INFO GPL-0100] worst slack 5.02e-09
[INFO GPL-0103] Weighted 1 nets.
[NesterovSolve] Snapshot saved at iter = 0
[INFO GPL-0075] Routability numCall: 1 inflationIterCnt: 1 bloatIterCnt: 0
[INFO GPL-0036] TileLxLy: 0 0
[INFO GPL-0037] TileSize: 6900 6900
[INFO GPL-0038] TileCnt: 8 8
[INFO GPL-0039] numRoutingLayers: 6
[INFO GPL-0040] NumTiles: 64
[INFO GPL-0063] TotalRouteOverflowH2: 0
[INFO GPL-0064] TotalRouteOverflowV2: 0
[INFO GPL-0065] OverflowTileCnt2: 0
[INFO GPL-0066] 0.5%RC: 0.800000011920929
[INFO GPL-0067] 1.0%RC: 0.800000011920929
[INFO GPL-0068] 2.0%RC: 0.7750000059604645
[INFO GPL-0069] 5.0%RC: 0.6800000011920929
[INFO GPL-0070] 0.5rcK: 1
[INFO GPL-0071] 1.0rcK: 1
[INFO GPL-0072] 2.0rcK: 0
[INFO GPL-0073] 5.0rcK: 0
[INFO GPL-0074] FinalRC: 0.8
[NesterovSolve] Finished with Overflow: 0.015314
[INFO] Setting RC values…
Setting global connections for newly added cells…
[INFO] Setting global connections...
Writing OpenROAD database to '/home/rtsang/chipalooza/sky130_ajc_ip__overvoltage/openlane/overvoltage_dig/runs/RUN_2024-04-04_12-54-32/22-openroad-globalplacement/overvoltage_dig.odb'…
Writing netlist to '/home/rtsang/chipalooza/sky130_ajc_ip__overvoltage/openlane/overvoltage_dig/runs/RUN_2024-04-04_12-54-32/22-openroad-globalplacement/overvoltage_dig.nl.v'…
Writing powered netlist to '/home/rtsang/chipalooza/sky130_ajc_ip__overvoltage/openlane/overvoltage_dig/runs/RUN_2024-04-04_12-54-32/22-openroad-globalplacement/overvoltage_dig.pnl.v'…
Writing layout to '/home/rtsang/chipalooza/sky130_ajc_ip__overvoltage/openlane/overvoltage_dig/runs/RUN_2024-04-04_12-54-32/22-openroad-globalplacement/overvoltage_dig.def'…
Writing timing constraints to '/home/rtsang/chipalooza/sky130_ajc_ip__overvoltage/openlane/overvoltage_dig/runs/RUN_2024-04-04_12-54-32/22-openroad-globalplacement/overvoltage_dig.sdc'…
