Reading technology LEF file at '/home/rtsang/.volare/volare/sky130/versions/bdc9412b3e468c102d01b7cf6337be06ec6e9c9a/sky130A/libs.ref/sky130_fd_sc_hd/techlef/sky130_fd_sc_hd__max.tlef'…
[INFO ODB-0222] Reading LEF file: /home/rtsang/.volare/volare/sky130/versions/bdc9412b3e468c102d01b7cf6337be06ec6e9c9a/sky130A/libs.ref/sky130_fd_sc_hd/techlef/sky130_fd_sc_hd__max.tlef
[INFO ODB-0223]     Created 13 technology layers
[INFO ODB-0224]     Created 25 technology vias
[INFO ODB-0226] Finished LEF file:  /home/rtsang/.volare/volare/sky130/versions/bdc9412b3e468c102d01b7cf6337be06ec6e9c9a/sky130A/libs.ref/sky130_fd_sc_hd/techlef/sky130_fd_sc_hd__max.tlef
Reading cell LEF file at '/home/rtsang/.volare/volare/sky130/versions/bdc9412b3e468c102d01b7cf6337be06ec6e9c9a/sky130A/libs.ref/sky130_fd_sc_hd/lef/sky130_ef_sc_hd.lef'…
[INFO ODB-0222] Reading LEF file: /home/rtsang/.volare/volare/sky130/versions/bdc9412b3e468c102d01b7cf6337be06ec6e9c9a/sky130A/libs.ref/sky130_fd_sc_hd/lef/sky130_ef_sc_hd.lef
[WARNING ODB-0220] WARNING (LEFPARS-2008): NOWIREEXTENSIONATPIN statement is obsolete in version 5.6 or later.
The NOWIREEXTENSIONATPIN statement will be ignored. See file /home/rtsang/.volare/volare/sky130/versions/bdc9412b3e468c102d01b7cf6337be06ec6e9c9a/sky130A/libs.ref/sky130_fd_sc_hd/lef/sky130_ef_sc_hd.lef at line 2.

[INFO ODB-0225]     Created 4 library cells
[INFO ODB-0226] Finished LEF file:  /home/rtsang/.volare/volare/sky130/versions/bdc9412b3e468c102d01b7cf6337be06ec6e9c9a/sky130A/libs.ref/sky130_fd_sc_hd/lef/sky130_ef_sc_hd.lef
Reading cell LEF file at '/home/rtsang/.volare/volare/sky130/versions/bdc9412b3e468c102d01b7cf6337be06ec6e9c9a/sky130A/libs.ref/sky130_fd_sc_hd/lef/sky130_fd_sc_hd.lef'…
[INFO ODB-0222] Reading LEF file: /home/rtsang/.volare/volare/sky130/versions/bdc9412b3e468c102d01b7cf6337be06ec6e9c9a/sky130A/libs.ref/sky130_fd_sc_hd/lef/sky130_fd_sc_hd.lef
[WARNING ODB-0220] WARNING (LEFPARS-2008): NOWIREEXTENSIONATPIN statement is obsolete in version 5.6 or later.
The NOWIREEXTENSIONATPIN statement will be ignored. See file /home/rtsang/.volare/volare/sky130/versions/bdc9412b3e468c102d01b7cf6337be06ec6e9c9a/sky130A/libs.ref/sky130_fd_sc_hd/lef/sky130_fd_sc_hd.lef at line 2.

[INFO ODB-0225]     Created 437 library cells
[INFO ODB-0226] Finished LEF file:  /home/rtsang/.volare/volare/sky130/versions/bdc9412b3e468c102d01b7cf6337be06ec6e9c9a/sky130A/libs.ref/sky130_fd_sc_hd/lef/sky130_fd_sc_hd.lef
[INFO ODB-0127] Reading DEF file: /home/rtsang/chipalooza/sky130_ajc_ip__overvoltage/openlane/overvoltage_dig/runs/RUN_2024-04-04_12-54-32/46-openroad-fillinsertion/overvoltage_dig.def
[INFO ODB-0128] Design: overvoltage_dig
[INFO ODB-0130]     Created 22 pins.
[INFO ODB-0131]     Created 240 components and 1048 component-terminals.
[INFO ODB-0132]     Created 2 special nets and 912 connections.
[INFO ODB-0133]     Created 48 nets and 136 connections.
[INFO ODB-0134] Finished DEF file: /home/rtsang/chipalooza/sky130_ajc_ip__overvoltage/openlane/overvoltage_dig/runs/RUN_2024-04-04_12-54-32/46-openroad-fillinsertion/overvoltage_dig.def
Using RCX ruleset '/home/rtsang/.volare/volare/sky130/versions/bdc9412b3e468c102d01b7cf6337be06ec6e9c9a/sky130A/libs.tech/openlane/rules.openrcx.sky130A.max.calibre'…
[INFO RCX-0431] Defined process_corner CURRENT_CORNER with ext_model_index 0
[INFO RCX-0029] Defined extraction corner CURRENT_CORNER
[INFO RCX-0008] extracting parasitics of overvoltage_dig ...
[INFO RCX-0435] Reading extraction model file /home/rtsang/.volare/volare/sky130/versions/bdc9412b3e468c102d01b7cf6337be06ec6e9c9a/sky130A/libs.tech/openlane/rules.openrcx.sky130A.max.calibre ...
[INFO RCX-0436] RC segment generation overvoltage_dig (max_merge_res 50.0) ...
[INFO RCX-0040] Final 195 rc segments
[INFO RCX-0439] Coupling Cap extraction overvoltage_dig ...
[INFO RCX-0440] Coupling threshhold is 0.1000 fF, coupling capacitance less than 0.1000 fF will be grounded.
[INFO RCX-0043] 348 wires to be extracted
[INFO RCX-0442] 59% completion -- 207 wires have been extracted
[INFO RCX-0442] 100% completion -- 348 wires have been extracted
[INFO RCX-0045] Extract 48 nets, 243 rsegs, 243 caps, 230 ccs
[INFO RCX-0015] Finished extracting overvoltage_dig.
Setting global connections for newly added cells…
[INFO] Setting global connections...
Writing extracted parasitics to '/home/rtsang/chipalooza/sky130_ajc_ip__overvoltage/openlane/overvoltage_dig/runs/RUN_2024-04-04_12-54-32/47-openroad-rcx/max/overvoltage_dig.max.spef'…
[INFO RCX-0016] Writing SPEF ...
[INFO RCX-0443] 48 nets finished
[INFO RCX-0017] Finished writing SPEF ...
