
Circuit 1 cell sky130_fd_pr__res_xhigh_po_1p41 and Circuit 2 cell sky130_fd_pr__res_xhigh_po_1p41 are black boxes.
Equate elements:  no current cell.
Device classes sky130_fd_pr__res_xhigh_po_1p41 and sky130_fd_pr__res_xhigh_po_1p41 are equivalent.

Class ibias_gen_rf.spice (0):  Merged 19 series devices.
Subcircuit summary:
Circuit 1: ibias_gen_rf.spice              |Circuit 2: ibias_gen_wip.spice             
-------------------------------------------|-------------------------------------------
sky130_fd_pr__res_xhigh_po_1p41 (20->1)    |sky130_fd_pr__res_xhigh_po_1p41 (1)        
sky130_fd_pr__rf_pnp_05v5_W0p68L0p68 (1)   |(no matching element)                      
(no matching element)                      |sky130_fd_pr__pnp_05v5_W0p68L0p68 (1)      
Number of devices: 2                       |Number of devices: 2                       
Number of nets: 3                          |Number of nets: 3                          
---------------------------------------------------------------------------------------
NET mismatches: Class fragments follow (with fanout counts):
Circuit 1: ibias_gen_rf.spice              |Circuit 2: ibias_gen_wip.spice             

---------------------------------------------------------------------------------------
Net: sky130_fd_pr__rf_pnp_05v5_W0p68L0p68_ |Net: net2                                  
  sky130_fd_pr__rf_pnp_05v5_W0p68L0p68/3 = |  sky130_fd_pr__pnp_05v5_W0p68L0p68/3 = 1  
---------------------------------------------------------------------------------------

---------------------------------------------------------------------------------------
Net: avss                                  |Net: avss                                  
  sky130_fd_pr__res_xhigh_po_1p41/(1|2) =  |  sky130_fd_pr__res_xhigh_po_1p41/(1|2) =  
  sky130_fd_pr__res_xhigh_po_1p41/3 = 1    |  sky130_fd_pr__res_xhigh_po_1p41/3 = 1    
  sky130_fd_pr__rf_pnp_05v5_W0p68L0p68/1 = |  sky130_fd_pr__pnp_05v5_W0p68L0p68/1 = 1  
  sky130_fd_pr__rf_pnp_05v5_W0p68L0p68/2 = |  sky130_fd_pr__pnp_05v5_W0p68L0p68/2 = 1  
---------------------------------------------------------------------------------------
DEVICE mismatches: Class fragments follow (with node fanout counts):
Circuit 1: ibias_gen_rf.spice              |Circuit 2: ibias_gen_wip.spice             

---------------------------------------------------------------------------------------
Instance: sky130_fd_pr__rf_pnp_05v5_W0p68L |Instance: sky130_fd_pr__pnp_05v5_W0p68L0p6 
  1 = 4                                    |  1 = 4                                    
  2 = 4                                    |  2 = 4                                    
  3 = 1                                    |  3 = 1                                    
---------------------------------------------------------------------------------------
Netlists do not match.
Cells have no pins;  pin matching not needed.
Device classes ibias_gen_rf.spice and ibias_gen_wip.spice are equivalent.

Final result: Netlists do not match.
