
===========================================================================
report_checks -unconstrained
===========================================================================
======================= max_ff_n40C_1v95 Corner ===================================

Startpoint: otrip[1] (input port clocked by __VIRTUAL_CLK__)
Endpoint: otrip_decoded[2] (output port clocked by __VIRTUAL_CLK__)
Path Group: __VIRTUAL_CLK__
Path Type: max

Fanout         Cap        Slew       Delay        Time   Description
---------------------------------------------------------------------------------------------
                      0.000000    0.000000    0.000000   clock __VIRTUAL_CLK__ (rise edge)
                                  0.000000    0.000000   clock network delay (ideal)
                                  2.000000    2.000000 ^ input external delay
     1    0.003148    0.015165    0.008193    2.008193 ^ otrip[1] (in)
                                                         otrip[1] (net)
                      0.015167    0.000000    2.008193 ^ input2/A (sky130_fd_sc_hd__clkbuf_1)
     2    0.009864    0.091462    0.089226    2.097419 ^ input2/X (sky130_fd_sc_hd__clkbuf_1)
                                                         net2 (net)
                      0.091467    0.000561    2.097980 ^ fanout25/A (sky130_fd_sc_hd__clkbuf_2)
    10    0.029376    0.125494    0.147065    2.245045 ^ fanout25/X (sky130_fd_sc_hd__clkbuf_2)
                                                         net25 (net)
                      0.125505    0.000946    2.245991 ^ _02_/D_N (sky130_fd_sc_hd__nor4b_1)
     1    0.002194    0.145747    0.136950    2.382941 ^ _02_/Y (sky130_fd_sc_hd__nor4b_1)
                                                         net13 (net)
                      0.145747    0.000156    2.383097 ^ output13/A (sky130_fd_sc_hd__buf_2)
     1    0.034450    0.129050    0.162044    2.545141 ^ output13/X (sky130_fd_sc_hd__buf_2)
                                                         otrip_decoded[2] (net)
                      0.129080    0.001613    2.546754 ^ otrip_decoded[2] (out)
                                              2.546754   data arrival time

                      0.000000   10.000000   10.000000   clock __VIRTUAL_CLK__ (rise edge)
                                  0.000000   10.000000   clock network delay (ideal)
                                 -0.250000    9.750000   clock uncertainty
                                  0.000000    9.750000   clock reconvergence pessimism
                                 -2.000000    7.750000   output external delay
                                              7.750000   data required time
---------------------------------------------------------------------------------------------
                                              7.750000   data required time
                                             -2.546754   data arrival time
---------------------------------------------------------------------------------------------
                                              5.203246   slack (MET)




===========================================================================
report_checks --slack_max -0.01
============================================================================
======================= max_ff_n40C_1v95 Corner ===================================

No paths found.


===========================================================================
 report_check_types -max_slew -max_cap -max_fanout -violators
============================================================================
======================= max_ff_n40C_1v95 Corner ===================================



===========================================================================
report_parasitic_annotation -report_unannotated
============================================================================
Found 0 unannotated drivers.
Found 0 partially unannotated drivers.

===========================================================================
max slew violation count 0
max fanout violation count 0
max cap violation count 0
============================================================================

===========================================================================
check_setup -verbose -unconstrained_endpoints -multiple_clock -no_clock -no_input_delay -loops -generated_clocks
===========================================================================
