
===========================================================================
report_checks -path_delay min (Hold)
============================================================================
======================= nom_tt_025C_1v80 Corner ===================================

Startpoint: otrip[2] (input port clocked by __VIRTUAL_CLK__)
Endpoint: otrip_decoded[0] (output port clocked by __VIRTUAL_CLK__)
Path Group: __VIRTUAL_CLK__
Path Type: min

Fanout         Cap        Slew       Delay        Time   Description
---------------------------------------------------------------------------------------------
                      0.000000    0.000000    0.000000   clock __VIRTUAL_CLK__ (rise edge)
                                  0.000000    0.000000   clock network delay (ideal)
                                  2.000000    2.000000 ^ input external delay
     1    0.002186    0.017679    0.008142    2.008142 ^ otrip[2] (in)
                                                         otrip[2] (net)
                      0.017679    0.000000    2.008142 ^ input3/A (sky130_fd_sc_hd__clkbuf_1)
     2    0.004486    0.064804    0.084641    2.092783 ^ input3/X (sky130_fd_sc_hd__clkbuf_1)
                                                         net3 (net)
                      0.064804    0.000000    2.092783 ^ fanout23/A (sky130_fd_sc_hd__clkbuf_2)
    10    0.018373    0.108991    0.156658    2.249440 ^ fanout23/X (sky130_fd_sc_hd__clkbuf_2)
                                                         net23 (net)
                      0.108991    0.000000    2.249440 ^ _00_/D (sky130_fd_sc_hd__nor4_1)
     1    0.001647    0.033475    0.049821    2.299261 v _00_/Y (sky130_fd_sc_hd__nor4_1)
                                                         net5 (net)
                      0.033475    0.000000    2.299261 v output5/A (sky130_fd_sc_hd__buf_2)
     1    0.033442    0.087291    0.174119    2.473380 v output5/X (sky130_fd_sc_hd__buf_2)
                                                         otrip_decoded[0] (net)
                      0.087291    0.000000    2.473380 v otrip_decoded[0] (out)
                                              2.473380   data arrival time

                      0.000000    0.000000    0.000000   clock __VIRTUAL_CLK__ (rise edge)
                                  0.000000    0.000000   clock network delay (ideal)
                                  0.250000    0.250000   clock uncertainty
                                  0.000000    0.250000   clock reconvergence pessimism
                                 -2.000000   -1.750000   output external delay
                                             -1.750000   data required time
---------------------------------------------------------------------------------------------
                                             -1.750000   data required time
                                             -2.473380   data arrival time
---------------------------------------------------------------------------------------------
                                              4.223380   slack (MET)


Startpoint: otrip[2] (input port clocked by __VIRTUAL_CLK__)
Endpoint: otrip_decoded[8] (output port clocked by __VIRTUAL_CLK__)
Path Group: __VIRTUAL_CLK__
Path Type: min

Fanout         Cap        Slew       Delay        Time   Description
---------------------------------------------------------------------------------------------
                      0.000000    0.000000    0.000000   clock __VIRTUAL_CLK__ (rise edge)
                                  0.000000    0.000000   clock network delay (ideal)
                                  2.000000    2.000000 ^ input external delay
     1    0.002186    0.017679    0.008142    2.008142 ^ otrip[2] (in)
                                                         otrip[2] (net)
                      0.017679    0.000000    2.008142 ^ input3/A (sky130_fd_sc_hd__clkbuf_1)
     2    0.004486    0.064804    0.084641    2.092783 ^ input3/X (sky130_fd_sc_hd__clkbuf_1)
                                                         net3 (net)
                      0.064804    0.000000    2.092783 ^ fanout24/A (sky130_fd_sc_hd__buf_1)
     6    0.010615    0.134767    0.148960    2.241742 ^ fanout24/X (sky130_fd_sc_hd__buf_1)
                                                         net24 (net)
                      0.134767    0.000000    2.241742 ^ _08_/C (sky130_fd_sc_hd__nor4b_1)
     1    0.001647    0.034026    0.061674    2.303416 v _08_/Y (sky130_fd_sc_hd__nor4b_1)
                                                         net19 (net)
                      0.034026    0.000000    2.303416 v output19/A (sky130_fd_sc_hd__buf_2)
     1    0.033442    0.087288    0.174357    2.477773 v output19/X (sky130_fd_sc_hd__buf_2)
                                                         otrip_decoded[8] (net)
                      0.087288    0.000000    2.477773 v otrip_decoded[8] (out)
                                              2.477773   data arrival time

                      0.000000    0.000000    0.000000   clock __VIRTUAL_CLK__ (rise edge)
                                  0.000000    0.000000   clock network delay (ideal)
                                  0.250000    0.250000   clock uncertainty
                                  0.000000    0.250000   clock reconvergence pessimism
                                 -2.000000   -1.750000   output external delay
                                             -1.750000   data required time
---------------------------------------------------------------------------------------------
                                             -1.750000   data required time
                                             -2.477773   data arrival time
---------------------------------------------------------------------------------------------
                                              4.227773   slack (MET)


Startpoint: otrip[2] (input port clocked by __VIRTUAL_CLK__)
Endpoint: otrip_decoded[1] (output port clocked by __VIRTUAL_CLK__)
Path Group: __VIRTUAL_CLK__
Path Type: min

Fanout         Cap        Slew       Delay        Time   Description
---------------------------------------------------------------------------------------------
                      0.000000    0.000000    0.000000   clock __VIRTUAL_CLK__ (rise edge)
                                  0.000000    0.000000   clock network delay (ideal)
                                  2.000000    2.000000 ^ input external delay
     1    0.002186    0.017679    0.008142    2.008142 ^ otrip[2] (in)
                                                         otrip[2] (net)
                      0.017679    0.000000    2.008142 ^ input3/A (sky130_fd_sc_hd__clkbuf_1)
     2    0.004486    0.064804    0.084641    2.092783 ^ input3/X (sky130_fd_sc_hd__clkbuf_1)
                                                         net3 (net)
                      0.064804    0.000000    2.092783 ^ fanout23/A (sky130_fd_sc_hd__clkbuf_2)
    10    0.018373    0.108991    0.156658    2.249440 ^ fanout23/X (sky130_fd_sc_hd__clkbuf_2)
                                                         net23 (net)
                      0.108991    0.000000    2.249440 ^ _01_/C (sky130_fd_sc_hd__nor4b_1)
     1    0.001647    0.034020    0.056687    2.306128 v _01_/Y (sky130_fd_sc_hd__nor4b_1)
                                                         net12 (net)
                      0.034020    0.000000    2.306128 v output12/A (sky130_fd_sc_hd__buf_2)
     1    0.033442    0.087288    0.174354    2.480482 v output12/X (sky130_fd_sc_hd__buf_2)
                                                         otrip_decoded[1] (net)
                      0.087288    0.000000    2.480482 v otrip_decoded[1] (out)
                                              2.480482   data arrival time

                      0.000000    0.000000    0.000000   clock __VIRTUAL_CLK__ (rise edge)
                                  0.000000    0.000000   clock network delay (ideal)
                                  0.250000    0.250000   clock uncertainty
                                  0.000000    0.250000   clock reconvergence pessimism
                                 -2.000000   -1.750000   output external delay
                                             -1.750000   data required time
---------------------------------------------------------------------------------------------
                                             -1.750000   data required time
                                             -2.480482   data arrival time
---------------------------------------------------------------------------------------------
                                              4.230482   slack (MET)


Startpoint: otrip[2] (input port clocked by __VIRTUAL_CLK__)
Endpoint: otrip_decoded[2] (output port clocked by __VIRTUAL_CLK__)
Path Group: __VIRTUAL_CLK__
Path Type: min

Fanout         Cap        Slew       Delay        Time   Description
---------------------------------------------------------------------------------------------
                      0.000000    0.000000    0.000000   clock __VIRTUAL_CLK__ (rise edge)
                                  0.000000    0.000000   clock network delay (ideal)
                                  2.000000    2.000000 ^ input external delay
     1    0.002186    0.017679    0.008142    2.008142 ^ otrip[2] (in)
                                                         otrip[2] (net)
                      0.017679    0.000000    2.008142 ^ input3/A (sky130_fd_sc_hd__clkbuf_1)
     2    0.004486    0.064804    0.084641    2.092783 ^ input3/X (sky130_fd_sc_hd__clkbuf_1)
                                                         net3 (net)
                      0.064804    0.000000    2.092783 ^ fanout23/A (sky130_fd_sc_hd__clkbuf_2)
    10    0.018373    0.108991    0.156658    2.249440 ^ fanout23/X (sky130_fd_sc_hd__clkbuf_2)
                                                         net23 (net)
                      0.108991    0.000000    2.249440 ^ _02_/C (sky130_fd_sc_hd__nor4b_1)
     1    0.001647    0.034020    0.056687    2.306128 v _02_/Y (sky130_fd_sc_hd__nor4b_1)
                                                         net13 (net)
                      0.034020    0.000000    2.306128 v output13/A (sky130_fd_sc_hd__buf_2)
     1    0.033442    0.087288    0.174354    2.480482 v output13/X (sky130_fd_sc_hd__buf_2)
                                                         otrip_decoded[2] (net)
                      0.087288    0.000000    2.480482 v otrip_decoded[2] (out)
                                              2.480482   data arrival time

                      0.000000    0.000000    0.000000   clock __VIRTUAL_CLK__ (rise edge)
                                  0.000000    0.000000   clock network delay (ideal)
                                  0.250000    0.250000   clock uncertainty
                                  0.000000    0.250000   clock reconvergence pessimism
                                 -2.000000   -1.750000   output external delay
                                             -1.750000   data required time
---------------------------------------------------------------------------------------------
                                             -1.750000   data required time
                                             -2.480482   data arrival time
---------------------------------------------------------------------------------------------
                                              4.230482   slack (MET)


Startpoint: otrip[1] (input port clocked by __VIRTUAL_CLK__)
Endpoint: otrip_decoded[4] (output port clocked by __VIRTUAL_CLK__)
Path Group: __VIRTUAL_CLK__
Path Type: min

Fanout         Cap        Slew       Delay        Time   Description
---------------------------------------------------------------------------------------------
                      0.000000    0.000000    0.000000   clock __VIRTUAL_CLK__ (rise edge)
                                  0.000000    0.000000   clock network delay (ideal)
                                  2.000000    2.000000 ^ input external delay
     1    0.002186    0.017679    0.008142    2.008142 ^ otrip[1] (in)
                                                         otrip[1] (net)
                      0.017679    0.000000    2.008142 ^ input2/A (sky130_fd_sc_hd__clkbuf_1)
     2    0.004486    0.064804    0.084641    2.092783 ^ input2/X (sky130_fd_sc_hd__clkbuf_1)
                                                         net2 (net)
                      0.064804    0.000000    2.092783 ^ fanout25/A (sky130_fd_sc_hd__clkbuf_2)
    10    0.018374    0.108996    0.156661    2.249444 ^ fanout25/X (sky130_fd_sc_hd__clkbuf_2)
                                                         net25 (net)
                      0.108996    0.000000    2.249444 ^ _04_/C (sky130_fd_sc_hd__nor4b_1)
     1    0.001647    0.034021    0.056689    2.306133 v _04_/Y (sky130_fd_sc_hd__nor4b_1)
                                                         net15 (net)
                      0.034021    0.000000    2.306133 v output15/A (sky130_fd_sc_hd__buf_2)
     1    0.033442    0.087288    0.174354    2.480487 v output15/X (sky130_fd_sc_hd__buf_2)
                                                         otrip_decoded[4] (net)
                      0.087288    0.000000    2.480487 v otrip_decoded[4] (out)
                                              2.480487   data arrival time

                      0.000000    0.000000    0.000000   clock __VIRTUAL_CLK__ (rise edge)
                                  0.000000    0.000000   clock network delay (ideal)
                                  0.250000    0.250000   clock uncertainty
                                  0.000000    0.250000   clock reconvergence pessimism
                                 -2.000000   -1.750000   output external delay
                                             -1.750000   data required time
---------------------------------------------------------------------------------------------
                                             -1.750000   data required time
                                             -2.480487   data arrival time
---------------------------------------------------------------------------------------------
                                              4.230487   slack (MET)


Startpoint: otrip[3] (input port clocked by __VIRTUAL_CLK__)
Endpoint: otrip_decoded[15] (output port clocked by __VIRTUAL_CLK__)
Path Group: __VIRTUAL_CLK__
Path Type: min

Fanout         Cap        Slew       Delay        Time   Description
---------------------------------------------------------------------------------------------
                      0.000000    0.000000    0.000000   clock __VIRTUAL_CLK__ (rise edge)
                                  0.000000    0.000000   clock network delay (ideal)
                                  2.000000    2.000000 v input external delay
     1    0.002010    0.007066    0.003080    2.003080 v otrip[3] (in)
                                                         otrip[3] (net)
                      0.007066    0.000000    2.003080 v input4/A (sky130_fd_sc_hd__clkbuf_1)
     2    0.004080    0.034175    0.077863    2.080943 v input4/X (sky130_fd_sc_hd__clkbuf_1)
                                                         net4 (net)
                      0.034175    0.000000    2.080943 v fanout22/A (sky130_fd_sc_hd__buf_1)
     6    0.008947    0.059868    0.111118    2.192061 v fanout22/X (sky130_fd_sc_hd__buf_1)
                                                         net22 (net)
                      0.059868    0.000000    2.192061 v _15_/A (sky130_fd_sc_hd__and4_1)
     1    0.001647    0.028808    0.141913    2.333974 v _15_/X (sky130_fd_sc_hd__and4_1)
                                                         net11 (net)
                      0.028808    0.000000    2.333974 v output11/A (sky130_fd_sc_hd__buf_2)
     1    0.033442    0.087323    0.172108    2.506082 v output11/X (sky130_fd_sc_hd__buf_2)
                                                         otrip_decoded[15] (net)
                      0.087323    0.000000    2.506082 v otrip_decoded[15] (out)
                                              2.506082   data arrival time

                      0.000000    0.000000    0.000000   clock __VIRTUAL_CLK__ (rise edge)
                                  0.000000    0.000000   clock network delay (ideal)
                                  0.250000    0.250000   clock uncertainty
                                  0.000000    0.250000   clock reconvergence pessimism
                                 -2.000000   -1.750000   output external delay
                                             -1.750000   data required time
---------------------------------------------------------------------------------------------
                                             -1.750000   data required time
                                             -2.506082   data arrival time
---------------------------------------------------------------------------------------------
                                              4.256082   slack (MET)


Startpoint: otrip[2] (input port clocked by __VIRTUAL_CLK__)
Endpoint: otrip_decoded[13] (output port clocked by __VIRTUAL_CLK__)
Path Group: __VIRTUAL_CLK__
Path Type: min

Fanout         Cap        Slew       Delay        Time   Description
---------------------------------------------------------------------------------------------
                      0.000000    0.000000    0.000000   clock __VIRTUAL_CLK__ (rise edge)
                                  0.000000    0.000000   clock network delay (ideal)
                                  2.000000    2.000000 v input external delay
     1    0.002010    0.007066    0.003080    2.003080 v otrip[2] (in)
                                                         otrip[2] (net)
                      0.007066    0.000000    2.003080 v input3/A (sky130_fd_sc_hd__clkbuf_1)
     2    0.004080    0.034175    0.077863    2.080943 v input3/X (sky130_fd_sc_hd__clkbuf_1)
                                                         net3 (net)
                      0.034175    0.000000    2.080943 v fanout24/A (sky130_fd_sc_hd__buf_1)
     6    0.009807    0.064516    0.114751    2.195694 v fanout24/X (sky130_fd_sc_hd__buf_1)
                                                         net24 (net)
                      0.064516    0.000000    2.195694 v _13_/B (sky130_fd_sc_hd__and4b_1)
     1    0.001647    0.031032    0.167842    2.363535 v _13_/X (sky130_fd_sc_hd__and4b_1)
                                                         net9 (net)
                      0.031032    0.000000    2.363535 v output9/A (sky130_fd_sc_hd__buf_2)
     1    0.033442    0.087308    0.173066    2.536602 v output9/X (sky130_fd_sc_hd__buf_2)
                                                         otrip_decoded[13] (net)
                      0.087308    0.000000    2.536602 v otrip_decoded[13] (out)
                                              2.536602   data arrival time

                      0.000000    0.000000    0.000000   clock __VIRTUAL_CLK__ (rise edge)
                                  0.000000    0.000000   clock network delay (ideal)
                                  0.250000    0.250000   clock uncertainty
                                  0.000000    0.250000   clock reconvergence pessimism
                                 -2.000000   -1.750000   output external delay
                                             -1.750000   data required time
---------------------------------------------------------------------------------------------
                                             -1.750000   data required time
                                             -2.536602   data arrival time
---------------------------------------------------------------------------------------------
                                              4.286602   slack (MET)


Startpoint: otrip[1] (input port clocked by __VIRTUAL_CLK__)
Endpoint: otrip_decoded[11] (output port clocked by __VIRTUAL_CLK__)
Path Group: __VIRTUAL_CLK__
Path Type: min

Fanout         Cap        Slew       Delay        Time   Description
---------------------------------------------------------------------------------------------
                      0.000000    0.000000    0.000000   clock __VIRTUAL_CLK__ (rise edge)
                                  0.000000    0.000000   clock network delay (ideal)
                                  2.000000    2.000000 v input external delay
     1    0.002010    0.007066    0.003080    2.003080 v otrip[1] (in)
                                                         otrip[1] (net)
                      0.007066    0.000000    2.003080 v input2/A (sky130_fd_sc_hd__clkbuf_1)
     2    0.004080    0.034175    0.077863    2.080943 v input2/X (sky130_fd_sc_hd__clkbuf_1)
                                                         net2 (net)
                      0.034175    0.000000    2.080943 v fanout26/A (sky130_fd_sc_hd__buf_1)
     6    0.009868    0.064845    0.115008    2.195951 v fanout26/X (sky130_fd_sc_hd__buf_1)
                                                         net26 (net)
                      0.064845    0.000000    2.195951 v _11_/B (sky130_fd_sc_hd__and4b_1)
     1    0.001647    0.031033    0.167992    2.363943 v _11_/X (sky130_fd_sc_hd__and4b_1)
                                                         net7 (net)
                      0.031033    0.000000    2.363943 v output7/A (sky130_fd_sc_hd__buf_2)
     1    0.033442    0.087308    0.173067    2.537010 v output7/X (sky130_fd_sc_hd__buf_2)
                                                         otrip_decoded[11] (net)
                      0.087308    0.000000    2.537010 v otrip_decoded[11] (out)
                                              2.537010   data arrival time

                      0.000000    0.000000    0.000000   clock __VIRTUAL_CLK__ (rise edge)
                                  0.000000    0.000000   clock network delay (ideal)
                                  0.250000    0.250000   clock uncertainty
                                  0.000000    0.250000   clock reconvergence pessimism
                                 -2.000000   -1.750000   output external delay
                                             -1.750000   data required time
---------------------------------------------------------------------------------------------
                                             -1.750000   data required time
                                             -2.537010   data arrival time
---------------------------------------------------------------------------------------------
                                              4.287010   slack (MET)


Startpoint: otrip[1] (input port clocked by __VIRTUAL_CLK__)
Endpoint: otrip_decoded[14] (output port clocked by __VIRTUAL_CLK__)
Path Group: __VIRTUAL_CLK__
Path Type: min

Fanout         Cap        Slew       Delay        Time   Description
---------------------------------------------------------------------------------------------
                      0.000000    0.000000    0.000000   clock __VIRTUAL_CLK__ (rise edge)
                                  0.000000    0.000000   clock network delay (ideal)
                                  2.000000    2.000000 v input external delay
     1    0.002010    0.007066    0.003080    2.003080 v otrip[1] (in)
                                                         otrip[1] (net)
                      0.007066    0.000000    2.003080 v input2/A (sky130_fd_sc_hd__clkbuf_1)
     2    0.004080    0.034175    0.077863    2.080943 v input2/X (sky130_fd_sc_hd__clkbuf_1)
                                                         net2 (net)
                      0.034175    0.000000    2.080943 v fanout26/A (sky130_fd_sc_hd__buf_1)
     6    0.009868    0.064845    0.115008    2.195951 v fanout26/X (sky130_fd_sc_hd__buf_1)
                                                         net26 (net)
                      0.064845    0.000000    2.195951 v _14_/B (sky130_fd_sc_hd__and4b_1)
     1    0.001647    0.031032    0.167992    2.363943 v _14_/X (sky130_fd_sc_hd__and4b_1)
                                                         net10 (net)
                      0.031032    0.000000    2.363943 v output10/A (sky130_fd_sc_hd__buf_2)
     1    0.033442    0.087308    0.173066    2.537009 v output10/X (sky130_fd_sc_hd__buf_2)
                                                         otrip_decoded[14] (net)
                      0.087308    0.000000    2.537009 v otrip_decoded[14] (out)
                                              2.537009   data arrival time

                      0.000000    0.000000    0.000000   clock __VIRTUAL_CLK__ (rise edge)
                                  0.000000    0.000000   clock network delay (ideal)
                                  0.250000    0.250000   clock uncertainty
                                  0.000000    0.250000   clock reconvergence pessimism
                                 -2.000000   -1.750000   output external delay
                                             -1.750000   data required time
---------------------------------------------------------------------------------------------
                                             -1.750000   data required time
                                             -2.537009   data arrival time
---------------------------------------------------------------------------------------------
                                              4.287010   slack (MET)


Startpoint: otrip[3] (input port clocked by __VIRTUAL_CLK__)
Endpoint: otrip_decoded[9] (output port clocked by __VIRTUAL_CLK__)
Path Group: __VIRTUAL_CLK__
Path Type: min

Fanout         Cap        Slew       Delay        Time   Description
---------------------------------------------------------------------------------------------
                      0.000000    0.000000    0.000000   clock __VIRTUAL_CLK__ (rise edge)
                                  0.000000    0.000000   clock network delay (ideal)
                                  2.000000    2.000000 v input external delay
     1    0.002010    0.007066    0.003080    2.003080 v otrip[3] (in)
                                                         otrip[3] (net)
                      0.007066    0.000000    2.003080 v input4/A (sky130_fd_sc_hd__clkbuf_1)
     2    0.004080    0.034175    0.077863    2.080943 v input4/X (sky130_fd_sc_hd__clkbuf_1)
                                                         net4 (net)
                      0.034175    0.000000    2.080943 v fanout22/A (sky130_fd_sc_hd__buf_1)
     6    0.008947    0.059868    0.111118    2.192061 v fanout22/X (sky130_fd_sc_hd__buf_1)
                                                         net22 (net)
                      0.059868    0.000000    2.192061 v _09_/C (sky130_fd_sc_hd__and4bb_1)
     1    0.001647    0.030162    0.180457    2.372518 v _09_/X (sky130_fd_sc_hd__and4bb_1)
                                                         net20 (net)
                      0.030162    0.000000    2.372518 v output20/A (sky130_fd_sc_hd__buf_2)
     1    0.033442    0.087314    0.172691    2.545209 v output20/X (sky130_fd_sc_hd__buf_2)
                                                         otrip_decoded[9] (net)
                      0.087314    0.000000    2.545209 v otrip_decoded[9] (out)
                                              2.545209   data arrival time

                      0.000000    0.000000    0.000000   clock __VIRTUAL_CLK__ (rise edge)
                                  0.000000    0.000000   clock network delay (ideal)
                                  0.250000    0.250000   clock uncertainty
                                  0.000000    0.250000   clock reconvergence pessimism
                                 -2.000000   -1.750000   output external delay
                                             -1.750000   data required time
---------------------------------------------------------------------------------------------
                                             -1.750000   data required time
                                             -2.545209   data arrival time
---------------------------------------------------------------------------------------------
                                              4.295209   slack (MET)


Startpoint: otrip[1] (input port clocked by __VIRTUAL_CLK__)
Endpoint: otrip_decoded[7] (output port clocked by __VIRTUAL_CLK__)
Path Group: __VIRTUAL_CLK__
Path Type: min

Fanout         Cap        Slew       Delay        Time   Description
---------------------------------------------------------------------------------------------
                      0.000000    0.000000    0.000000   clock __VIRTUAL_CLK__ (rise edge)
                                  0.000000    0.000000   clock network delay (ideal)
                                  2.000000    2.000000 v input external delay
     1    0.002010    0.007066    0.003080    2.003080 v otrip[1] (in)
                                                         otrip[1] (net)
                      0.007066    0.000000    2.003080 v input2/A (sky130_fd_sc_hd__clkbuf_1)
     2    0.004080    0.034175    0.077863    2.080943 v input2/X (sky130_fd_sc_hd__clkbuf_1)
                                                         net2 (net)
                      0.034175    0.000000    2.080943 v fanout26/A (sky130_fd_sc_hd__buf_1)
     6    0.009868    0.064845    0.115008    2.195951 v fanout26/X (sky130_fd_sc_hd__buf_1)
                                                         net26 (net)
                      0.064845    0.000000    2.195951 v _07_/C (sky130_fd_sc_hd__and4b_1)
     1    0.001647    0.031026    0.180546    2.376497 v _07_/X (sky130_fd_sc_hd__and4b_1)
                                                         net18 (net)
                      0.031026    0.000000    2.376497 v output18/A (sky130_fd_sc_hd__buf_2)
     1    0.033442    0.087308    0.173064    2.549561 v output18/X (sky130_fd_sc_hd__buf_2)
                                                         otrip_decoded[7] (net)
                      0.087308    0.000000    2.549561 v otrip_decoded[7] (out)
                                              2.549561   data arrival time

                      0.000000    0.000000    0.000000   clock __VIRTUAL_CLK__ (rise edge)
                                  0.000000    0.000000   clock network delay (ideal)
                                  0.250000    0.250000   clock uncertainty
                                  0.000000    0.250000   clock reconvergence pessimism
                                 -2.000000   -1.750000   output external delay
                                             -1.750000   data required time
---------------------------------------------------------------------------------------------
                                             -1.750000   data required time
                                             -2.549561   data arrival time
---------------------------------------------------------------------------------------------
                                              4.299561   slack (MET)


Startpoint: otrip[2] (input port clocked by __VIRTUAL_CLK__)
Endpoint: otrip_decoded[12] (output port clocked by __VIRTUAL_CLK__)
Path Group: __VIRTUAL_CLK__
Path Type: min

Fanout         Cap        Slew       Delay        Time   Description
---------------------------------------------------------------------------------------------
                      0.000000    0.000000    0.000000   clock __VIRTUAL_CLK__ (rise edge)
                                  0.000000    0.000000   clock network delay (ideal)
                                  2.000000    2.000000 v input external delay
     1    0.002010    0.007066    0.003080    2.003080 v otrip[2] (in)
                                                         otrip[2] (net)
                      0.007066    0.000000    2.003080 v input3/A (sky130_fd_sc_hd__clkbuf_1)
     2    0.004080    0.034175    0.077863    2.080943 v input3/X (sky130_fd_sc_hd__clkbuf_1)
                                                         net3 (net)
                      0.034175    0.000000    2.080943 v fanout23/A (sky130_fd_sc_hd__clkbuf_2)
    10    0.016701    0.071439    0.135708    2.216651 v fanout23/X (sky130_fd_sc_hd__clkbuf_2)
                                                         net23 (net)
                      0.071439    0.000000    2.216651 v _12_/C (sky130_fd_sc_hd__and4bb_1)
     1    0.001647    0.030163    0.185766    2.402417 v _12_/X (sky130_fd_sc_hd__and4bb_1)
                                                         net8 (net)
                      0.030163    0.000000    2.402417 v output8/A (sky130_fd_sc_hd__buf_2)
     1    0.033442    0.087314    0.172692    2.575109 v output8/X (sky130_fd_sc_hd__buf_2)
                                                         otrip_decoded[12] (net)
                      0.087314    0.000000    2.575109 v otrip_decoded[12] (out)
                                              2.575109   data arrival time

                      0.000000    0.000000    0.000000   clock __VIRTUAL_CLK__ (rise edge)
                                  0.000000    0.000000   clock network delay (ideal)
                                  0.250000    0.250000   clock uncertainty
                                  0.000000    0.250000   clock reconvergence pessimism
                                 -2.000000   -1.750000   output external delay
                                             -1.750000   data required time
---------------------------------------------------------------------------------------------
                                             -1.750000   data required time
                                             -2.575109   data arrival time
---------------------------------------------------------------------------------------------
                                              4.325109   slack (MET)


Startpoint: otrip[2] (input port clocked by __VIRTUAL_CLK__)
Endpoint: otrip_decoded[5] (output port clocked by __VIRTUAL_CLK__)
Path Group: __VIRTUAL_CLK__
Path Type: min

Fanout         Cap        Slew       Delay        Time   Description
---------------------------------------------------------------------------------------------
                      0.000000    0.000000    0.000000   clock __VIRTUAL_CLK__ (rise edge)
                                  0.000000    0.000000   clock network delay (ideal)
                                  2.000000    2.000000 v input external delay
     1    0.002010    0.007066    0.003080    2.003080 v otrip[2] (in)
                                                         otrip[2] (net)
                      0.007066    0.000000    2.003080 v input3/A (sky130_fd_sc_hd__clkbuf_1)
     2    0.004080    0.034175    0.077863    2.080943 v input3/X (sky130_fd_sc_hd__clkbuf_1)
                                                         net3 (net)
                      0.034175    0.000000    2.080943 v fanout23/A (sky130_fd_sc_hd__clkbuf_2)
    10    0.016701    0.071439    0.135708    2.216651 v fanout23/X (sky130_fd_sc_hd__clkbuf_2)
                                                         net23 (net)
                      0.071439    0.000000    2.216651 v _05_/C (sky130_fd_sc_hd__and4bb_1)
     1    0.001647    0.030176    0.185766    2.402417 v _05_/X (sky130_fd_sc_hd__and4bb_1)
                                                         net16 (net)
                      0.030176    0.000000    2.402417 v output16/A (sky130_fd_sc_hd__buf_2)
     1    0.033442    0.087314    0.172697    2.575114 v output16/X (sky130_fd_sc_hd__buf_2)
                                                         otrip_decoded[5] (net)
                      0.087314    0.000000    2.575114 v otrip_decoded[5] (out)
                                              2.575114   data arrival time

                      0.000000    0.000000    0.000000   clock __VIRTUAL_CLK__ (rise edge)
                                  0.000000    0.000000   clock network delay (ideal)
                                  0.250000    0.250000   clock uncertainty
                                  0.000000    0.250000   clock reconvergence pessimism
                                 -2.000000   -1.750000   output external delay
                                             -1.750000   data required time
---------------------------------------------------------------------------------------------
                                             -1.750000   data required time
                                             -2.575114   data arrival time
---------------------------------------------------------------------------------------------
                                              4.325115   slack (MET)


Startpoint: otrip[1] (input port clocked by __VIRTUAL_CLK__)
Endpoint: otrip_decoded[10] (output port clocked by __VIRTUAL_CLK__)
Path Group: __VIRTUAL_CLK__
Path Type: min

Fanout         Cap        Slew       Delay        Time   Description
---------------------------------------------------------------------------------------------
                      0.000000    0.000000    0.000000   clock __VIRTUAL_CLK__ (rise edge)
                                  0.000000    0.000000   clock network delay (ideal)
                                  2.000000    2.000000 v input external delay
     1    0.002010    0.007066    0.003080    2.003080 v otrip[1] (in)
                                                         otrip[1] (net)
                      0.007066    0.000000    2.003080 v input2/A (sky130_fd_sc_hd__clkbuf_1)
     2    0.004080    0.034175    0.077863    2.080943 v input2/X (sky130_fd_sc_hd__clkbuf_1)
                                                         net2 (net)
                      0.034175    0.000000    2.080943 v fanout25/A (sky130_fd_sc_hd__clkbuf_2)
    10    0.016807    0.071805    0.136000    2.216943 v fanout25/X (sky130_fd_sc_hd__clkbuf_2)
                                                         net25 (net)
                      0.071805    0.000000    2.216943 v _10_/C (sky130_fd_sc_hd__and4bb_1)
     1    0.001647    0.030163    0.185934    2.402877 v _10_/X (sky130_fd_sc_hd__and4bb_1)
                                                         net6 (net)
                      0.030163    0.000000    2.402877 v output6/A (sky130_fd_sc_hd__buf_2)
     1    0.033442    0.087314    0.172692    2.575569 v output6/X (sky130_fd_sc_hd__buf_2)
                                                         otrip_decoded[10] (net)
                      0.087314    0.000000    2.575569 v otrip_decoded[10] (out)
                                              2.575569   data arrival time

                      0.000000    0.000000    0.000000   clock __VIRTUAL_CLK__ (rise edge)
                                  0.000000    0.000000   clock network delay (ideal)
                                  0.250000    0.250000   clock uncertainty
                                  0.000000    0.250000   clock reconvergence pessimism
                                 -2.000000   -1.750000   output external delay
                                             -1.750000   data required time
---------------------------------------------------------------------------------------------
                                             -1.750000   data required time
                                             -2.575569   data arrival time
---------------------------------------------------------------------------------------------
                                              4.325569   slack (MET)


Startpoint: otrip[1] (input port clocked by __VIRTUAL_CLK__)
Endpoint: otrip_decoded[3] (output port clocked by __VIRTUAL_CLK__)
Path Group: __VIRTUAL_CLK__
Path Type: min

Fanout         Cap        Slew       Delay        Time   Description
---------------------------------------------------------------------------------------------
                      0.000000    0.000000    0.000000   clock __VIRTUAL_CLK__ (rise edge)
                                  0.000000    0.000000   clock network delay (ideal)
                                  2.000000    2.000000 v input external delay
     1    0.002010    0.007066    0.003080    2.003080 v otrip[1] (in)
                                                         otrip[1] (net)
                      0.007066    0.000000    2.003080 v input2/A (sky130_fd_sc_hd__clkbuf_1)
     2    0.004080    0.034175    0.077863    2.080943 v input2/X (sky130_fd_sc_hd__clkbuf_1)
                                                         net2 (net)
                      0.034175    0.000000    2.080943 v fanout25/A (sky130_fd_sc_hd__clkbuf_2)
    10    0.016807    0.071805    0.136000    2.216943 v fanout25/X (sky130_fd_sc_hd__clkbuf_2)
                                                         net25 (net)
                      0.071805    0.000000    2.216943 v _03_/C (sky130_fd_sc_hd__and4bb_1)
     1    0.001647    0.030176    0.185934    2.402877 v _03_/X (sky130_fd_sc_hd__and4bb_1)
                                                         net14 (net)
                      0.030176    0.000000    2.402877 v output14/A (sky130_fd_sc_hd__buf_2)
     1    0.033442    0.087314    0.172697    2.575574 v output14/X (sky130_fd_sc_hd__buf_2)
                                                         otrip_decoded[3] (net)
                      0.087314    0.000000    2.575574 v otrip_decoded[3] (out)
                                              2.575574   data arrival time

                      0.000000    0.000000    0.000000   clock __VIRTUAL_CLK__ (rise edge)
                                  0.000000    0.000000   clock network delay (ideal)
                                  0.250000    0.250000   clock uncertainty
                                  0.000000    0.250000   clock reconvergence pessimism
                                 -2.000000   -1.750000   output external delay
                                             -1.750000   data required time
---------------------------------------------------------------------------------------------
                                             -1.750000   data required time
                                             -2.575574   data arrival time
---------------------------------------------------------------------------------------------
                                              4.325575   slack (MET)


Startpoint: otrip[1] (input port clocked by __VIRTUAL_CLK__)
Endpoint: otrip_decoded[6] (output port clocked by __VIRTUAL_CLK__)
Path Group: __VIRTUAL_CLK__
Path Type: min

Fanout         Cap        Slew       Delay        Time   Description
---------------------------------------------------------------------------------------------
                      0.000000    0.000000    0.000000   clock __VIRTUAL_CLK__ (rise edge)
                                  0.000000    0.000000   clock network delay (ideal)
                                  2.000000    2.000000 v input external delay
     1    0.002010    0.007066    0.003080    2.003080 v otrip[1] (in)
                                                         otrip[1] (net)
                      0.007066    0.000000    2.003080 v input2/A (sky130_fd_sc_hd__clkbuf_1)
     2    0.004080    0.034175    0.077863    2.080943 v input2/X (sky130_fd_sc_hd__clkbuf_1)
                                                         net2 (net)
                      0.034175    0.000000    2.080943 v fanout25/A (sky130_fd_sc_hd__clkbuf_2)
    10    0.016807    0.071805    0.136000    2.216943 v fanout25/X (sky130_fd_sc_hd__clkbuf_2)
                                                         net25 (net)
                      0.071805    0.000000    2.216943 v _06_/C (sky130_fd_sc_hd__and4bb_1)
     1    0.001647    0.030176    0.185934    2.402877 v _06_/X (sky130_fd_sc_hd__and4bb_1)
                                                         net17 (net)
                      0.030176    0.000000    2.402877 v output17/A (sky130_fd_sc_hd__buf_2)
     1    0.033442    0.087314    0.172697    2.575574 v output17/X (sky130_fd_sc_hd__buf_2)
                                                         otrip_decoded[6] (net)
                      0.087314    0.000000    2.575574 v otrip_decoded[6] (out)
                                              2.575574   data arrival time

                      0.000000    0.000000    0.000000   clock __VIRTUAL_CLK__ (rise edge)
                                  0.000000    0.000000   clock network delay (ideal)
                                  0.250000    0.250000   clock uncertainty
                                  0.000000    0.250000   clock reconvergence pessimism
                                 -2.000000   -1.750000   output external delay
                                             -1.750000   data required time
---------------------------------------------------------------------------------------------
                                             -1.750000   data required time
                                             -2.575574   data arrival time
---------------------------------------------------------------------------------------------
                                              4.325575   slack (MET)



