
===========================================================================
report_checks -path_delay min (Hold)
============================================================================
======================= min_tt_025C_1v80 Corner ===================================

Startpoint: otrip[2] (input port clocked by __VIRTUAL_CLK__)
Endpoint: otrip_decoded[8] (output port clocked by __VIRTUAL_CLK__)
Path Group: __VIRTUAL_CLK__
Path Type: min

Fanout         Cap        Slew       Delay        Time   Description
---------------------------------------------------------------------------------------------
                      0.000000    0.000000    0.000000   clock __VIRTUAL_CLK__ (rise edge)
                                  0.000000    0.000000   clock network delay (ideal)
                                  2.000000    2.000000 ^ input external delay
     1    0.003175    0.021354    0.011619    2.011619 ^ otrip[2] (in)
                                                         otrip[2] (net)
                      0.021355    0.000000    2.011619 ^ input3/A (sky130_fd_sc_hd__clkbuf_1)
     2    0.007101    0.091982    0.106648    2.118267 ^ input3/X (sky130_fd_sc_hd__clkbuf_1)
                                                         net3 (net)
                      0.091982    0.000104    2.118371 ^ fanout24/A (sky130_fd_sc_hd__buf_1)
     6    0.013799    0.168315    0.181497    2.299868 ^ fanout24/X (sky130_fd_sc_hd__buf_1)
                                                         net24 (net)
                      0.168315    0.000180    2.300047 ^ _08_/C (sky130_fd_sc_hd__nor4b_1)
     1    0.001890    0.034650    0.067538    2.367585 v _08_/Y (sky130_fd_sc_hd__nor4b_1)
                                                         net19 (net)
                      0.034650    0.000016    2.367601 v output19/A (sky130_fd_sc_hd__buf_2)
     1    0.034576    0.090051    0.176592    2.544193 v output19/X (sky130_fd_sc_hd__buf_2)
                                                         otrip_decoded[8] (net)
                      0.090052    0.000191    2.544384 v otrip_decoded[8] (out)
                                              2.544384   data arrival time

                      0.000000    0.000000    0.000000   clock __VIRTUAL_CLK__ (rise edge)
                                  0.000000    0.000000   clock network delay (ideal)
                                  0.250000    0.250000   clock uncertainty
                                  0.000000    0.250000   clock reconvergence pessimism
                                 -2.000000   -1.750000   output external delay
                                             -1.750000   data required time
---------------------------------------------------------------------------------------------
                                             -1.750000   data required time
                                             -2.544384   data arrival time
---------------------------------------------------------------------------------------------
                                              4.294384   slack (MET)


Startpoint: otrip[2] (input port clocked by __VIRTUAL_CLK__)
Endpoint: otrip_decoded[0] (output port clocked by __VIRTUAL_CLK__)
Path Group: __VIRTUAL_CLK__
Path Type: min

Fanout         Cap        Slew       Delay        Time   Description
---------------------------------------------------------------------------------------------
                      0.000000    0.000000    0.000000   clock __VIRTUAL_CLK__ (rise edge)
                                  0.000000    0.000000   clock network delay (ideal)
                                  2.000000    2.000000 ^ input external delay
     1    0.003175    0.021354    0.011619    2.011619 ^ otrip[2] (in)
                                                         otrip[2] (net)
                      0.021355    0.000000    2.011619 ^ input3/A (sky130_fd_sc_hd__clkbuf_1)
     2    0.007101    0.091982    0.106648    2.118267 ^ input3/X (sky130_fd_sc_hd__clkbuf_1)
                                                         net3 (net)
                      0.091982    0.000095    2.118362 ^ fanout23/A (sky130_fd_sc_hd__clkbuf_2)
    10    0.029645    0.165020    0.207021    2.325383 ^ fanout23/X (sky130_fd_sc_hd__clkbuf_2)
                                                         net23 (net)
                      0.165020    0.000106    2.325489 ^ _00_/D (sky130_fd_sc_hd__nor4_1)
     1    0.001805    0.042929    0.058015    2.383504 v _00_/Y (sky130_fd_sc_hd__nor4_1)
                                                         net5 (net)
                      0.042929    0.000008    2.383512 v output5/A (sky130_fd_sc_hd__buf_2)
     1    0.034780    0.090430    0.180540    2.564052 v output5/X (sky130_fd_sc_hd__buf_2)
                                                         otrip_decoded[0] (net)
                      0.090430    0.000192    2.564244 v otrip_decoded[0] (out)
                                              2.564244   data arrival time

                      0.000000    0.000000    0.000000   clock __VIRTUAL_CLK__ (rise edge)
                                  0.000000    0.000000   clock network delay (ideal)
                                  0.250000    0.250000   clock uncertainty
                                  0.000000    0.250000   clock reconvergence pessimism
                                 -2.000000   -1.750000   output external delay
                                             -1.750000   data required time
---------------------------------------------------------------------------------------------
                                             -1.750000   data required time
                                             -2.564244   data arrival time
---------------------------------------------------------------------------------------------
                                              4.314244   slack (MET)


Startpoint: otrip[2] (input port clocked by __VIRTUAL_CLK__)
Endpoint: otrip_decoded[1] (output port clocked by __VIRTUAL_CLK__)
Path Group: __VIRTUAL_CLK__
Path Type: min

Fanout         Cap        Slew       Delay        Time   Description
---------------------------------------------------------------------------------------------
                      0.000000    0.000000    0.000000   clock __VIRTUAL_CLK__ (rise edge)
                                  0.000000    0.000000   clock network delay (ideal)
                                  2.000000    2.000000 ^ input external delay
     1    0.003175    0.021354    0.011619    2.011619 ^ otrip[2] (in)
                                                         otrip[2] (net)
                      0.021355    0.000000    2.011619 ^ input3/A (sky130_fd_sc_hd__clkbuf_1)
     2    0.007101    0.091982    0.106648    2.118267 ^ input3/X (sky130_fd_sc_hd__clkbuf_1)
                                                         net3 (net)
                      0.091982    0.000095    2.118362 ^ fanout23/A (sky130_fd_sc_hd__clkbuf_2)
    10    0.029645    0.165020    0.207021    2.325383 ^ fanout23/X (sky130_fd_sc_hd__clkbuf_2)
                                                         net23 (net)
                      0.165023    0.000594    2.325977 ^ _01_/C (sky130_fd_sc_hd__nor4b_1)
     1    0.001860    0.034501    0.066902    2.392879 v _01_/Y (sky130_fd_sc_hd__nor4b_1)
                                                         net12 (net)
                      0.034501    0.000016    2.392895 v output12/A (sky130_fd_sc_hd__buf_2)
     1    0.034319    0.089580    0.175914    2.568809 v output12/X (sky130_fd_sc_hd__buf_2)
                                                         otrip_decoded[1] (net)
                      0.089582    0.000357    2.569165 v otrip_decoded[1] (out)
                                              2.569165   data arrival time

                      0.000000    0.000000    0.000000   clock __VIRTUAL_CLK__ (rise edge)
                                  0.000000    0.000000   clock network delay (ideal)
                                  0.250000    0.250000   clock uncertainty
                                  0.000000    0.250000   clock reconvergence pessimism
                                 -2.000000   -1.750000   output external delay
                                             -1.750000   data required time
---------------------------------------------------------------------------------------------
                                             -1.750000   data required time
                                             -2.569165   data arrival time
---------------------------------------------------------------------------------------------
                                              4.319165   slack (MET)


Startpoint: otrip[2] (input port clocked by __VIRTUAL_CLK__)
Endpoint: otrip_decoded[2] (output port clocked by __VIRTUAL_CLK__)
Path Group: __VIRTUAL_CLK__
Path Type: min

Fanout         Cap        Slew       Delay        Time   Description
---------------------------------------------------------------------------------------------
                      0.000000    0.000000    0.000000   clock __VIRTUAL_CLK__ (rise edge)
                                  0.000000    0.000000   clock network delay (ideal)
                                  2.000000    2.000000 ^ input external delay
     1    0.003175    0.021354    0.011619    2.011619 ^ otrip[2] (in)
                                                         otrip[2] (net)
                      0.021355    0.000000    2.011619 ^ input3/A (sky130_fd_sc_hd__clkbuf_1)
     2    0.007101    0.091982    0.106648    2.118267 ^ input3/X (sky130_fd_sc_hd__clkbuf_1)
                                                         net3 (net)
                      0.091982    0.000095    2.118362 ^ fanout23/A (sky130_fd_sc_hd__clkbuf_2)
    10    0.029645    0.165020    0.207021    2.325383 ^ fanout23/X (sky130_fd_sc_hd__clkbuf_2)
                                                         net23 (net)
                      0.165025    0.000792    2.326175 ^ _02_/C (sky130_fd_sc_hd__nor4b_1)
     1    0.001900    0.034675    0.067168    2.393343 v _02_/Y (sky130_fd_sc_hd__nor4b_1)
                                                         net13 (net)
                      0.034675    0.000016    2.393359 v output13/A (sky130_fd_sc_hd__buf_2)
     1    0.034320    0.089581    0.175991    2.569350 v output13/X (sky130_fd_sc_hd__buf_2)
                                                         otrip_decoded[2] (net)
                      0.089583    0.000357    2.569707 v otrip_decoded[2] (out)
                                              2.569707   data arrival time

                      0.000000    0.000000    0.000000   clock __VIRTUAL_CLK__ (rise edge)
                                  0.000000    0.000000   clock network delay (ideal)
                                  0.250000    0.250000   clock uncertainty
                                  0.000000    0.250000   clock reconvergence pessimism
                                 -2.000000   -1.750000   output external delay
                                             -1.750000   data required time
---------------------------------------------------------------------------------------------
                                             -1.750000   data required time
                                             -2.569707   data arrival time
---------------------------------------------------------------------------------------------
                                              4.319707   slack (MET)


Startpoint: otrip[0] (input port clocked by __VIRTUAL_CLK__)
Endpoint: otrip_decoded[4] (output port clocked by __VIRTUAL_CLK__)
Path Group: __VIRTUAL_CLK__
Path Type: min

Fanout         Cap        Slew       Delay        Time   Description
---------------------------------------------------------------------------------------------
                      0.000000    0.000000    0.000000   clock __VIRTUAL_CLK__ (rise edge)
                                  0.000000    0.000000   clock network delay (ideal)
                                  2.000000    2.000000 ^ input external delay
     1    0.003185    0.021401    0.011654    2.011654 ^ otrip[0] (in)
                                                         otrip[0] (net)
                      0.021401    0.000000    2.011654 ^ input1/A (sky130_fd_sc_hd__clkbuf_1)
     2    0.006358    0.083627    0.100777    2.112431 ^ input1/X (sky130_fd_sc_hd__clkbuf_1)
                                                         net1 (net)
                      0.083627    0.000068    2.112499 ^ fanout27/A (sky130_fd_sc_hd__clkbuf_2)
    10    0.030982    0.171907    0.209043    2.321542 ^ fanout27/X (sky130_fd_sc_hd__clkbuf_2)
                                                         net27 (net)
                      0.171907    0.000166    2.321708 ^ _04_/B (sky130_fd_sc_hd__nor4b_1)
     1    0.001942    0.034832    0.073075    2.394783 v _04_/Y (sky130_fd_sc_hd__nor4b_1)
                                                         net15 (net)
                      0.034832    0.000017    2.394800 v output15/A (sky130_fd_sc_hd__buf_2)
     1    0.034320    0.089580    0.176059    2.570858 v output15/X (sky130_fd_sc_hd__buf_2)
                                                         otrip_decoded[4] (net)
                      0.089582    0.000357    2.571215 v otrip_decoded[4] (out)
                                              2.571215   data arrival time

                      0.000000    0.000000    0.000000   clock __VIRTUAL_CLK__ (rise edge)
                                  0.000000    0.000000   clock network delay (ideal)
                                  0.250000    0.250000   clock uncertainty
                                  0.000000    0.250000   clock reconvergence pessimism
                                 -2.000000   -1.750000   output external delay
                                             -1.750000   data required time
---------------------------------------------------------------------------------------------
                                             -1.750000   data required time
                                             -2.571215   data arrival time
---------------------------------------------------------------------------------------------
                                              4.321215   slack (MET)


Startpoint: otrip[3] (input port clocked by __VIRTUAL_CLK__)
Endpoint: otrip_decoded[15] (output port clocked by __VIRTUAL_CLK__)
Path Group: __VIRTUAL_CLK__
Path Type: min

Fanout         Cap        Slew       Delay        Time   Description
---------------------------------------------------------------------------------------------
                      0.000000    0.000000    0.000000   clock __VIRTUAL_CLK__ (rise edge)
                                  0.000000    0.000000   clock network delay (ideal)
                                  2.000000    2.000000 v input external delay
     1    0.002784    0.008598    0.004395    2.004395 v otrip[3] (in)
                                                         otrip[3] (net)
                      0.008598    0.000000    2.004395 v input4/A (sky130_fd_sc_hd__clkbuf_1)
     2    0.006496    0.045917    0.089513    2.093908 v input4/X (sky130_fd_sc_hd__clkbuf_1)
                                                         net4 (net)
                      0.045917    0.000044    2.093952 v fanout22/A (sky130_fd_sc_hd__buf_1)
     6    0.015175    0.092941    0.142356    2.236308 v fanout22/X (sky130_fd_sc_hd__buf_1)
                                                         net22 (net)
                      0.092942    0.000313    2.236621 v _15_/A (sky130_fd_sc_hd__and4_1)
     1    0.002171    0.030469    0.159974    2.396595 v _15_/X (sky130_fd_sc_hd__and4_1)
                                                         net11 (net)
                      0.030469    0.000021    2.396616 v output11/A (sky130_fd_sc_hd__buf_2)
     1    0.034744    0.090459    0.175077    2.571693 v output11/X (sky130_fd_sc_hd__buf_2)
                                                         otrip_decoded[15] (net)
                      0.090460    0.000227    2.571920 v otrip_decoded[15] (out)
                                              2.571920   data arrival time

                      0.000000    0.000000    0.000000   clock __VIRTUAL_CLK__ (rise edge)
                                  0.000000    0.000000   clock network delay (ideal)
                                  0.250000    0.250000   clock uncertainty
                                  0.000000    0.250000   clock reconvergence pessimism
                                 -2.000000   -1.750000   output external delay
                                             -1.750000   data required time
---------------------------------------------------------------------------------------------
                                             -1.750000   data required time
                                             -2.571920   data arrival time
---------------------------------------------------------------------------------------------
                                              4.321920   slack (MET)


Startpoint: otrip[2] (input port clocked by __VIRTUAL_CLK__)
Endpoint: otrip_decoded[13] (output port clocked by __VIRTUAL_CLK__)
Path Group: __VIRTUAL_CLK__
Path Type: min

Fanout         Cap        Slew       Delay        Time   Description
---------------------------------------------------------------------------------------------
                      0.000000    0.000000    0.000000   clock __VIRTUAL_CLK__ (rise edge)
                                  0.000000    0.000000   clock network delay (ideal)
                                  2.000000    2.000000 v input external delay
     1    0.002999    0.009096    0.004760    2.004760 v otrip[2] (in)
                                                         otrip[2] (net)
                      0.009096    0.000000    2.004760 v input3/A (sky130_fd_sc_hd__clkbuf_1)
     2    0.006695    0.047010    0.090588    2.095348 v input3/X (sky130_fd_sc_hd__clkbuf_1)
                                                         net3 (net)
                      0.047011    0.000097    2.095445 v fanout24/A (sky130_fd_sc_hd__buf_1)
     6    0.012991    0.080863    0.133753    2.229198 v fanout24/X (sky130_fd_sc_hd__buf_1)
                                                         net24 (net)
                      0.080863    0.000103    2.229301 v _13_/B (sky130_fd_sc_hd__and4b_1)
     1    0.002031    0.031978    0.177924    2.407225 v _13_/X (sky130_fd_sc_hd__and4b_1)
                                                         net9 (net)
                      0.031978    0.000018    2.407243 v output9/A (sky130_fd_sc_hd__buf_2)
     1    0.034635    0.090206    0.175537    2.582780 v output9/X (sky130_fd_sc_hd__buf_2)
                                                         otrip_decoded[13] (net)
                      0.090207    0.000209    2.582989 v otrip_decoded[13] (out)
                                              2.582989   data arrival time

                      0.000000    0.000000    0.000000   clock __VIRTUAL_CLK__ (rise edge)
                                  0.000000    0.000000   clock network delay (ideal)
                                  0.250000    0.250000   clock uncertainty
                                  0.000000    0.250000   clock reconvergence pessimism
                                 -2.000000   -1.750000   output external delay
                                             -1.750000   data required time
---------------------------------------------------------------------------------------------
                                             -1.750000   data required time
                                             -2.582989   data arrival time
---------------------------------------------------------------------------------------------
                                              4.332989   slack (MET)


Startpoint: otrip[1] (input port clocked by __VIRTUAL_CLK__)
Endpoint: otrip_decoded[11] (output port clocked by __VIRTUAL_CLK__)
Path Group: __VIRTUAL_CLK__
Path Type: min

Fanout         Cap        Slew       Delay        Time   Description
---------------------------------------------------------------------------------------------
                      0.000000    0.000000    0.000000   clock __VIRTUAL_CLK__ (rise edge)
                                  0.000000    0.000000   clock network delay (ideal)
                                  2.000000    2.000000 v input external delay
     1    0.002806    0.008647    0.004431    2.004431 v otrip[1] (in)
                                                         otrip[1] (net)
                      0.008647    0.000000    2.004431 v input2/A (sky130_fd_sc_hd__clkbuf_1)
     2    0.008465    0.055986    0.098388    2.102819 v input2/X (sky130_fd_sc_hd__clkbuf_1)
                                                         net2 (net)
                      0.055987    0.000124    2.102943 v fanout26/A (sky130_fd_sc_hd__buf_1)
     6    0.013204    0.082036    0.138627    2.241570 v fanout26/X (sky130_fd_sc_hd__buf_1)
                                                         net26 (net)
                      0.082036    0.000087    2.241657 v _11_/B (sky130_fd_sc_hd__and4b_1)
     1    0.001799    0.031791    0.176871    2.418528 v _11_/X (sky130_fd_sc_hd__and4b_1)
                                                         net7 (net)
                      0.031791    0.000008    2.418536 v output7/A (sky130_fd_sc_hd__buf_2)
     1    0.034904    0.090790    0.175950    2.594485 v output7/X (sky130_fd_sc_hd__buf_2)
                                                         otrip_decoded[11] (net)
                      0.090791    0.000222    2.594708 v otrip_decoded[11] (out)
                                              2.594708   data arrival time

                      0.000000    0.000000    0.000000   clock __VIRTUAL_CLK__ (rise edge)
                                  0.000000    0.000000   clock network delay (ideal)
                                  0.250000    0.250000   clock uncertainty
                                  0.000000    0.250000   clock reconvergence pessimism
                                 -2.000000   -1.750000   output external delay
                                             -1.750000   data required time
---------------------------------------------------------------------------------------------
                                             -1.750000   data required time
                                             -2.594708   data arrival time
---------------------------------------------------------------------------------------------
                                              4.344708   slack (MET)


Startpoint: otrip[2] (input port clocked by __VIRTUAL_CLK__)
Endpoint: otrip_decoded[14] (output port clocked by __VIRTUAL_CLK__)
Path Group: __VIRTUAL_CLK__
Path Type: min

Fanout         Cap        Slew       Delay        Time   Description
---------------------------------------------------------------------------------------------
                      0.000000    0.000000    0.000000   clock __VIRTUAL_CLK__ (rise edge)
                                  0.000000    0.000000   clock network delay (ideal)
                                  2.000000    2.000000 v input external delay
     1    0.002999    0.009096    0.004760    2.004760 v otrip[2] (in)
                                                         otrip[2] (net)
                      0.009096    0.000000    2.004760 v input3/A (sky130_fd_sc_hd__clkbuf_1)
     2    0.006695    0.047010    0.090588    2.095348 v input3/X (sky130_fd_sc_hd__clkbuf_1)
                                                         net3 (net)
                      0.047011    0.000097    2.095445 v fanout24/A (sky130_fd_sc_hd__buf_1)
     6    0.012991    0.080863    0.133753    2.229198 v fanout24/X (sky130_fd_sc_hd__buf_1)
                                                         net24 (net)
                      0.080863    0.000163    2.229362 v _14_/C (sky130_fd_sc_hd__and4b_1)
     1    0.002434    0.033721    0.193463    2.422825 v _14_/X (sky130_fd_sc_hd__and4b_1)
                                                         net10 (net)
                      0.033721    0.000028    2.422853 v output10/A (sky130_fd_sc_hd__buf_2)
     1    0.034040    0.088913    0.175181    2.598033 v output10/X (sky130_fd_sc_hd__buf_2)
                                                         otrip_decoded[14] (net)
                      0.088913    0.000200    2.598234 v otrip_decoded[14] (out)
                                              2.598234   data arrival time

                      0.000000    0.000000    0.000000   clock __VIRTUAL_CLK__ (rise edge)
                                  0.000000    0.000000   clock network delay (ideal)
                                  0.250000    0.250000   clock uncertainty
                                  0.000000    0.250000   clock reconvergence pessimism
                                 -2.000000   -1.750000   output external delay
                                             -1.750000   data required time
---------------------------------------------------------------------------------------------
                                             -1.750000   data required time
                                             -2.598234   data arrival time
---------------------------------------------------------------------------------------------
                                              4.348234   slack (MET)


Startpoint: otrip[1] (input port clocked by __VIRTUAL_CLK__)
Endpoint: otrip_decoded[7] (output port clocked by __VIRTUAL_CLK__)
Path Group: __VIRTUAL_CLK__
Path Type: min

Fanout         Cap        Slew       Delay        Time   Description
---------------------------------------------------------------------------------------------
                      0.000000    0.000000    0.000000   clock __VIRTUAL_CLK__ (rise edge)
                                  0.000000    0.000000   clock network delay (ideal)
                                  2.000000    2.000000 v input external delay
     1    0.002806    0.008647    0.004431    2.004431 v otrip[1] (in)
                                                         otrip[1] (net)
                      0.008647    0.000000    2.004431 v input2/A (sky130_fd_sc_hd__clkbuf_1)
     2    0.008465    0.055986    0.098388    2.102819 v input2/X (sky130_fd_sc_hd__clkbuf_1)
                                                         net2 (net)
                      0.055987    0.000124    2.102943 v fanout26/A (sky130_fd_sc_hd__buf_1)
     6    0.013204    0.082036    0.138627    2.241570 v fanout26/X (sky130_fd_sc_hd__buf_1)
                                                         net26 (net)
                      0.082036    0.000112    2.241682 v _07_/C (sky130_fd_sc_hd__and4b_1)
     1    0.002523    0.034131    0.194626    2.436308 v _07_/X (sky130_fd_sc_hd__and4b_1)
                                                         net18 (net)
                      0.034131    0.000027    2.436335 v output18/A (sky130_fd_sc_hd__buf_2)
     1    0.033910    0.088615    0.175143    2.611478 v output18/X (sky130_fd_sc_hd__buf_2)
                                                         otrip_decoded[7] (net)
                      0.088616    0.000166    2.611644 v otrip_decoded[7] (out)
                                              2.611644   data arrival time

                      0.000000    0.000000    0.000000   clock __VIRTUAL_CLK__ (rise edge)
                                  0.000000    0.000000   clock network delay (ideal)
                                  0.250000    0.250000   clock uncertainty
                                  0.000000    0.250000   clock reconvergence pessimism
                                 -2.000000   -1.750000   output external delay
                                             -1.750000   data required time
---------------------------------------------------------------------------------------------
                                             -1.750000   data required time
                                             -2.611644   data arrival time
---------------------------------------------------------------------------------------------
                                              4.361644   slack (MET)


Startpoint: otrip[3] (input port clocked by __VIRTUAL_CLK__)
Endpoint: otrip_decoded[9] (output port clocked by __VIRTUAL_CLK__)
Path Group: __VIRTUAL_CLK__
Path Type: min

Fanout         Cap        Slew       Delay        Time   Description
---------------------------------------------------------------------------------------------
                      0.000000    0.000000    0.000000   clock __VIRTUAL_CLK__ (rise edge)
                                  0.000000    0.000000   clock network delay (ideal)
                                  2.000000    2.000000 v input external delay
     1    0.002784    0.008598    0.004395    2.004395 v otrip[3] (in)
                                                         otrip[3] (net)
                      0.008598    0.000000    2.004395 v input4/A (sky130_fd_sc_hd__clkbuf_1)
     2    0.006496    0.045917    0.089513    2.093908 v input4/X (sky130_fd_sc_hd__clkbuf_1)
                                                         net4 (net)
                      0.045917    0.000044    2.093952 v fanout22/A (sky130_fd_sc_hd__buf_1)
     6    0.015175    0.092941    0.142356    2.236308 v fanout22/X (sky130_fd_sc_hd__buf_1)
                                                         net22 (net)
                      0.092941    0.000095    2.236403 v _09_/C (sky130_fd_sc_hd__and4bb_1)
     1    0.002292    0.032331    0.200173    2.436575 v _09_/X (sky130_fd_sc_hd__and4bb_1)
                                                         net20 (net)
                      0.032331    0.000022    2.436597 v output20/A (sky130_fd_sc_hd__buf_2)
     1    0.034191    0.089317    0.174746    2.611343 v output20/X (sky130_fd_sc_hd__buf_2)
                                                         otrip_decoded[9] (net)
                      0.089319    0.000348    2.611691 v otrip_decoded[9] (out)
                                              2.611691   data arrival time

                      0.000000    0.000000    0.000000   clock __VIRTUAL_CLK__ (rise edge)
                                  0.000000    0.000000   clock network delay (ideal)
                                  0.250000    0.250000   clock uncertainty
                                  0.000000    0.250000   clock reconvergence pessimism
                                 -2.000000   -1.750000   output external delay
                                             -1.750000   data required time
---------------------------------------------------------------------------------------------
                                             -1.750000   data required time
                                             -2.611691   data arrival time
---------------------------------------------------------------------------------------------
                                              4.361691   slack (MET)


Startpoint: otrip[2] (input port clocked by __VIRTUAL_CLK__)
Endpoint: otrip_decoded[5] (output port clocked by __VIRTUAL_CLK__)
Path Group: __VIRTUAL_CLK__
Path Type: min

Fanout         Cap        Slew       Delay        Time   Description
---------------------------------------------------------------------------------------------
                      0.000000    0.000000    0.000000   clock __VIRTUAL_CLK__ (rise edge)
                                  0.000000    0.000000   clock network delay (ideal)
                                  2.000000    2.000000 v input external delay
     1    0.002999    0.009096    0.004760    2.004760 v otrip[2] (in)
                                                         otrip[2] (net)
                      0.009096    0.000000    2.004760 v input3/A (sky130_fd_sc_hd__clkbuf_1)
     2    0.006695    0.047010    0.090588    2.095348 v input3/X (sky130_fd_sc_hd__clkbuf_1)
                                                         net3 (net)
                      0.047011    0.000089    2.095437 v fanout23/A (sky130_fd_sc_hd__clkbuf_2)
    10    0.027973    0.110224    0.171756    2.267193 v fanout23/X (sky130_fd_sc_hd__clkbuf_2)
                                                         net23 (net)
                      0.110235    0.000935    2.268127 v _05_/C (sky130_fd_sc_hd__and4bb_1)
     1    0.001851    0.030415    0.205004    2.473131 v _05_/X (sky130_fd_sc_hd__and4bb_1)
                                                         net16 (net)
                      0.030415    0.000016    2.473147 v output16/A (sky130_fd_sc_hd__buf_2)
     1    0.033965    0.088789    0.173595    2.646742 v output16/X (sky130_fd_sc_hd__buf_2)
                                                         otrip_decoded[5] (net)
                      0.088790    0.000227    2.646969 v otrip_decoded[5] (out)
                                              2.646969   data arrival time

                      0.000000    0.000000    0.000000   clock __VIRTUAL_CLK__ (rise edge)
                                  0.000000    0.000000   clock network delay (ideal)
                                  0.250000    0.250000   clock uncertainty
                                  0.000000    0.250000   clock reconvergence pessimism
                                 -2.000000   -1.750000   output external delay
                                             -1.750000   data required time
---------------------------------------------------------------------------------------------
                                             -1.750000   data required time
                                             -2.646969   data arrival time
---------------------------------------------------------------------------------------------
                                              4.396969   slack (MET)


Startpoint: otrip[1] (input port clocked by __VIRTUAL_CLK__)
Endpoint: otrip_decoded[6] (output port clocked by __VIRTUAL_CLK__)
Path Group: __VIRTUAL_CLK__
Path Type: min

Fanout         Cap        Slew       Delay        Time   Description
---------------------------------------------------------------------------------------------
                      0.000000    0.000000    0.000000   clock __VIRTUAL_CLK__ (rise edge)
                                  0.000000    0.000000   clock network delay (ideal)
                                  2.000000    2.000000 v input external delay
     1    0.002806    0.008647    0.004431    2.004431 v otrip[1] (in)
                                                         otrip[1] (net)
                      0.008647    0.000000    2.004431 v input2/A (sky130_fd_sc_hd__clkbuf_1)
     2    0.008465    0.055986    0.098388    2.102819 v input2/X (sky130_fd_sc_hd__clkbuf_1)
                                                         net2 (net)
                      0.055986    0.000074    2.102893 v fanout25/A (sky130_fd_sc_hd__clkbuf_2)
    10    0.025481    0.101230    0.169167    2.272059 v fanout25/X (sky130_fd_sc_hd__clkbuf_2)
                                                         net25 (net)
                      0.101231    0.000328    2.272387 v _06_/C (sky130_fd_sc_hd__and4bb_1)
     1    0.002143    0.031671    0.202927    2.475314 v _06_/X (sky130_fd_sc_hd__and4bb_1)
                                                         net17 (net)
                      0.031671    0.000020    2.475334 v output17/A (sky130_fd_sc_hd__buf_2)
     1    0.034345    0.089626    0.174795    2.650129 v output17/X (sky130_fd_sc_hd__buf_2)
                                                         otrip_decoded[6] (net)
                      0.089628    0.000293    2.650421 v otrip_decoded[6] (out)
                                              2.650421   data arrival time

                      0.000000    0.000000    0.000000   clock __VIRTUAL_CLK__ (rise edge)
                                  0.000000    0.000000   clock network delay (ideal)
                                  0.250000    0.250000   clock uncertainty
                                  0.000000    0.250000   clock reconvergence pessimism
                                 -2.000000   -1.750000   output external delay
                                             -1.750000   data required time
---------------------------------------------------------------------------------------------
                                             -1.750000   data required time
                                             -2.650421   data arrival time
---------------------------------------------------------------------------------------------
                                              4.400422   slack (MET)


Startpoint: otrip[1] (input port clocked by __VIRTUAL_CLK__)
Endpoint: otrip_decoded[3] (output port clocked by __VIRTUAL_CLK__)
Path Group: __VIRTUAL_CLK__
Path Type: min

Fanout         Cap        Slew       Delay        Time   Description
---------------------------------------------------------------------------------------------
                      0.000000    0.000000    0.000000   clock __VIRTUAL_CLK__ (rise edge)
                                  0.000000    0.000000   clock network delay (ideal)
                                  2.000000    2.000000 v input external delay
     1    0.002806    0.008647    0.004431    2.004431 v otrip[1] (in)
                                                         otrip[1] (net)
                      0.008647    0.000000    2.004431 v input2/A (sky130_fd_sc_hd__clkbuf_1)
     2    0.008465    0.055986    0.098388    2.102819 v input2/X (sky130_fd_sc_hd__clkbuf_1)
                                                         net2 (net)
                      0.055986    0.000074    2.102893 v fanout25/A (sky130_fd_sc_hd__clkbuf_2)
    10    0.025481    0.101230    0.169167    2.272059 v fanout25/X (sky130_fd_sc_hd__clkbuf_2)
                                                         net25 (net)
                      0.101231    0.000296    2.272356 v _03_/C (sky130_fd_sc_hd__and4bb_1)
     1    0.002443    0.032998    0.205042    2.477397 v _03_/X (sky130_fd_sc_hd__and4bb_1)
                                                         net14 (net)
                      0.032998    0.000024    2.477421 v output14/A (sky130_fd_sc_hd__buf_2)
     1    0.034078    0.089003    0.174936    2.652358 v output14/X (sky130_fd_sc_hd__buf_2)
                                                         otrip_decoded[3] (net)
                      0.089004    0.000207    2.652564 v otrip_decoded[3] (out)
                                              2.652564   data arrival time

                      0.000000    0.000000    0.000000   clock __VIRTUAL_CLK__ (rise edge)
                                  0.000000    0.000000   clock network delay (ideal)
                                  0.250000    0.250000   clock uncertainty
                                  0.000000    0.250000   clock reconvergence pessimism
                                 -2.000000   -1.750000   output external delay
                                             -1.750000   data required time
---------------------------------------------------------------------------------------------
                                             -1.750000   data required time
                                             -2.652564   data arrival time
---------------------------------------------------------------------------------------------
                                              4.402564   slack (MET)


Startpoint: otrip[1] (input port clocked by __VIRTUAL_CLK__)
Endpoint: otrip_decoded[10] (output port clocked by __VIRTUAL_CLK__)
Path Group: __VIRTUAL_CLK__
Path Type: min

Fanout         Cap        Slew       Delay        Time   Description
---------------------------------------------------------------------------------------------
                      0.000000    0.000000    0.000000   clock __VIRTUAL_CLK__ (rise edge)
                                  0.000000    0.000000   clock network delay (ideal)
                                  2.000000    2.000000 v input external delay
     1    0.002806    0.008647    0.004431    2.004431 v otrip[1] (in)
                                                         otrip[1] (net)
                      0.008647    0.000000    2.004431 v input2/A (sky130_fd_sc_hd__clkbuf_1)
     2    0.008465    0.055986    0.098388    2.102819 v input2/X (sky130_fd_sc_hd__clkbuf_1)
                                                         net2 (net)
                      0.055986    0.000074    2.102893 v fanout25/A (sky130_fd_sc_hd__clkbuf_2)
    10    0.025481    0.101230    0.169167    2.272059 v fanout25/X (sky130_fd_sc_hd__clkbuf_2)
                                                         net25 (net)
                      0.101231    0.000350    2.272410 v _10_/C (sky130_fd_sc_hd__and4bb_1)
     1    0.002474    0.033148    0.205256    2.477666 v _10_/X (sky130_fd_sc_hd__and4bb_1)
                                                         net6 (net)
                      0.033148    0.000027    2.477693 v output6/A (sky130_fd_sc_hd__buf_2)
     1    0.034045    0.088929    0.174945    2.652638 v output6/X (sky130_fd_sc_hd__buf_2)
                                                         otrip_decoded[10] (net)
                      0.088930    0.000200    2.652838 v otrip_decoded[10] (out)
                                              2.652838   data arrival time

                      0.000000    0.000000    0.000000   clock __VIRTUAL_CLK__ (rise edge)
                                  0.000000    0.000000   clock network delay (ideal)
                                  0.250000    0.250000   clock uncertainty
                                  0.000000    0.250000   clock reconvergence pessimism
                                 -2.000000   -1.750000   output external delay
                                             -1.750000   data required time
---------------------------------------------------------------------------------------------
                                             -1.750000   data required time
                                             -2.652838   data arrival time
---------------------------------------------------------------------------------------------
                                              4.402838   slack (MET)


Startpoint: otrip[2] (input port clocked by __VIRTUAL_CLK__)
Endpoint: otrip_decoded[12] (output port clocked by __VIRTUAL_CLK__)
Path Group: __VIRTUAL_CLK__
Path Type: min

Fanout         Cap        Slew       Delay        Time   Description
---------------------------------------------------------------------------------------------
                      0.000000    0.000000    0.000000   clock __VIRTUAL_CLK__ (rise edge)
                                  0.000000    0.000000   clock network delay (ideal)
                                  2.000000    2.000000 v input external delay
     1    0.002999    0.009096    0.004760    2.004760 v otrip[2] (in)
                                                         otrip[2] (net)
                      0.009096    0.000000    2.004760 v input3/A (sky130_fd_sc_hd__clkbuf_1)
     2    0.006695    0.047010    0.090588    2.095348 v input3/X (sky130_fd_sc_hd__clkbuf_1)
                                                         net3 (net)
                      0.047011    0.000089    2.095437 v fanout23/A (sky130_fd_sc_hd__clkbuf_2)
    10    0.027973    0.110224    0.171756    2.267193 v fanout23/X (sky130_fd_sc_hd__clkbuf_2)
                                                         net23 (net)
                      0.110235    0.000927    2.268120 v _12_/C (sky130_fd_sc_hd__and4bb_1)
     1    0.002637    0.033938    0.210534    2.478653 v _12_/X (sky130_fd_sc_hd__and4bb_1)
                                                         net8 (net)
                      0.033938    0.000031    2.478684 v output8/A (sky130_fd_sc_hd__buf_2)
     1    0.034110    0.089081    0.175371    2.654055 v output8/X (sky130_fd_sc_hd__buf_2)
                                                         otrip_decoded[12] (net)
                      0.089082    0.000243    2.654298 v otrip_decoded[12] (out)
                                              2.654298   data arrival time

                      0.000000    0.000000    0.000000   clock __VIRTUAL_CLK__ (rise edge)
                                  0.000000    0.000000   clock network delay (ideal)
                                  0.250000    0.250000   clock uncertainty
                                  0.000000    0.250000   clock reconvergence pessimism
                                 -2.000000   -1.750000   output external delay
                                             -1.750000   data required time
---------------------------------------------------------------------------------------------
                                             -1.750000   data required time
                                             -2.654298   data arrival time
---------------------------------------------------------------------------------------------
                                              4.404297   slack (MET)



