
===========================================================================
report_checks -unconstrained
===========================================================================
======================= nom_ff_n40C_1v95 Corner ===================================

Startpoint: otrip[1] (input port clocked by __VIRTUAL_CLK__)
Endpoint: otrip_decoded[2] (output port clocked by __VIRTUAL_CLK__)
Path Group: __VIRTUAL_CLK__
Path Type: max

Fanout         Cap        Slew       Delay        Time   Description
---------------------------------------------------------------------------------------------
                      0.000000    0.000000    0.000000   clock __VIRTUAL_CLK__ (rise edge)
                                  0.000000    0.000000   clock network delay (ideal)
                                  2.000000    2.000000 ^ input external delay
     1    0.003102    0.014998    0.008033    2.008033 ^ otrip[1] (in)
                                                         otrip[1] (net)
                      0.014999    0.000000    2.008033 ^ input2/A (sky130_fd_sc_hd__clkbuf_1)
     2    0.009523    0.088507    0.087380    2.095413 ^ input2/X (sky130_fd_sc_hd__clkbuf_1)
                                                         net2 (net)
                      0.088508    0.000223    2.095637 ^ fanout25/A (sky130_fd_sc_hd__clkbuf_2)
    10    0.028599    0.122354    0.144674    2.240310 ^ fanout25/X (sky130_fd_sc_hd__clkbuf_2)
                                                         net25 (net)
                      0.122357    0.000477    2.240787 ^ _02_/D_N (sky130_fd_sc_hd__nor4b_1)
     1    0.002156    0.144787    0.136103    2.376889 ^ _02_/Y (sky130_fd_sc_hd__nor4b_1)
                                                         net13 (net)
                      0.144787    0.000061    2.376951 ^ output13/A (sky130_fd_sc_hd__buf_2)
     1    0.034394    0.128741    0.162393    2.539344 ^ output13/X (sky130_fd_sc_hd__buf_2)
                                                         otrip_decoded[2] (net)
                      0.128747    0.000748    2.540091 ^ otrip_decoded[2] (out)
                                              2.540091   data arrival time

                      0.000000   10.000000   10.000000   clock __VIRTUAL_CLK__ (rise edge)
                                  0.000000   10.000000   clock network delay (ideal)
                                 -0.250000    9.750000   clock uncertainty
                                  0.000000    9.750000   clock reconvergence pessimism
                                 -2.000000    7.750000   output external delay
                                              7.750000   data required time
---------------------------------------------------------------------------------------------
                                              7.750000   data required time
                                             -2.540091   data arrival time
---------------------------------------------------------------------------------------------
                                              5.209908   slack (MET)




===========================================================================
report_checks --slack_max -0.01
============================================================================
======================= nom_ff_n40C_1v95 Corner ===================================

No paths found.


===========================================================================
 report_check_types -max_slew -max_cap -max_fanout -violators
============================================================================
======================= nom_ff_n40C_1v95 Corner ===================================



===========================================================================
report_parasitic_annotation -report_unannotated
============================================================================
Found 0 unannotated drivers.
Found 0 partially unannotated drivers.

===========================================================================
max slew violation count 0
max fanout violation count 0
max cap violation count 0
============================================================================

===========================================================================
check_setup -verbose -unconstrained_endpoints -multiple_clock -no_clock -no_input_delay -loops -generated_clocks
===========================================================================
